[0.020s] Invoking command in '/home/williamfbx/Lunar-ROADSTER/lr_ws/build/mapping': CMAKE_PREFIX_PATH=${CMAKE_PREFIX_PATH}:/opt/ros/humble /usr/bin/cmake --build /home/williamfbx/Lunar-ROADSTER/lr_ws/build/mapping -- -j12 -l12
[0.067s] [35m[1mConsolidate compiler generated dependencies of target global_mapping_node[0m
[0.099s] [ 25%] Built target pc_handler_node
[0.104s] [ 58%] Built target local_mapping_node
[0.127s] [ 66%] [32mBuilding CXX object CMakeFiles/global_mapping_node.dir/src/global_mapping.cpp.o[0m
[4.001s] [01m[K/home/williamfbx/Lunar-ROADSTER/lr_ws/src/mapping/src/global_mapping.cpp:[m[K In member function â€˜[01m[Kvoid WorldModel::fuseMap(sensor_msgs::msg::PointCloud2_<std::allocator<void> >::SharedPtr)[m[Kâ€™:
[4.001s] [01m[K/home/williamfbx/Lunar-ROADSTER/lr_ws/src/mapping/src/global_mapping.cpp:112:5:[m[K [01;31m[Kerror: [m[Kâ€˜[01m[Kcropped_cloud_local_map[m[Kâ€™ was not declared in this scope
[4.001s]   112 |     [01;31m[Kcropped_cloud_local_map[m[K = msg;
[4.001s]       |     [01;31m[K^~~~~~~~~~~~~~~~~~~~~~~[m[K
[6.706s] gmake[2]: *** [CMakeFiles/global_mapping_node.dir/build.make:90: CMakeFiles/global_mapping_node.dir/src/global_mapping.cpp.o] Error 1
[6.707s] gmake[1]: *** [CMakeFiles/Makefile2:141: CMakeFiles/global_mapping_node.dir/all] Error 2
[6.707s] gmake: *** [Makefile:146: all] Error 2
[6.709s] Invoked command in '/home/williamfbx/Lunar-ROADSTER/lr_ws/build/mapping' returned '2': CMAKE_PREFIX_PATH=${CMAKE_PREFIX_PATH}:/opt/ros/humble /usr/bin/cmake --build /home/williamfbx/Lunar-ROADSTER/lr_ws/build/mapping -- -j12 -l12
