-- Found ament_cmake: 1.3.11 (/opt/ros/humble/share/ament_cmake/cmake)
-- Found rclcpp: 16.0.11 (/opt/ros/humble/share/rclcpp/cmake)
-- Found rosidl_generator_c: 3.1.6 (/opt/ros/humble/share/rosidl_generator_c/cmake)
-- Found rosidl_adapter: 3.1.6 (/opt/ros/humble/share/rosidl_adapter/cmake)
-- Found rosidl_generator_cpp: 3.1.6 (/opt/ros/humble/share/rosidl_generator_cpp/cmake)
-- Using all available rosidl_typesupport_c: rosidl_typesupport_fastrtps_c;rosidl_typesupport_introspection_c
-- Using all available rosidl_typesupport_cpp: rosidl_typesupport_fastrtps_cpp;rosidl_typesupport_introspection_cpp
-- Found rmw_implementation_cmake: 6.1.2 (/opt/ros/humble/share/rmw_implementation_cmake/cmake)
-- Found rmw_fastrtps_cpp: 6.2.7 (/opt/ros/humble/share/rmw_fastrtps_cpp/cmake)
-- Using RMW implementation 'rmw_fastrtps_cpp' as default
-- Found cg_msgs: 0.0.0 (/home/williamfbx/Lunar-ROADSTER/lr_ws/install/cg_msgs/share/cg_msgs/cmake)
-- Found mapping: 0.0.0 (/home/williamfbx/Lunar-ROADSTER/lr_ws/install/mapping/share/mapping/cmake)
-- Found nav_msgs: 4.2.4 (/opt/ros/humble/share/nav_msgs/cmake)
-- Found tf2_ros: 0.25.12 (/opt/ros/humble/share/tf2_ros/cmake)
-- Configuring done
-- Generating done
-- Build files have been written to: /home/williamfbx/Lunar-ROADSTER/lr_ws/build/planning
[35m[1mConsolidate compiler generated dependencies of target behavior_executive_node[0m
[ 30%] [32mBuilding CXX object CMakeFiles/behavior_executive_node.dir/src/fsm/update_map.cpp.o[0m
[ 30%] [32mBuilding CXX object CMakeFiles/behavior_executive_node.dir/src/fsm/site_work_done.cpp.o[0m
[ 30%] [32mBuilding CXX object CMakeFiles/behavior_executive_node.dir/src/behavior_executive_node.cpp.o[0m
[ 40%] [32mBuilding CXX object CMakeFiles/behavior_executive_node.dir/src/fsm/get_transport_goals.cpp.o[0m
[ 50%] [32mBuilding CXX object CMakeFiles/behavior_executive_node.dir/src/behavior_executive_main.cpp.o[0m
[ 60%] [32mBuilding CXX object CMakeFiles/behavior_executive_node.dir/src/fsm/ready.cpp.o[0m
[ 70%] [32mBuilding CXX object CMakeFiles/behavior_executive_node.dir/src/fsm/map_explored.cpp.o[0m
In file included from [01m[K/home/williamfbx/Lunar-ROADSTER/lr_ws/src/planning/src/fsm/get_transport_goals.cpp:1[m[K:
[01m[K/home/williamfbx/Lunar-ROADSTER/lr_ws/src/planning/include/planning/fsm/get_transport_goals.hpp:5:10:[m[K [01;31m[Kfatal error: [m[Kplanning/transport_planner.hpp: No such file or directory
    5 | #include [01;31m[K<planning/transport_planner.hpp>[m[K
      |          [01;31m[K^~~~~~~~~~~~~~~~~~~~~~~~~~~~~~~~[m[K
compilation terminated.
gmake[2]: *** [CMakeFiles/behavior_executive_node.dir/build.make:188: CMakeFiles/behavior_executive_node.dir/src/fsm/get_transport_goals.cpp.o] Error 1
gmake[2]: *** Waiting for unfinished jobs....
In file included from [01m[K/home/williamfbx/Lunar-ROADSTER/lr_ws/src/planning/include/planning/behavior_executive_node.hpp:20[m[K,
                 from [01m[K/home/williamfbx/Lunar-ROADSTER/lr_ws/src/planning/src/behavior_executive_node.cpp:1[m[K:
[01m[K/home/williamfbx/Lunar-ROADSTER/lr_ws/src/planning/include/planning/fsm/get_transport_goals.hpp:5:10:[m[K [01;31m[Kfatal error: [m[Kplanning/transport_planner.hpp: No such file or directory
    5 | #include [01;31m[K<planning/transport_planner.hpp>[m[K
      |          [01;31m[K^~~~~~~~~~~~~~~~~~~~~~~~~~~~~~~~[m[K
compilation terminated.
gmake[2]: *** [CMakeFiles/behavior_executive_node.dir/build.make:90: CMakeFiles/behavior_executive_node.dir/src/behavior_executive_node.cpp.o] Error 1
In file included from [01m[K/home/williamfbx/Lunar-ROADSTER/lr_ws/src/planning/include/planning/behavior_executive_node.hpp:20[m[K,
                 from [01m[K/home/williamfbx/Lunar-ROADSTER/lr_ws/src/planning/src/behavior_executive_main.cpp:2[m[K:
[01m[K/home/williamfbx/Lunar-ROADSTER/lr_ws/src/planning/include/planning/fsm/get_transport_goals.hpp:5:10:[m[K [01;31m[Kfatal error: [m[Kplanning/transport_planner.hpp: No such file or directory
    5 | #include [01;31m[K<planning/transport_planner.hpp>[m[K
      |          [01;31m[K^~~~~~~~~~~~~~~~~~~~~~~~~~~~~~~~[m[K
compilation terminated.
gmake[2]: *** [CMakeFiles/behavior_executive_node.dir/build.make:76: CMakeFiles/behavior_executive_node.dir/src/behavior_executive_main.cpp.o] Error 1
gmake[1]: *** [CMakeFiles/Makefile2:137: CMakeFiles/behavior_executive_node.dir/all] Error 2
gmake: *** [Makefile:146: all] Error 2
