[35m[1mConsolidate compiler generated dependencies of target behavior_executive_node[0m
[  5%] [32mBuilding CXX object CMakeFiles/behavior_executive_node.dir/src/transport_planner.cpp.o[0m
[01m[K/root/Lunar_ROADSTER/lr_ws/src/planning/src/transport_planner.cpp:[m[K In member function â€˜[01m[Kvoid cg::planning::TransportPlanner::makeGoalsFromAssignment(const std::vector<cg::planning::TransportAssignment>&, size_t, std::vector<cg_msgs::msg::Pose2D_<std::allocator<void> >, std::allocator<cg_msgs::msg::Pose2D_<std::allocator<void> > > >&, std::vector<std::__cxx11::basic_string<char> >&)[m[Kâ€™:
[01m[K/root/Lunar_ROADSTER/lr_ws/src/planning/src/transport_planner.cpp:82:3:[m[K [01;31m[Kerror: [m[Kexpected â€˜[01m[K,[m[Kâ€™ or â€˜[01m[K;[m[Kâ€™ before â€˜[01m[Kdouble[m[Kâ€™
   82 |   [01;31m[Kdouble[m[K new_sink_x = source_pose.pt.x - new_sink_offset * std::cos(yaw);
      |   [01;31m[K^~~~~~[m[K
[01m[K/root/Lunar_ROADSTER/lr_ws/src/planning/src/transport_planner.cpp:84:71:[m[K [01;31m[Kerror: [m[Kâ€˜[01m[Knew_sink_x[m[Kâ€™ was not declared in this scope; did you mean â€˜[01m[Knew_sink_y[m[Kâ€™?
   84 |   cg_msgs::msg::Pose2D sink_backblading = cg::planning::create_pose2d([01;31m[Knew_sink_x[m[K, new_sink_y, yaw);
      |                                                                       [01;31m[K^~~~~~~~~~[m[K
      |                                                                       [32m[Knew_sink_y[m[K
[01m[K/root/Lunar_ROADSTER/lr_ws/src/planning/src/transport_planner.cpp:[m[K In member function â€˜[01m[Kfloat cg::planning::TransportPlanner::solveToyProblem()[m[Kâ€™:
[01m[K/root/Lunar_ROADSTER/lr_ws/src/planning/src/transport_planner.cpp:576:8:[m[K [01;35m[Kwarning: [m[Kunused variable â€˜[01m[Kverbose[m[Kâ€™ [[01;35m[K-Wunused-variable[m[K]
  576 |   bool [01;35m[Kverbose[m[K = false;
      |        [01;35m[K^~~~~~~[m[K
gmake[2]: *** [CMakeFiles/behavior_executive_node.dir/build.make:272: CMakeFiles/behavior_executive_node.dir/src/transport_planner.cpp.o] Error 1
gmake[1]: *** [CMakeFiles/Makefile2:137: CMakeFiles/behavior_executive_node.dir/all] Error 2
gmake: *** [Makefile:146: all] Error 2
