In file included from [01m[K/opt/ros/humble/include/rclcpp/rclcpp/client.hpp:40[m[K,
                 from [01m[K/opt/ros/humble/include/rclcpp/rclcpp/callback_group.hpp:24[m[K,
                 from [01m[K/opt/ros/humble/include/rclcpp/rclcpp/any_executable.hpp:20[m[K,
                 from [01m[K/opt/ros/humble/include/rclcpp/rclcpp/memory_strategy.hpp:25[m[K,
                 from [01m[K/opt/ros/humble/include/rclcpp/rclcpp/memory_strategies.hpp:18[m[K,
                 from [01m[K/opt/ros/humble/include/rclcpp/rclcpp/executor_options.hpp:20[m[K,
                 from [01m[K/opt/ros/humble/include/rclcpp/rclcpp/executor.hpp:37[m[K,
                 from [01m[K/opt/ros/humble/include/rclcpp/rclcpp/executors/multi_threaded_executor.hpp:25[m[K,
                 from [01m[K/opt/ros/humble/include/rclcpp/rclcpp/executors.hpp:21[m[K,
                 from [01m[K/opt/ros/humble/include/rclcpp/rclcpp/rclcpp.hpp:155[m[K,
                 from [01m[K/home/williamfbx/Lunar-ROADSTER/lr_ws/src/planning/include/planning/behavior_executive_node.hpp:4[m[K,
                 from [01m[K/home/williamfbx/Lunar-ROADSTER/lr_ws/src/planning/src/behavior_executive_node.cpp:1[m[K:
[01m[K/home/williamfbx/Lunar-ROADSTER/lr_ws/src/planning/src/behavior_executive_node.cpp:[m[K In constructor â€˜[01m[Kcg::planning::BehaviorExecutive::BehaviorExecutive()[m[Kâ€™:
[01m[K/home/williamfbx/Lunar-ROADSTER/lr_ws/src/planning/src/behavior_executive_node.cpp:8:17:[m[K [01;31m[Kerror: [m[Kâ€˜[01m[Kclient_node[m[Kâ€™ was not declared in this scope
    8 |     RCLCPP_INFO([01;31m[Kclient_node[m[K->get_logger(), "Hihihihi");
      |                 [01;31m[K^~~~~~~~~~~[m[K
[01m[K/home/williamfbx/Lunar-ROADSTER/lr_ws/src/planning/src/behavior_executive_node.cpp:8:5:[m[K [01;31m[Kerror: [m[Ktemplate argument 1 is invalid
    8 |     [01;31m[KRCLCPP_INFO[m[K(client_node->get_logger(), "Hihihihi");
      |     [01;31m[K^~~~~~~~~~~[m[K
[01m[K/home/williamfbx/Lunar-ROADSTER/lr_ws/src/planning/src/behavior_executive_node.cpp:8:5:[m[K [01;31m[Kerror: [m[Ktemplate argument 1 is invalid
    8 |     [01;31m[KRCLCPP_INFO[m[K(client_node->get_logger(), "Hihihihi");
      |     [01;31m[K^~~~~~~~~~~[m[K
[01m[K/home/williamfbx/Lunar-ROADSTER/lr_ws/src/planning/src/behavior_executive_node.cpp:8:5:[m[K [01;31m[Kerror: [m[Ktemplate argument 1 is invalid
    8 |     [01;31m[KRCLCPP_INFO[m[K(client_node->get_logger(), "Hihihihi");
      |     [01;31m[K^~~~~~~~~~~[m[K
gmake[2]: *** [CMakeFiles/behavior_executive_node.dir/build.make:90: CMakeFiles/behavior_executive_node.dir/src/behavior_executive_node.cpp.o] Error 1
gmake[2]: *** Waiting for unfinished jobs....
gmake[1]: *** [CMakeFiles/Makefile2:137: CMakeFiles/behavior_executive_node.dir/all] Error 2
gmake: *** [Makefile:146: all] Error 2
