[01m[K/root/Lunar_ROADSTER/lr_ws/src/planning/src/behavior_executive_node.cpp:1:2:[m[K [01;31m[Kerror: [m[Kstray â€˜[01m[K#[m[Kâ€™ in program
    1 | x[01;31m[K#[m[Kinclude "planning/behavior_executive_node.hpp"
      |  [01;31m[K^[m[K
[01m[K/root/Lunar_ROADSTER/lr_ws/src/planning/src/behavior_executive_node.cpp:1:1:[m[K [01;31m[Kerror: [m[Kâ€˜[01m[Kx[m[Kâ€™ does not name a type
    1 | [01;31m[Kx[m[K#include "planning/behavior_executive_node.hpp"
      | [01;31m[K^[m[K
gmake[2]: *** [CMakeFiles/behavior_executive_node.dir/build.make:90: CMakeFiles/behavior_executive_node.dir/src/behavior_executive_node.cpp.o] Error 1
gmake[1]: *** [CMakeFiles/Makefile2:137: CMakeFiles/behavior_executive_node.dir/all] Error 2
gmake: *** [Makefile:146: all] Error 2
