[0.026s] Invoking command in '/home/williamfbx/Lunar-ROADSTER/lr_ws/build/planning': CMAKE_PREFIX_PATH=/home/williamfbx/Lunar-ROADSTER/lr_ws/install/mapping:/home/williamfbx/Lunar-ROADSTER/lr_ws/install/cg_msgs:/home/williamfbx/Lunar-ROADSTER/lr_ws/install/vectornav:/home/williamfbx/Lunar-ROADSTER/lr_ws/install/vectornav_msgs:/home/williamfbx/Lunar-ROADSTER/lr_ws/install/teleop:/home/williamfbx/Lunar-ROADSTER/lr_ws/install/sensing:/home/williamfbx/Lunar-ROADSTER/lr_ws/install/realsense2_description:/home/williamfbx/Lunar-ROADSTER/lr_ws/install/realsense2_camera:/home/williamfbx/Lunar-ROADSTER/lr_ws/install/realsense2_camera_msgs:/home/williamfbx/Lunar-ROADSTER/lr_ws/install/realsense:/home/williamfbx/Lunar-ROADSTER/lr_ws/install/planning:/home/williamfbx/Lunar-ROADSTER/lr_ws/install/motion_control:/home/williamfbx/Lunar-ROADSTER/lr_ws/install/localization:/home/williamfbx/Lunar-ROADSTER/lr_ws/install/imu:/home/williamfbx/Lunar-ROADSTER/lr_ws/install/arduino:/opt/ros/humble LD_LIBRARY_PATH=/home/williamfbx/Lunar-ROADSTER/lr_ws/install/cg_msgs/lib:/home/williamfbx/Lunar-ROADSTER/lr_ws/install/vectornav/lib:/home/williamfbx/Lunar-ROADSTER/lr_ws/install/vectornav_msgs/lib:/home/williamfbx/Lunar-ROADSTER/lr_ws/install/realsense2_camera/lib:/home/williamfbx/Lunar-ROADSTER/lr_ws/install/realsense2_camera_msgs/lib:/usr/lib/x86_64-linux-gnu/gazebo-11/plugins:/opt/ros/humble/opt/rviz_ogre_vendor/lib:/opt/ros/humble/lib/x86_64-linux-gnu:/opt/ros/humble/lib /usr/bin/cmake --build /home/williamfbx/Lunar-ROADSTER/lr_ws/build/planning -- -j12 -l12
[0.050s] -- Found ament_cmake: 1.3.11 (/opt/ros/humble/share/ament_cmake/cmake)
[0.166s] -- Found rclcpp: 16.0.11 (/opt/ros/humble/share/rclcpp/cmake)
[0.185s] -- Found rosidl_generator_c: 3.1.6 (/opt/ros/humble/share/rosidl_generator_c/cmake)
[0.186s] -- Found rosidl_adapter: 3.1.6 (/opt/ros/humble/share/rosidl_adapter/cmake)
[0.190s] -- Found rosidl_generator_cpp: 3.1.6 (/opt/ros/humble/share/rosidl_generator_cpp/cmake)
[0.196s] -- Using all available rosidl_typesupport_c: rosidl_typesupport_fastrtps_c;rosidl_typesupport_introspection_c
[0.204s] -- Using all available rosidl_typesupport_cpp: rosidl_typesupport_fastrtps_cpp;rosidl_typesupport_introspection_cpp
[0.224s] -- Found rmw_implementation_cmake: 6.1.2 (/opt/ros/humble/share/rmw_implementation_cmake/cmake)
[0.226s] -- Found rmw_fastrtps_cpp: 6.2.7 (/opt/ros/humble/share/rmw_fastrtps_cpp/cmake)
[0.310s] -- Using RMW implementation 'rmw_fastrtps_cpp' as default
[0.341s] -- Found cg_msgs: 0.0.0 (/home/williamfbx/Lunar-ROADSTER/lr_ws/install/cg_msgs/share/cg_msgs/cmake)
[0.350s] -- Found mapping: 0.0.0 (/home/williamfbx/Lunar-ROADSTER/lr_ws/install/mapping/share/mapping/cmake)
[0.350s] -- Found nav_msgs: 4.2.4 (/opt/ros/humble/share/nav_msgs/cmake)
[0.368s] -- Found tf2_ros: 0.25.12 (/opt/ros/humble/share/tf2_ros/cmake)
[0.466s] -- Configuring done
[0.474s] -- Generating done
[0.477s] -- Build files have been written to: /home/williamfbx/Lunar-ROADSTER/lr_ws/build/planning
[0.511s] [35m[1mConsolidate compiler generated dependencies of target behavior_executive_node[0m
[0.537s] [ 13%] [32mBuilding CXX object CMakeFiles/behavior_executive_node.dir/src/fsm/following_trajectory.cpp.o[0m
[0.537s] [ 13%] [32mBuilding CXX object CMakeFiles/behavior_executive_node.dir/src/behavior_executive_main.cpp.o[0m
[0.539s] [ 20%] [32mBuilding CXX object CMakeFiles/behavior_executive_node.dir/src/behavior_executive_node.cpp.o[0m
[0.942s] [01m[K/home/williamfbx/Lunar-ROADSTER/lr_ws/src/planning/src/fsm/following_trajectory.cpp:[m[K In member function â€˜[01m[Kbool cg::planning::FollowingTrajectory::runState()[m[Kâ€™:
[0.943s] [01m[K/home/williamfbx/Lunar-ROADSTER/lr_ws/src/planning/src/fsm/following_trajectory.cpp:13:1:[m[K [01;35m[Kwarning: [m[Kno return statement in function returning non-void [[01;35m[K]8;;https://gcc.gnu.org/onlinedocs/gcc/Warning-Options.html#index-Wreturn-type-Wreturn-type]8;;[m[K]
[0.943s]    13 | [01;35m[K}[m[K
[0.943s]       | [01;35m[K^[m[K
[2.467s] [01m[K/home/williamfbx/Lunar-ROADSTER/lr_ws/src/planning/src/behavior_executive_node.cpp:[m[K In member function â€˜[01m[Kvoid cg::planning::BehaviorExecutive::fsmTimerCallback()[m[Kâ€™:
[2.467s] [01m[K/home/williamfbx/Lunar-ROADSTER/lr_ws/src/planning/src/behavior_executive_node.cpp:152:58:[m[K [01;31m[Kerror: [m[Kâ€˜[01m[Kcurrent_agent_pose_[m[Kâ€™ was not declared in this scope; did you mean â€˜[01m[Kcurrent_goal_pose_[m[Kâ€™?
[2.467s]   152 |     bool keep_following = following_trajectory_.runState([01;31m[Kcurrent_agent_pose_[m[K, current_goal_pose_, thresh_pos_, thresh_head_, thresh_euclidean_replan_, current_trajectory_, global_robot_state_, global_robot_pose_);
[2.467s]       |                                                          [01;31m[K^~~~~~~~~~~~~~~~~~~[m[K
[2.467s]       |                                                          [32m[Kcurrent_goal_pose_[m[K
[2.472s] [01m[K/home/williamfbx/Lunar-ROADSTER/lr_ws/src/planning/src/behavior_executive_node.cpp:152:99:[m[K [01;31m[Kerror: [m[Kâ€˜[01m[Kthresh_pos_[m[Kâ€™ was not declared in this scope
[2.472s]   152 |     bool keep_following = following_trajectory_.runState(current_agent_pose_, current_goal_pose_, [01;31m[Kthresh_pos_[m[K, thresh_head_, thresh_euclidean_replan_, current_trajectory_, global_robot_state_, global_robot_pose_);
[2.472s]       |                                                                                                   [01;31m[K^~~~~~~~~~~[m[K
[2.478s] [01m[K/home/williamfbx/Lunar-ROADSTER/lr_ws/src/planning/src/behavior_executive_node.cpp:152:112:[m[K [01;31m[Kerror: [m[Kâ€˜[01m[Kthresh_head_[m[Kâ€™ was not declared in this scope
[2.478s]   152 |     bool keep_following = following_trajectory_.runState(current_agent_pose_, current_goal_pose_, thresh_pos_, [01;31m[Kthresh_head_[m[K, thresh_euclidean_replan_, current_trajectory_, global_robot_state_, global_robot_pose_);
[2.478s]       |                                                                                                                [01;31m[K^~~~~~~~~~~~[m[K
[2.486s] [01m[K/home/williamfbx/Lunar-ROADSTER/lr_ws/src/planning/src/behavior_executive_node.cpp:152:126:[m[K [01;31m[Kerror: [m[Kâ€˜[01m[Kthresh_euclidean_replan_[m[Kâ€™ was not declared in this scope
[2.486s]   152 |     bool keep_following = following_trajectory_.runState(current_agent_pose_, current_goal_pose_, thresh_pos_, thresh_head_, [01;31m[Kthresh_euclidean_replan_[m[K, current_trajectory_, global_robot_state_, global_robot_pose_);
[2.486s]       |                                                                                                                              [01;31m[K^~~~~~~~~~~~~~~~~~~~~~~~[m[K
[2.493s] [01m[K/home/williamfbx/Lunar-ROADSTER/lr_ws/src/planning/src/behavior_executive_node.cpp:152:152:[m[K [01;31m[Kerror: [m[Kâ€˜[01m[Kcurrent_trajectory_[m[Kâ€™ was not declared in this scope
[2.493s]   152 |     bool keep_following = following_trajectory_.runState(current_agent_pose_, current_goal_pose_, thresh_pos_, thresh_head_, thresh_euclidean_replan_, [01;31m[Kcurrent_trajectory_[m[K, global_robot_state_, global_robot_pose_);
[2.494s]       |                                                                                                                                                        [01;31m[K^~~~~~~~~~~~~~~~~~~[m[K
[2.498s] [01m[K/home/williamfbx/Lunar-ROADSTER/lr_ws/src/planning/src/behavior_executive_node.cpp:152:194:[m[K [01;31m[Kerror: [m[Kâ€˜[01m[Kglobal_robot_pose_[m[Kâ€™ was not declared in this scope; did you mean â€˜[01m[Kglobal_robot_state_[m[Kâ€™?
[2.498s]   152 |     bool keep_following = following_trajectory_.runState(current_agent_pose_, current_goal_pose_, thresh_pos_, thresh_head_, thresh_euclidean_replan_, current_trajectory_, global_robot_state_, [01;31m[Kglobal_robot_pose_[m[K);
[2.499s]       |                                                                                                                                                                                                  [01;31m[K^~~~~~~~~~~~~~~~~~[m[K
[2.499s]       |                                                                                                                                                                                                  [32m[Kglobal_robot_state_[m[K
[2.506s] [01m[K/home/williamfbx/Lunar-ROADSTER/lr_ws/src/planning/src/behavior_executive_node.cpp:157:7:[m[K [01;31m[Kerror: [m[Kâ€˜[01m[Kworksystem_enabled_[m[Kâ€™ was not declared in this scope
[2.506s]   157 |       [01;31m[Kworksystem_enabled_[m[K = enableWorksystemService(enable_worksystem_, true);
[2.506s]       |       [01;31m[K^~~~~~~~~~~~~~~~~~~[m[K
[2.506s] [01m[K/home/williamfbx/Lunar-ROADSTER/lr_ws/src/planning/src/behavior_executive_node.cpp:161:36:[m[K [01;31m[Kerror: [m[Kjump to case label
[2.506s]   161 |   case cg::planning::FSM::StateL0::[01;31m[KEND_MISSION[m[K:
[2.506s]       |                                    [01;31m[K^~~~~~~~~~~[m[K
[2.506s] [01m[K/home/williamfbx/Lunar-ROADSTER/lr_ws/src/planning/src/behavior_executive_node.cpp:152:10:[m[K [01;36m[Knote: [m[K  crosses initialization of â€˜[01m[Kbool keep_following[m[Kâ€™
[2.507s]   152 |     bool [01;36m[Kkeep_following[m[K = following_trajectory_.runState(current_agent_pose_, current_goal_pose_, thresh_pos_, thresh_head_, thresh_euclidean_replan_, current_trajectory_, global_robot_state_, global_robot_pose_);
[2.507s]       |          [01;36m[K^~~~~~~~~~~~~~[m[K
[2.507s] [01m[K/home/williamfbx/Lunar-ROADSTER/lr_ws/src/planning/src/behavior_executive_node.cpp:165:36:[m[K [01;31m[Kerror: [m[Kjump to case label
[2.507s]   165 |   case cg::planning::FSM::StateL0::[01;31m[KSTOPPED[m[K:
[2.507s]       |                                    [01;31m[K^~~~~~~[m[K
[2.507s] [01m[K/home/williamfbx/Lunar-ROADSTER/lr_ws/src/planning/src/behavior_executive_node.cpp:152:10:[m[K [01;36m[Knote: [m[K  crosses initialization of â€˜[01m[Kbool keep_following[m[Kâ€™
[2.507s]   152 |     bool [01;36m[Kkeep_following[m[K = following_trajectory_.runState(current_agent_pose_, current_goal_pose_, thresh_pos_, thresh_head_, thresh_euclidean_replan_, current_trajectory_, global_robot_state_, global_robot_pose_);
[2.507s]       |          [01;36m[K^~~~~~~~~~~~~~[m[K
[2.507s] [01m[K/home/williamfbx/Lunar-ROADSTER/lr_ws/src/planning/src/behavior_executive_node.cpp:173:3:[m[K [01;31m[Kerror: [m[Kjump to case label
[2.507s]   173 |   [01;31m[Kdefault[m[K:
[2.507s]       |   [01;31m[K^~~~~~~[m[K
[2.507s] [01m[K/home/williamfbx/Lunar-ROADSTER/lr_ws/src/planning/src/behavior_executive_node.cpp:152:10:[m[K [01;36m[Knote: [m[K  crosses initialization of â€˜[01m[Kbool keep_following[m[Kâ€™
[2.507s]   152 |     bool [01;36m[Kkeep_following[m[K = following_trajectory_.runState(current_agent_pose_, current_goal_pose_, thresh_pos_, thresh_head_, thresh_euclidean_replan_, current_trajectory_, global_robot_state_, global_robot_pose_);
[2.507s]       |          [01;36m[K^~~~~~~~~~~~~~[m[K
[2.508s] [01m[K/home/williamfbx/Lunar-ROADSTER/lr_ws/src/planning/src/behavior_executive_node.cpp:98:10:[m[K [01;35m[Kwarning: [m[Kenumeration value â€˜[01m[KREPLAN_TRANSPORT[m[Kâ€™ not handled in switch [[01;35m[K]8;;https://gcc.gnu.org/onlinedocs/gcc/Warning-Options.html#index-Wswitch-Wswitch]8;;[m[K]
[2.508s]    98 |   switch [01;35m[K([m[Kfsm_.getCurrStateL0())
[2.508s]       |          [01;35m[K^[m[K
[2.508s] [01m[K/home/williamfbx/Lunar-ROADSTER/lr_ws/src/planning/src/behavior_executive_node.cpp:98:10:[m[K [01;35m[Kwarning: [m[Kenumeration value â€˜[01m[KPLAN_EXPLORATION[m[Kâ€™ not handled in switch [[01;35m[K]8;;https://gcc.gnu.org/onlinedocs/gcc/Warning-Options.html#index-Wswitch-Wswitch]8;;[m[K]
[2.508s] [01m[K/home/williamfbx/Lunar-ROADSTER/lr_ws/src/planning/src/behavior_executive_node.cpp:98:10:[m[K [01;35m[Kwarning: [m[Kenumeration value â€˜[01m[KGET_EXPLORATION_GOALS[m[Kâ€™ not handled in switch [[01;35m[K]8;;https://gcc.gnu.org/onlinedocs/gcc/Warning-Options.html#index-Wswitch-Wswitch]8;;[m[K]
[2.508s] [01m[K/home/williamfbx/Lunar-ROADSTER/lr_ws/src/planning/src/behavior_executive_node.cpp:98:10:[m[K [01;35m[Kwarning: [m[Kenumeration value â€˜[01m[KEND_MISSION[m[Kâ€™ not handled in switch [[01;35m[K]8;;https://gcc.gnu.org/onlinedocs/gcc/Warning-Options.html#index-Wswitch-Wswitch]8;;[m[K]
[2.508s] [01m[K/home/williamfbx/Lunar-ROADSTER/lr_ws/src/planning/src/behavior_executive_node.cpp:98:10:[m[K [01;35m[Kwarning: [m[Kenumeration value â€˜[01m[KSTOPPED[m[Kâ€™ not handled in switch [[01;35m[K]8;;https://gcc.gnu.org/onlinedocs/gcc/Warning-Options.html#index-Wswitch-Wswitch]8;;[m[K]
[5.023s] gmake[2]: *** [CMakeFiles/behavior_executive_node.dir/build.make:90: CMakeFiles/behavior_executive_node.dir/src/behavior_executive_node.cpp.o] Error 1
[5.023s] gmake[1]: *** [CMakeFiles/Makefile2:137: CMakeFiles/behavior_executive_node.dir/all] Error 2
[5.023s] gmake: *** [Makefile:146: all] Error 2
[5.025s] Invoked command in '/home/williamfbx/Lunar-ROADSTER/lr_ws/build/planning' returned '2': CMAKE_PREFIX_PATH=/home/williamfbx/Lunar-ROADSTER/lr_ws/install/mapping:/home/williamfbx/Lunar-ROADSTER/lr_ws/install/cg_msgs:/home/williamfbx/Lunar-ROADSTER/lr_ws/install/vectornav:/home/williamfbx/Lunar-ROADSTER/lr_ws/install/vectornav_msgs:/home/williamfbx/Lunar-ROADSTER/lr_ws/install/teleop:/home/williamfbx/Lunar-ROADSTER/lr_ws/install/sensing:/home/williamfbx/Lunar-ROADSTER/lr_ws/install/realsense2_description:/home/williamfbx/Lunar-ROADSTER/lr_ws/install/realsense2_camera:/home/williamfbx/Lunar-ROADSTER/lr_ws/install/realsense2_camera_msgs:/home/williamfbx/Lunar-ROADSTER/lr_ws/install/realsense:/home/williamfbx/Lunar-ROADSTER/lr_ws/install/planning:/home/williamfbx/Lunar-ROADSTER/lr_ws/install/motion_control:/home/williamfbx/Lunar-ROADSTER/lr_ws/install/localization:/home/williamfbx/Lunar-ROADSTER/lr_ws/install/imu:/home/williamfbx/Lunar-ROADSTER/lr_ws/install/arduino:/opt/ros/humble LD_LIBRARY_PATH=/home/williamfbx/Lunar-ROADSTER/lr_ws/install/cg_msgs/lib:/home/williamfbx/Lunar-ROADSTER/lr_ws/install/vectornav/lib:/home/williamfbx/Lunar-ROADSTER/lr_ws/install/vectornav_msgs/lib:/home/williamfbx/Lunar-ROADSTER/lr_ws/install/realsense2_camera/lib:/home/williamfbx/Lunar-ROADSTER/lr_ws/install/realsense2_camera_msgs/lib:/usr/lib/x86_64-linux-gnu/gazebo-11/plugins:/opt/ros/humble/opt/rviz_ogre_vendor/lib:/opt/ros/humble/lib/x86_64-linux-gnu:/opt/ros/humble/lib /usr/bin/cmake --build /home/williamfbx/Lunar-ROADSTER/lr_ws/build/planning -- -j12 -l12
