[35m[1mConsolidate compiler generated dependencies of target behavior_executive_node[0m
[  5%] [32mBuilding CXX object CMakeFiles/behavior_executive_node.dir/src/behavior_executive_main.cpp.o[0m
[ 11%] [32mBuilding CXX object CMakeFiles/behavior_executive_node.dir/src/behavior_executive_node.cpp.o[0m
[ 16%] [32mBuilding CXX object CMakeFiles/behavior_executive_node.dir/src/fsm/ready.cpp.o[0m
[ 22%] [32mBuilding CXX object CMakeFiles/behavior_executive_node.dir/src/fsm/update_map.cpp.o[0m
In file included from [01m[K/root/Lunar_ROADSTER/lr_ws/src/planning/src/behavior_executive_node.cpp:1[m[K:
[01m[K/root/Lunar_ROADSTER/lr_ws/src/planning/include/planning/behavior_executive_node.hpp:12:10:[m[K [01;31m[Kfatal error: [m[Kmapping/map.hpp: No such file or directory
   12 | #include [01;31m[K<mapping/map.hpp>[m[K
      |          [01;31m[K^~~~~~~~~~~~~~~~~[m[K
compilation terminated.
In file included from [01m[K/root/Lunar_ROADSTER/lr_ws/src/planning/src/behavior_executive_main.cpp:2[m[K:
[01m[K/root/Lunar_ROADSTER/lr_ws/src/planning/include/planning/behavior_executive_node.hpp:12:10:[m[K [01;31m[Kfatal error: [m[Kmapping/map.hpp: No such file or directory
   12 | #include [01;31m[K<mapping/map.hpp>[m[K
      |          [01;31m[K^~~~~~~~~~~~~~~~~[m[K
compilation terminated.
gmake[2]: *** [CMakeFiles/behavior_executive_node.dir/build.make:90: CMakeFiles/behavior_executive_node.dir/src/behavior_executive_node.cpp.o] Error 1
gmake[2]: *** Waiting for unfinished jobs....
gmake[2]: *** [CMakeFiles/behavior_executive_node.dir/build.make:76: CMakeFiles/behavior_executive_node.dir/src/behavior_executive_main.cpp.o] Error 1
gmake[1]: *** [CMakeFiles/Makefile2:137: CMakeFiles/behavior_executive_node.dir/all] Error 2
gmake: *** [Makefile:146: all] Error 2
