[35m[1mConsolidate compiler generated dependencies of target behavior_executive_node[0m
[ 20%] [32mBuilding CXX object CMakeFiles/behavior_executive_node.dir/src/behavior_executive_node.cpp.o[0m
[01m[K/home/williamfbx/Lunar-ROADSTER/lr_ws/src/planning/src/behavior_executive_node.cpp:[m[K In member function â€˜[01m[Kbool cg::planning::BehaviorExecutive::updateMapFromService(bool)[m[Kâ€™:
[01m[K/home/williamfbx/Lunar-ROADSTER/lr_ws/src/planning/src/behavior_executive_node.cpp:151:53:[m[K [01;35m[Kwarning: [m[Kunused parameter â€˜[01m[Kverbose[m[Kâ€™ [[01;35m[K]8;;https://gcc.gnu.org/onlinedocs/gcc/Warning-Options.html#index-Wunused-parameter-Wunused-parameter]8;;[m[K]
  151 |   bool BehaviorExecutive::updateMapFromService([01;35m[Kbool verbose = false[m[K) {
      |                                                [01;35m[K~~~~~^~~~~~~~~~~~~~~[m[K
[ 40%] [32m[1mLinking CXX executable behavior_executive_node[0m
/usr/bin/ld: CMakeFiles/behavior_executive_node.dir/src/behavior_executive_node.cpp.o: in function `cg::planning::BehaviorExecutive::fsmTimerCallback()':
behavior_executive_node.cpp:(.text+0x2cfa): undefined reference to `cg::planning::UpdateMap::runState(bool)'
collect2: error: ld returned 1 exit status
gmake[2]: *** [CMakeFiles/behavior_executive_node.dir/build.make:261: behavior_executive_node] Error 1
gmake[1]: *** [CMakeFiles/Makefile2:137: CMakeFiles/behavior_executive_node.dir/all] Error 2
gmake: *** [Makefile:146: all] Error 2
