[0.021s] Invoking command in '/root/Lunar_ROADSTER/lr_ws/build/lr_msgs': CMAKE_PREFIX_PATH=/opt/ros/humble /usr/local/bin/cmake /root/Lunar_ROADSTER/lr_ws/src/lr_msgs -DCMAKE_INSTALL_PREFIX=/root/Lunar_ROADSTER/lr_ws/install/lr_msgs
[0.420s] -- The C compiler identification is GNU 11.4.0
[0.595s] -- The CXX compiler identification is GNU 11.4.0
[0.606s] -- Detecting C compiler ABI info
[0.664s] -- Detecting C compiler ABI info - done
[0.668s] -- Check for working C compiler: /usr/bin/cc - skipped
[0.669s] -- Detecting C compile features
[0.669s] -- Detecting C compile features - done
[0.673s] -- Detecting CXX compiler ABI info
[0.749s] -- Detecting CXX compiler ABI info - done
[0.755s] -- Check for working CXX compiler: /usr/bin/c++ - skipped
[0.756s] -- Detecting CXX compile features
[0.756s] -- Detecting CXX compile features - done
[0.759s] -- Found rosidl_cmake: 3.1.5 (/opt/ros/humble/share/rosidl_cmake/cmake)
[0.762s] -- Found rosidl_adapter: 3.1.5 (/opt/ros/humble/share/rosidl_adapter/cmake)
[0.769s] -- Found builtin_interfaces: 1.2.1 (/opt/ros/humble/share/builtin_interfaces/cmake)
[0.887s] -- Found Python3: /usr/bin/python3 (found version "3.10.12") found components: Interpreter 
[1.015s] -- Found rosidl_generator_c: 3.1.5 (/opt/ros/humble/share/rosidl_generator_c/cmake)
[1.028s] -- Found rosidl_generator_cpp: 3.1.5 (/opt/ros/humble/share/rosidl_generator_cpp/cmake)
[1.050s] -- Using all available rosidl_typesupport_c: rosidl_typesupport_fastrtps_c;rosidl_typesupport_introspection_c
[1.065s] -- Using all available rosidl_typesupport_cpp: rosidl_typesupport_fastrtps_cpp;rosidl_typesupport_introspection_cpp
[1.084s] -- Found rosidl_default_generators: 1.2.0 (/opt/ros/humble/share/rosidl_default_generators/cmake)
[1.092s] -- Found std_msgs: 4.2.4 (/opt/ros/humble/share/std_msgs/cmake)
[1.107s] -- Found action_msgs: 1.2.1 (/opt/ros/humble/share/action_msgs/cmake)
[1.436s] -- Found ament_cmake_ros: 0.10.0 (/opt/ros/humble/share/ament_cmake_ros/cmake)
[1.873s] -- Using all available rosidl_typesupport_c: rosidl_typesupport_fastrtps_c;rosidl_typesupport_introspection_c
[2.095s] -- Using all available rosidl_typesupport_cpp: rosidl_typesupport_fastrtps_cpp;rosidl_typesupport_introspection_cpp
[2.167s] -- Found PythonInterp: /usr/bin/python3 (found suitable version "3.10.12", minimum required is "3.6") 
[2.171s] -- Found python_cmake_module: 0.10.0 (/opt/ros/humble/share/python_cmake_module/cmake)
[2.216s] -- Found PythonLibs: /usr/lib/x86_64-linux-gnu/libpython3.10.so (found suitable version "3.10.12", minimum required is "3.5") 
[2.216s] -- Using PYTHON_EXECUTABLE: /usr/bin/python3
[2.216s] -- Using PYTHON_INCLUDE_DIRS: /usr/include/python3.10
[2.216s] -- Using PYTHON_LIBRARIES: /usr/lib/x86_64-linux-gnu/libpython3.10.so
[2.288s] -- Found PythonExtra: .so  
[2.428s] -- Found ament_lint_auto: 0.12.11 (/opt/ros/humble/share/ament_lint_auto/cmake)
[2.493s] -- Added test 'copyright' to check source files copyright and LICENSE
[2.504s] -- Added test 'lint_cmake' to check CMake code style
[2.510s] -- Added test 'xmllint' to check XML markup files
[2.517s] -- Configuring done
[2.721s] -- Generating done
[2.735s] -- Build files have been written to: /root/Lunar_ROADSTER/lr_ws/build/lr_msgs
[2.805s] Invoked command in '/root/Lunar_ROADSTER/lr_ws/build/lr_msgs' returned '0': CMAKE_PREFIX_PATH=/opt/ros/humble /usr/local/bin/cmake /root/Lunar_ROADSTER/lr_ws/src/lr_msgs -DCMAKE_INSTALL_PREFIX=/root/Lunar_ROADSTER/lr_ws/install/lr_msgs
[2.806s] Invoking command in '/root/Lunar_ROADSTER/lr_ws/build/lr_msgs': CMAKE_PREFIX_PATH=/opt/ros/humble /usr/local/bin/cmake --build /root/Lunar_ROADSTER/lr_ws/build/lr_msgs -- -j16 -l16
[2.874s] [  0%] [34m[1mGenerating C code for ROS interfaces[0m
[2.897s] [  0%] [34m[1mGenerating C++ code for ROS interfaces[0m
[2.916s] [  0%] Built target ament_cmake_python_copy_lr_msgs
[3.458s] Traceback (most recent call last):
[3.459s]   File "/opt/ros/humble/share/rosidl_generator_cpp/cmake/../../../lib/rosidl_generator_cpp/rosidl_generator_cpp", line 38, in <module>
[3.459s]     sys.exit(main())
[3.459s]   File "/opt/ros/humble/share/rosidl_generator_cpp/cmake/../../../lib/rosidl_generator_cpp/rosidl_generator_cpp", line 34, in main
[3.459s]     generate_cpp(args.generator_arguments_file)
[3.459s]   File "/opt/ros/humble/local/lib/python3.10/dist-packages/rosidl_generator_cpp/__init__.py", line 38, in generate_cpp
[3.461s] gmake[2]: *** Deleting file 'rosidl_generator_cpp/lr_msgs/msg/actuator_command.hpp'
[3.470s] gmake[2]: *** Deleting file 'rosidl_generator_c/lr_msgs/msg/actuator_command.h'
[3.470s]     return generate_files(
[3.471s]   File "/opt/ros/humble/local/lib/python3.10/dist-packages/rosidl_cmake/__init__.py", line 87, in generate_files
[3.471s]     expand_template(
[3.471s]   File "/opt/ros/humble/local/lib/python3.10/dist-packages/rosidl_cmake/__init__.py", line 149, in expand_template
[3.471s]     interpreter.string(template_content, template_path, locals=data)
[3.471s]   File "/usr/lib/python3/dist-packages/em.py", line 2391, in string
[3.471s] Traceback (most recent call last):
[3.471s]   File "/opt/ros/humble/share/rosidl_generator_c/cmake/../../../lib/rosidl_generator_c/rosidl_generator_c", line 38, in <module>
[3.471s]     sys.exit(main())
[3.471s]   File "/opt/ros/humble/share/rosidl_generator_c/cmake/../../../lib/rosidl_generator_c/rosidl_generator_c", line 34, in main
[3.471s]     generate_c(args.generator_arguments_file)
[3.471s]   File "/opt/ros/humble/local/lib/python3.10/dist-packages/rosidl_generator_c/__init__.py", line 37, in generate_c
[3.471s]     return generate_files(
[3.471s]   File "/opt/ros/humble/local/lib/python3.10/dist-packages/rosidl_cmake/__init__.py", line 87, in generate_files
[3.471s]     expand_template(
[3.471s]   File "/opt/ros/humble/local/lib/python3.10/dist-packages/rosidl_cmake/__init__.py", line 149, in expand_template
[3.472s]     interpreter.string(template_content, template_path, locals=data)
[3.473s]   File "/usr/lib/python3/dist-packages/em.py", line 2391, in string
[3.476s]     self.safe(scanner, True, locals)
[3.476s]   File "/usr/lib/python3/dist-packages/em.py", line 2401, in safe
[3.476s]     self.parse(scanner, locals)
[3.476s]   File "/usr/lib/python3/dist-packages/em.py", line 2417, in parse
[3.476s]     token = scanner.one()
[3.476s]   File "/usr/lib/python3/dist-packages/em.py", line 1975, in one
[3.476s]     if firsts is None:
[3.476s] KeyboardInterrupt
[3.476s] Traceback (most recent call last):
[3.476s]   File "/root/Lunar_ROADSTER/lr_ws/build/lr_msgs/ament_cmake_python/lr_msgs/setup.py", line 4, in <module>
[3.476s]     setup(
[3.476s]   File "/usr/lib/python3/dist-packages/setuptools/__init__.py", line 153, in setup
[3.476s]     return distutils.core.setup(**attrs)
[3.476s]   File "/usr/lib/python3.10/distutils/core.py", line 134, in setup
[3.477s]     self.safe(scanner, True, locals)
[3.477s]   File "/usr/lib/python3/dist-packages/em.py", line 2401, in safe
[3.477s]     self.parse(scanner, locals)
[3.477s]   File "/usr/lib/python3/dist-packages/em.py", line 2421, in parse
[3.477s]     token.run(self, locals)
[3.477s]   File "/usr/lib/python3/dist-packages/em.py", line 1547, in run
[3.477s]     self.subrun(info[0][1], interpreter, locals)
[3.477s]   File "/usr/lib/python3/dist-packages/em.py", line 1631, in subrun
[3.477s]     ok = dist.parse_command_line()
[3.477s]   File "/usr/lib/python3.10/distutils/dist.py", line 483, in parse_command_line
[3.478s]     token.run(interpreter, locals)
[3.478s]   File "/usr/lib/python3/dist-packages/em.py", line 1425, in run
[3.481s]     interpreter.execute(self.code, locals)
[3.481s]   File "/usr/lib/python3/dist-packages/em.py", line 2596, in execute
[3.481s]     _exec(statements, self.globals, locals)
[3.481s]   File "<string>", line 2, in <module>
[3.481s]   File "/opt/ros/humble/local/lib/python3.10/dist-packages/rosidl_cmake/__init__.py", line 198, in _expand_template
[3.481s]     interpreter.string(content, str(template_path), kwargs)
[3.481s]   File "/usr/lib/python3/dist-packages/em.py", line 2391, in string
[3.481s]     self.safe(scanner, True, locals)
[3.481s]   File "/usr/lib/python3/dist-packages/em.py", line 2401, in safe
[3.482s]     self.parse(scanner, locals)
[3.482s]   File "/usr/lib/python3/dist-packages/em.py", line 2421, in parse
[3.482s]     token.run(self, locals)
[3.482s]   File "/usr/lib/python3/dist-packages/em.py", line 1425, in run
[3.483s]     interpreter.execute(self.code, locals)
[3.483s]   File "/usr/lib/python3/dist-packages/em.py", line 2596, in execute
[3.483s]     _exec(statements, self.globals, locals)
[3.483s]   File "<string>", line 1, in <module>
[3.483s] KeyboardInterrupt
[3.483s]     args = self._parse_command_opts(parser, args)
[3.483s]   File "/usr/lib/python3/dist-packages/setuptools/dist.py", line 1048, in _parse_command_opts
[3.484s]     nargs = _Distribution._parse_command_opts(self, parser, args)
[3.484s]   File "/usr/lib/python3.10/distutils/dist.py", line 539, in _parse_command_opts
[3.484s]     cmd_class = self.get_command_class(command)
[3.484s]   File "/usr/lib/python3/dist-packages/setuptools/dist.py", line 893, in get_command_class
[3.484s]     self.cmdclass[command] = cmdclass = ep.load()
[3.484s]   File "/usr/lib/python3/dist-packages/pkg_resources/__init__.py", line 2465, in load
[3.484s]     return self.resolve()
[3.484s]   File "/usr/lib/python3/dist-packages/pkg_resources/__init__.py", line 2471, in resolve
[3.484s]     module = __import__(self.module_name, fromlist=['__name__'], level=0)
[3.484s]   File "/usr/lib/python3/dist-packages/setuptools/command/egg_info.py", line 21, in <module>
[3.485s]     from setuptools.command.sdist import sdist
[3.485s]   File "/usr/lib/python3/dist-packages/setuptools/command/sdist.py", line 8, in <module>
[3.485s]     from .py36compat import sdist_add_defaults
[3.485s]   File "/usr/lib/python3/dist-packages/setuptools/command/py36compat.py", line 7, in <module>
[3.485s]     class sdist_add_defaults:
[3.485s] KeyboardInterrupt
[3.507s] Exception ignored in: <function Interpreter.__del__ at 0x74392551e050>
[3.507s] Traceback (most recent call last):
[3.508s]   File "/usr/lib/python3/dist-packages/em.py", line 2094, in __del__
[3.509s]   File "/usr/lib/python3/dist-packages/em.py", line 2157, in shutdown
[3.509s]   File "/usr/lib/python3/dist-packages/em.py", line 2647, in finalize
[3.509s]   File "/usr/lib/python3/dist-packages/em.py", line 2200, in push
[3.509s] AttributeError: '_io.TextIOWrapper' object has no attribute 'push'
[3.512s] Exception ignored in: <function Interpreter.__del__ at 0x743a48c51e10>
[3.512s] Traceback (most recent call last):
[3.512s]   File "/usr/lib/python3/dist-packages/em.py", line 2094, in __del__
[3.512s]   File "/usr/lib/python3/dist-packages/em.py", line 2157, in shutdown
[3.512s]   File "/usr/lib/python3/dist-packages/em.py", line 2647, in finalize
[3.512s]   File "/usr/lib/python3/dist-packages/em.py", line 2200, in push
[3.512s] AttributeError: '_io.TextIOWrapper' object has no attribute 'push'
[3.529s] gmake[2]: *** [CMakeFiles/lr_msgs__cpp.dir/build.make:203: rosidl_generator_cpp/lr_msgs/msg/actuator_command.hpp] Interrupt
[3.530s] gmake[1]: *** [CMakeFiles/Makefile2:265: CMakeFiles/lr_msgs__cpp.dir/all] Interrupt
[3.531s] gmake[2]: *** [CMakeFiles/lr_msgs__rosidl_generator_c.dir/build.make:139: rosidl_generator_c/lr_msgs/msg/actuator_command.h] Interrupt
[3.531s] gmake[1]: *** [CMakeFiles/Makefile2:212: CMakeFiles/lr_msgs__rosidl_generator_c.dir/all] Interrupt
[3.536s] gmake[2]: *** [CMakeFiles/ament_cmake_python_build_lr_msgs_egg.dir/build.make:70: CMakeFiles/ament_cmake_python_build_lr_msgs_egg] Interrupt
[3.536s] gmake[1]: *** [CMakeFiles/Makefile2:447: CMakeFiles/ament_cmake_python_build_lr_msgs_egg.dir/all] Interrupt
[3.536s] gmake: *** [Makefile:146: all] Interrupt
