[35m[1mConsolidate compiler generated dependencies of target behavior_executive_node[0m
[  6%] [32mBuilding CXX object CMakeFiles/behavior_executive_node.dir/src/planning_util.cpp.o[0m
[01m[K/home/williamfbx/Lunar-ROADSTER/lr_ws/src/planning/src/planning_util.cpp:[m[K In function â€˜[01m[Kvoid cg::planning::generateZeroMapCsv()[m[Kâ€™:
[01m[K/home/williamfbx/Lunar-ROADSTER/lr_ws/src/planning/src/planning_util.cpp:36:10:[m[K [01;31m[Kerror: [m[Kâ€˜[01m[Kcout[m[Kâ€™ is not a member of â€˜[01m[Kstd[m[Kâ€™
   36 |     std::[01;31m[Kcout[m[K << "[generateZeroMapCsv] Failed to create file: " << full_filepath << std::endl;
      |          [01;31m[K^~~~[m[K
[01m[K/home/williamfbx/Lunar-ROADSTER/lr_ws/src/planning/src/planning_util.cpp:2:1:[m[K [01;36m[Knote: [m[Kâ€˜[01m[Kstd::cout[m[Kâ€™ is defined in header â€˜[01m[K<iostream>[m[Kâ€™; did you forget to â€˜[01m[K#include <iostream>[m[Kâ€™?
    1 | #include "planning/planning_util.hpp"
  +++ |+[32m[K#include <iostream>[m[K
    2 | 
gmake[2]: *** [CMakeFiles/behavior_executive_node.dir/build.make:104: CMakeFiles/behavior_executive_node.dir/src/planning_util.cpp.o] Error 1
gmake[1]: *** [CMakeFiles/Makefile2:137: CMakeFiles/behavior_executive_node.dir/all] Error 2
gmake: *** [Makefile:146: all] Error 2
