[0.022s] Invoking command in '/home/williamfbx/Lunar-ROADSTER/lr_ws/build/planning': AMENT_PREFIX_PATH=/home/williamfbx/Lunar-ROADSTER/lr_ws/install/mapping:/home/williamfbx/Lunar-ROADSTER/lr_ws/install/cg_msgs:${AMENT_PREFIX_PATH} CMAKE_PREFIX_PATH=/home/williamfbx/Lunar-ROADSTER/lr_ws/install/mapping:/home/williamfbx/Lunar-ROADSTER/lr_ws/install/cg_msgs:/opt/ros/humble LD_LIBRARY_PATH=/home/williamfbx/Lunar-ROADSTER/lr_ws/install/cg_msgs/lib:${LD_LIBRARY_PATH} PYTHONPATH=/home/williamfbx/Lunar-ROADSTER/lr_ws/install/cg_msgs/local/lib/python3.10/dist-packages:${PYTHONPATH} /usr/bin/cmake /home/williamfbx/Lunar-ROADSTER/lr_ws/src/planning -DCMAKE_INSTALL_PREFIX=/home/williamfbx/Lunar-ROADSTER/lr_ws/install/planning
[0.054s] -- Found ament_cmake: 1.3.11 (/opt/ros/humble/share/ament_cmake/cmake)
[0.187s] -- Found rclcpp: 16.0.11 (/opt/ros/humble/share/rclcpp/cmake)
[0.215s] -- Found rosidl_generator_c: 3.1.6 (/opt/ros/humble/share/rosidl_generator_c/cmake)
[0.217s] -- Found rosidl_adapter: 3.1.6 (/opt/ros/humble/share/rosidl_adapter/cmake)
[0.223s] -- Found rosidl_generator_cpp: 3.1.6 (/opt/ros/humble/share/rosidl_generator_cpp/cmake)
[0.231s] -- Using all available rosidl_typesupport_c: rosidl_typesupport_fastrtps_c;rosidl_typesupport_introspection_c
[0.241s] -- Using all available rosidl_typesupport_cpp: rosidl_typesupport_fastrtps_cpp;rosidl_typesupport_introspection_cpp
[0.270s] -- Found rmw_implementation_cmake: 6.1.2 (/opt/ros/humble/share/rmw_implementation_cmake/cmake)
[0.271s] -- Found rmw_fastrtps_cpp: 6.2.7 (/opt/ros/humble/share/rmw_fastrtps_cpp/cmake)
[0.364s] -- Using RMW implementation 'rmw_fastrtps_cpp' as default
[0.404s] -- Found cg_msgs: 0.0.0 (/home/williamfbx/Lunar-ROADSTER/lr_ws/install/cg_msgs/share/cg_msgs/cmake)
[0.413s] -- Found mapping: 0.0.0 (/home/williamfbx/Lunar-ROADSTER/lr_ws/install/mapping/share/mapping/cmake)
[0.419s] -- Found nav_msgs: 4.2.4 (/opt/ros/humble/share/nav_msgs/cmake)
[0.443s] -- Found tf2_ros: 0.25.12 (/opt/ros/humble/share/tf2_ros/cmake)
[0.568s] -- Configuring done
[0.576s] -- Generating done
[0.579s] -- Build files have been written to: /home/williamfbx/Lunar-ROADSTER/lr_ws/build/planning
[0.586s] Invoked command in '/home/williamfbx/Lunar-ROADSTER/lr_ws/build/planning' returned '0': AMENT_PREFIX_PATH=/home/williamfbx/Lunar-ROADSTER/lr_ws/install/mapping:/home/williamfbx/Lunar-ROADSTER/lr_ws/install/cg_msgs:${AMENT_PREFIX_PATH} CMAKE_PREFIX_PATH=/home/williamfbx/Lunar-ROADSTER/lr_ws/install/mapping:/home/williamfbx/Lunar-ROADSTER/lr_ws/install/cg_msgs:/opt/ros/humble LD_LIBRARY_PATH=/home/williamfbx/Lunar-ROADSTER/lr_ws/install/cg_msgs/lib:${LD_LIBRARY_PATH} PYTHONPATH=/home/williamfbx/Lunar-ROADSTER/lr_ws/install/cg_msgs/local/lib/python3.10/dist-packages:${PYTHONPATH} /usr/bin/cmake /home/williamfbx/Lunar-ROADSTER/lr_ws/src/planning -DCMAKE_INSTALL_PREFIX=/home/williamfbx/Lunar-ROADSTER/lr_ws/install/planning
[0.586s] Invoking command in '/home/williamfbx/Lunar-ROADSTER/lr_ws/build/planning': AMENT_PREFIX_PATH=/home/williamfbx/Lunar-ROADSTER/lr_ws/install/mapping:/home/williamfbx/Lunar-ROADSTER/lr_ws/install/cg_msgs:${AMENT_PREFIX_PATH} CMAKE_PREFIX_PATH=/home/williamfbx/Lunar-ROADSTER/lr_ws/install/mapping:/home/williamfbx/Lunar-ROADSTER/lr_ws/install/cg_msgs:/opt/ros/humble LD_LIBRARY_PATH=/home/williamfbx/Lunar-ROADSTER/lr_ws/install/cg_msgs/lib:${LD_LIBRARY_PATH} PYTHONPATH=/home/williamfbx/Lunar-ROADSTER/lr_ws/install/cg_msgs/local/lib/python3.10/dist-packages:${PYTHONPATH} /usr/bin/cmake --build /home/williamfbx/Lunar-ROADSTER/lr_ws/build/planning -- -j12 -l12
[0.636s] [ 33%] [32mBuilding CXX object CMakeFiles/behavior_executive_node.dir/src/behavior_executive_main.cpp.o[0m
[0.640s] [ 66%] [32mBuilding CXX object CMakeFiles/behavior_executive_node.dir/src/behavior_executive_node.cpp.o[0m
[2.399s] [01m[K/home/williamfbx/Lunar-ROADSTER/lr_ws/src/planning/src/behavior_executive_node.cpp:6:40:[m[K [01;31m[Kerror: [m[Kdefinition of implicitly-declared â€˜[01m[Kcg::planning::BehaviorExecutive::BehaviorExecutive()[m[Kâ€™
[2.399s]     6 |   BehaviorExecutive::BehaviorExecutive([01;31m[K)[m[K : Node("behavior_executive_node")
[2.399s]       |                                        [01;31m[K^[m[K
[2.679s] In file included from [01m[K/usr/include/c++/11/ext/alloc_traits.h:34[m[K,
[2.679s]                  from [01m[K/usr/include/c++/11/bits/stl_uninitialized.h:64[m[K,
[2.679s]                  from [01m[K/usr/include/c++/11/memory:66[m[K,
[2.679s]                  from [01m[K/opt/ros/humble/include/rclcpp/rclcpp/rclcpp.hpp:153[m[K,
[2.679s]                  from [01m[K/home/williamfbx/Lunar-ROADSTER/lr_ws/src/planning/src/behavior_executive_main.cpp:1[m[K:
[2.679s] /usr/include/c++/11/bits/alloc_traits.h: In instantiation of â€˜[01m[Kstatic constexpr void std::allocator_traits<std::allocator<_Up> >::construct(std::allocator_traits<std::allocator<_Up> >::allocator_type&, _Up*, _Args&& ...) [with _Up = cg::planning::BehaviorExecutive; _Args = {}; _Tp = cg::planning::BehaviorExecutive; std::allocator_traits<std::allocator<_Up> >::allocator_type = std::allocator<cg::planning::BehaviorExecutive>][m[Kâ€™:
[2.679s] [01m[K/usr/include/c++/11/bits/shared_ptr_base.h:519:39:[m[K   required from â€˜[01m[Kstd::_Sp_counted_ptr_inplace<_Tp, _Alloc, _Lp>::_Sp_counted_ptr_inplace(_Alloc, _Args&& ...) [with _Args = {}; _Tp = cg::planning::BehaviorExecutive; _Alloc = std::allocator<cg::planning::BehaviorExecutive>; __gnu_cxx::_Lock_policy _Lp = __gnu_cxx::_S_atomic][m[Kâ€™
[2.679s] [01m[K/usr/include/c++/11/bits/shared_ptr_base.h:650:16:[m[K   required from â€˜[01m[Kstd::__shared_count<_Lp>::__shared_count(_Tp*&, std::_Sp_alloc_shared_tag<_Alloc>, _Args&& ...) [with _Tp = cg::planning::BehaviorExecutive; _Alloc = std::allocator<cg::planning::BehaviorExecutive>; _Args = {}; __gnu_cxx::_Lock_policy _Lp = __gnu_cxx::_S_atomic][m[Kâ€™
[2.679s] [01m[K/usr/include/c++/11/bits/shared_ptr_base.h:1342:14:[m[K   required from â€˜[01m[Kstd::__shared_ptr<_Tp, _Lp>::__shared_ptr(std::_Sp_alloc_shared_tag<_Tp>, _Args&& ...) [with _Alloc = std::allocator<cg::planning::BehaviorExecutive>; _Args = {}; _Tp = cg::planning::BehaviorExecutive; __gnu_cxx::_Lock_policy _Lp = __gnu_cxx::_S_atomic][m[Kâ€™
[2.679s] [01m[K/usr/include/c++/11/bits/shared_ptr.h:409:59:[m[K   required from â€˜[01m[Kstd::shared_ptr<_Tp>::shared_ptr(std::_Sp_alloc_shared_tag<_Tp>, _Args&& ...) [with _Alloc = std::allocator<cg::planning::BehaviorExecutive>; _Args = {}; _Tp = cg::planning::BehaviorExecutive][m[Kâ€™
[2.679s] [01m[K/usr/include/c++/11/bits/shared_ptr.h:862:14:[m[K   required from â€˜[01m[Kstd::shared_ptr<_Tp> std::allocate_shared(const _Alloc&, _Args&& ...) [with _Tp = cg::planning::BehaviorExecutive; _Alloc = std::allocator<cg::planning::BehaviorExecutive>; _Args = {}][m[Kâ€™
[2.679s] [01m[K/usr/include/c++/11/bits/shared_ptr.h:878:39:[m[K   required from â€˜[01m[Kstd::shared_ptr<_Tp> std::make_shared(_Args&& ...) [with _Tp = cg::planning::BehaviorExecutive; _Args = {}][m[Kâ€™
[2.679s] [01m[K/home/williamfbx/Lunar-ROADSTER/lr_ws/src/planning/src/behavior_executive_main.cpp:9:71:[m[K   required from here
[2.679s] [01m[K/usr/include/c++/11/bits/alloc_traits.h:518:28:[m[K [01;31m[Kerror: [m[Kno matching function for call to â€˜[01m[Kconstruct_at(cg::planning::BehaviorExecutive*&)[m[Kâ€™
[2.679s]   518 |           [01;31m[Kstd::construct_at(__p, std::forward<_Args>(__args)...)[m[K;
[2.679s]       |           [01;31m[K~~~~~~~~~~~~~~~~~^~~~~~~~~~~~~~~~~~~~~~~~~~~~~~~~~~~~~[m[K
[2.679s] In file included from [01m[K/usr/include/c++/11/bits/stl_iterator.h:85[m[K,
[2.679s]                  from [01m[K/usr/include/c++/11/bits/stl_algobase.h:67[m[K,
[2.679s]                  from [01m[K/usr/include/c++/11/memory:63[m[K,
[2.679s]                  from [01m[K/opt/ros/humble/include/rclcpp/rclcpp/rclcpp.hpp:153[m[K,
[2.679s]                  from [01m[K/home/williamfbx/Lunar-ROADSTER/lr_ws/src/planning/src/behavior_executive_main.cpp:1[m[K:
[2.679s] [01m[K/usr/include/c++/11/bits/stl_construct.h:94:5:[m[K [01;36m[Knote: [m[Kcandidate: â€˜[01m[Ktemplate<class _Tp, class ... _Args> constexpr decltype (::new(void*(0)) _Tp) std::construct_at(_Tp*, _Args&& ...)[m[Kâ€™
[2.679s]    94 |     [01;36m[Kconstruct_at[m[K(_Tp* __location, _Args&&... __args)
[2.679s]       |     [01;36m[K^~~~~~~~~~~~[m[K
[2.679s] [01m[K/usr/include/c++/11/bits/stl_construct.h:94:5:[m[K [01;36m[Knote: [m[K  template argument deduction/substitution failed:
[2.679s] /usr/include/c++/11/bits/stl_construct.h: In substitution of â€˜[01m[Ktemplate<class _Tp, class ... _Args> constexpr decltype (::new(void*(0)) _Tp) std::construct_at(_Tp*, _Args&& ...) [with _Tp = cg::planning::BehaviorExecutive; _Args = {}][m[Kâ€™:
[2.679s] [01m[K/usr/include/c++/11/bits/alloc_traits.h:518:21:[m[K   required from â€˜[01m[Kstatic constexpr void std::allocator_traits<std::allocator<_Up> >::construct(std::allocator_traits<std::allocator<_Up> >::allocator_type&, _Up*, _Args&& ...) [with _Up = cg::planning::BehaviorExecutive; _Args = {}; _Tp = cg::planning::BehaviorExecutive; std::allocator_traits<std::allocator<_Up> >::allocator_type = std::allocator<cg::planning::BehaviorExecutive>][m[Kâ€™
[2.679s] [01m[K/usr/include/c++/11/bits/shared_ptr_base.h:519:39:[m[K   required from â€˜[01m[Kstd::_Sp_counted_ptr_inplace<_Tp, _Alloc, _Lp>::_Sp_counted_ptr_inplace(_Alloc, _Args&& ...) [with _Args = {}; _Tp = cg::planning::BehaviorExecutive; _Alloc = std::allocator<cg::planning::BehaviorExecutive>; __gnu_cxx::_Lock_policy _Lp = __gnu_cxx::_S_atomic][m[Kâ€™
[2.679s] [01m[K/usr/include/c++/11/bits/shared_ptr_base.h:650:16:[m[K   required from â€˜[01m[Kstd::__shared_count<_Lp>::__shared_count(_Tp*&, std::_Sp_alloc_shared_tag<_Alloc>, _Args&& ...) [with _Tp = cg::planning::BehaviorExecutive; _Alloc = std::allocator<cg::planning::BehaviorExecutive>; _Args = {}; __gnu_cxx::_Lock_policy _Lp = __gnu_cxx::_S_atomic][m[Kâ€™
[2.679s] [01m[K/usr/include/c++/11/bits/shared_ptr_base.h:1342:14:[m[K   required from â€˜[01m[Kstd::__shared_ptr<_Tp, _Lp>::__shared_ptr(std::_Sp_alloc_shared_tag<_Tp>, _Args&& ...) [with _Alloc = std::allocator<cg::planning::BehaviorExecutive>; _Args = {}; _Tp = cg::planning::BehaviorExecutive; __gnu_cxx::_Lock_policy _Lp = __gnu_cxx::_S_atomic][m[Kâ€™
[2.679s] [01m[K/usr/include/c++/11/bits/shared_ptr.h:409:59:[m[K   required from â€˜[01m[Kstd::shared_ptr<_Tp>::shared_ptr(std::_Sp_alloc_shared_tag<_Tp>, _Args&& ...) [with _Alloc = std::allocator<cg::planning::BehaviorExecutive>; _Args = {}; _Tp = cg::planning::BehaviorExecutive][m[Kâ€™
[2.679s] [01m[K/usr/include/c++/11/bits/shared_ptr.h:862:14:[m[K   required from â€˜[01m[Kstd::shared_ptr<_Tp> std::allocate_shared(const _Alloc&, _Args&& ...) [with _Tp = cg::planning::BehaviorExecutive; _Alloc = std::allocator<cg::planning::BehaviorExecutive>; _Args = {}][m[Kâ€™
[2.679s] [01m[K/usr/include/c++/11/bits/shared_ptr.h:878:39:[m[K   required from â€˜[01m[Kstd::shared_ptr<_Tp> std::make_shared(_Args&& ...) [with _Tp = cg::planning::BehaviorExecutive; _Args = {}][m[Kâ€™
[2.679s] [01m[K/home/williamfbx/Lunar-ROADSTER/lr_ws/src/planning/src/behavior_executive_main.cpp:9:71:[m[K   required from here
[2.679s] [01m[K/usr/include/c++/11/bits/stl_construct.h:96:17:[m[K [01;31m[Kerror: [m[Kuse of deleted function â€˜[01m[Kcg::planning::BehaviorExecutive::BehaviorExecutive()[m[Kâ€™
[2.679s]    96 |     -> decltype([01;31m[K::new((void*)0) _Tp(std::declval<_Args>()...)[m[K)
[2.680s]       |                 [01;31m[K^~~~~~~~~~~~~~~~~~~~~~~~~~~~~~~~~~~~~~~~~~~~~[m[K
[2.680s] In file included from [01m[K/home/williamfbx/Lunar-ROADSTER/lr_ws/src/planning/src/behavior_executive_main.cpp:2[m[K:
[2.680s] [01m[K/home/williamfbx/Lunar-ROADSTER/lr_ws/src/planning/include/planning/behavior_executive_node.hpp:9:7:[m[K [01;36m[Knote: [m[Kâ€˜[01m[Kcg::planning::BehaviorExecutive::BehaviorExecutive()[m[Kâ€™ is implicitly deleted because the default definition would be ill-formed:
[2.680s]     9 | class [01;36m[KBehaviorExecutive[m[K : public rclcpp::Node {
[2.680s]       |       [01;36m[K^~~~~~~~~~~~~~~~~[m[K
[2.680s] [01m[K/home/williamfbx/Lunar-ROADSTER/lr_ws/src/planning/include/planning/behavior_executive_node.hpp:9:7:[m[K [01;31m[Kerror: [m[Kno matching function for call to â€˜[01m[Krclcpp::Node::Node()[m[Kâ€™
[2.680s] In file included from [01m[K/opt/ros/humble/include/rclcpp/rclcpp/executors/single_threaded_executor.hpp:28[m[K,
[2.680s]                  from [01m[K/opt/ros/humble/include/rclcpp/rclcpp/executors.hpp:22[m[K,
[2.680s]                  from [01m[K/opt/ros/humble/include/rclcpp/rclcpp/rclcpp.hpp:155[m[K,
[2.680s]                  from [01m[K/home/williamfbx/Lunar-ROADSTER/lr_ws/src/planning/src/behavior_executive_main.cpp:1[m[K:
[2.680s] [01m[K/opt/ros/humble/include/rclcpp/rclcpp/node.hpp:1294:3:[m[K [01;36m[Knote: [m[Kcandidate: â€˜[01m[Krclcpp::Node::Node(const rclcpp::Node&, const string&)[m[Kâ€™
[2.680s]  1294 |   [01;36m[KNode[m[K(
[2.680s]       |   [01;36m[K^~~~[m[K
[2.680s] [01m[K/opt/ros/humble/include/rclcpp/rclcpp/node.hpp:1294:3:[m[K [01;36m[Knote: [m[K  candidate expects 2 arguments, 0 provided
[2.680s] [01m[K/opt/ros/humble/include/rclcpp/rclcpp/node.hpp:101:12:[m[K [01;36m[Knote: [m[Kcandidate: â€˜[01m[Krclcpp::Node::Node(const string&, const string&, const rclcpp::NodeOptions&)[m[Kâ€™
[2.680s]   101 |   explicit [01;36m[KNode[m[K(
[2.680s]       |            [01;36m[K^~~~[m[K
[2.680s] [01m[K/opt/ros/humble/include/rclcpp/rclcpp/node.hpp:101:12:[m[K [01;36m[Knote: [m[K  candidate expects 3 arguments, 0 provided
[2.680s] [01m[K/opt/ros/humble/include/rclcpp/rclcpp/node.hpp:89:12:[m[K [01;36m[Knote: [m[Kcandidate: â€˜[01m[Krclcpp::Node::Node(const string&, const rclcpp::NodeOptions&)[m[Kâ€™
[2.680s]    89 |   explicit [01;36m[KNode[m[K(
[2.680s]       |            [01;36m[K^~~~[m[K
[2.680s] [01m[K/opt/ros/humble/include/rclcpp/rclcpp/node.hpp:89:12:[m[K [01;36m[Knote: [m[K  candidate expects 2 arguments, 0 provided
[2.712s] gmake[2]: *** [CMakeFiles/behavior_executive_node.dir/build.make:90: CMakeFiles/behavior_executive_node.dir/src/behavior_executive_node.cpp.o] Error 1
[2.712s] gmake[2]: *** Waiting for unfinished jobs....
[2.735s] gmake[2]: *** [CMakeFiles/behavior_executive_node.dir/build.make:76: CMakeFiles/behavior_executive_node.dir/src/behavior_executive_main.cpp.o] Error 1
[2.735s] gmake[1]: *** [CMakeFiles/Makefile2:137: CMakeFiles/behavior_executive_node.dir/all] Error 2
[2.735s] gmake: *** [Makefile:146: all] Error 2
[2.737s] Invoked command in '/home/williamfbx/Lunar-ROADSTER/lr_ws/build/planning' returned '2': AMENT_PREFIX_PATH=/home/williamfbx/Lunar-ROADSTER/lr_ws/install/mapping:/home/williamfbx/Lunar-ROADSTER/lr_ws/install/cg_msgs:${AMENT_PREFIX_PATH} CMAKE_PREFIX_PATH=/home/williamfbx/Lunar-ROADSTER/lr_ws/install/mapping:/home/williamfbx/Lunar-ROADSTER/lr_ws/install/cg_msgs:/opt/ros/humble LD_LIBRARY_PATH=/home/williamfbx/Lunar-ROADSTER/lr_ws/install/cg_msgs/lib:${LD_LIBRARY_PATH} PYTHONPATH=/home/williamfbx/Lunar-ROADSTER/lr_ws/install/cg_msgs/local/lib/python3.10/dist-packages:${PYTHONPATH} /usr/bin/cmake --build /home/williamfbx/Lunar-ROADSTER/lr_ws/build/planning -- -j12 -l12
