[01m[K/home/williamfbx/Lunar-ROADSTER/lr_ws/src/planning/src/behavior_executive_node.cpp:[m[K In member function â€˜[01m[Kvoid cg::planning::BehaviorExecutive::fsmTimerCallback()[m[Kâ€™:
[01m[K/home/williamfbx/Lunar-ROADSTER/lr_ws/src/planning/src/behavior_executive_node.cpp:122:5:[m[K [01;31m[Kerror: [m[Kâ€˜[01m[Kplan_transport_[m[Kâ€™ was not declared in this scope; did you mean â€˜[01m[KPlanTransport[m[Kâ€™?
  122 |     [01;31m[Kplan_transport_[m[K.runState();
      |     [01;31m[K^~~~~~~~~~~~~~~[m[K
      |     [32m[KPlanTransport[m[K
gmake[2]: *** [CMakeFiles/behavior_executive_node.dir/build.make:90: CMakeFiles/behavior_executive_node.dir/src/behavior_executive_node.cpp.o] Error 1
gmake[1]: *** [CMakeFiles/Makefile2:137: CMakeFiles/behavior_executive_node.dir/all] Error 2
gmake: *** [Makefile:146: all] Error 2
