[33mCMake Warning at CMakeLists.txt:37 (add_executable):
  Cannot generate a safe runtime search path for target
  behavior_executive_node because there is a cycle in the constraint graph:

    dir 0 is [/root/Lunar_ROADSTER/lr_ws/install/cg_msgs/lib]
    dir 1 is [/root/microros_ws/install/nav_msgs/lib]
    dir 2 is [/opt/ros/humble/lib]
      dir 1 must precede it due to runtime library [libnav_msgs__rosidl_typesupport_fastrtps_c.so]
      dir 3 must precede it due to runtime library [libbuiltin_interfaces__rosidl_generator_c.so]
      dir 4 must precede it due to runtime library [libgeometry_msgs__rosidl_generator_c.so]
      dir 5 must precede it due to runtime library [libsensor_msgs__rosidl_typesupport_fastrtps_c.so]
      dir 6 must precede it due to runtime library [libstd_msgs__rosidl_generator_c.so]
      dir 8 must precede it due to runtime library [libaction_msgs__rosidl_typesupport_fastrtps_c.so]
      dir 9 must precede it due to runtime library [libunique_identifier_msgs__rosidl_typesupport_fastrtps_c.so]
      dir 10 must precede it due to runtime library [librosgraph_msgs__rosidl_typesupport_fastrtps_c.so]
      dir 11 must precede it due to runtime library [libstatistics_msgs__rosidl_typesupport_fastrtps_c.so]
      dir 12 must precede it due to runtime library [libcomposition_interfaces__rosidl_typesupport_fastrtps_c.so]
      dir 13 must precede it due to runtime library [librcl_interfaces__rosidl_typesupport_fastrtps_c.so]
    dir 3 is [/root/microros_ws/install/builtin_interfaces/lib]
      dir 2 must precede it due to runtime library [libbuiltin_interfaces__rosidl_generator_c.so]
    dir 4 is [/root/microros_ws/install/geometry_msgs/lib]
      dir 2 must precede it due to runtime library [libgeometry_msgs__rosidl_generator_c.so]
    dir 5 is [/root/microros_ws/install/sensor_msgs/lib]
      dir 2 must precede it due to runtime library [libsensor_msgs__rosidl_generator_c.so]
    dir 6 is [/root/microros_ws/install/std_msgs/lib]
      dir 2 must precede it due to runtime library [libstd_msgs__rosidl_generator_c.so]
    dir 7 is [/usr/local/lib]
    dir 8 is [/root/microros_ws/install/action_msgs/lib]
    dir 9 is [/root/microros_ws/install/unique_identifier_msgs/lib]
    dir 10 is [/root/microros_ws/install/rosgraph_msgs/lib]
      dir 2 must precede it due to runtime library [librosgraph_msgs__rosidl_generator_c.so]
    dir 11 is [/root/microros_ws/install/statistics_msgs/lib]
      dir 2 must precede it due to runtime library [libstatistics_msgs__rosidl_generator_c.so]
    dir 12 is [/root/microros_ws/install/composition_interfaces/lib]
    dir 13 is [/root/microros_ws/install/rcl_interfaces/lib]

  Some of these libraries may not be found correctly.

[0m
In file included from [01m[K/root/Lunar_ROADSTER/lr_ws/src/planning/src/behavior_executive_main.cpp:2[m[K:
[01m[K/root/Lunar_ROADSTER/lr_ws/src/planning/include/planning/behavior_executive_node.hpp:12:10:[m[K [01;31m[Kfatal error: [m[Kmapping/map.hpp: No such file or directory
   12 | #include [01;31m[K<mapping/map.hpp>[m[K
      |          [01;31m[K^~~~~~~~~~~~~~~~~[m[K
compilation terminated.
In file included from [01m[K/root/Lunar_ROADSTER/lr_ws/src/planning/src/behavior_executive_node.cpp:1[m[K:
[01m[K/root/Lunar_ROADSTER/lr_ws/src/planning/include/planning/behavior_executive_node.hpp:12:10:[m[K [01;31m[Kfatal error: [m[Kmapping/map.hpp: No such file or directory
   12 | #include [01;31m[K<mapping/map.hpp>[m[K
      |          [01;31m[K^~~~~~~~~~~~~~~~~[m[K
compilation terminated.
gmake[2]: *** [CMakeFiles/behavior_executive_node.dir/build.make:76: CMakeFiles/behavior_executive_node.dir/src/behavior_executive_main.cpp.o] Error 1
gmake[2]: *** Waiting for unfinished jobs....
gmake[2]: *** [CMakeFiles/behavior_executive_node.dir/build.make:90: CMakeFiles/behavior_executive_node.dir/src/behavior_executive_node.cpp.o] Error 1
gmake[1]: *** [CMakeFiles/Makefile2:137: CMakeFiles/behavior_executive_node.dir/all] Error 2
gmake: *** [Makefile:146: all] Error 2
