-- Found ament_cmake: 1.3.11 (/opt/ros/humble/share/ament_cmake/cmake)
-- Found rclcpp: 16.0.11 (/opt/ros/humble/share/rclcpp/cmake)
-- Found rosidl_generator_c: 3.1.6 (/opt/ros/humble/share/rosidl_generator_c/cmake)
-- Found rosidl_adapter: 3.1.6 (/opt/ros/humble/share/rosidl_adapter/cmake)
-- Found rosidl_generator_cpp: 3.1.6 (/opt/ros/humble/share/rosidl_generator_cpp/cmake)
-- Using all available rosidl_typesupport_c: rosidl_typesupport_microxrcedds_c;rosidl_typesupport_fastrtps_c;rosidl_typesupport_introspection_c
-- Using all available rosidl_typesupport_cpp: rosidl_typesupport_microxrcedds_cpp;rosidl_typesupport_fastrtps_cpp;rosidl_typesupport_introspection_cpp
-- Found rmw_implementation_cmake: 6.1.2 (/opt/ros/humble/share/rmw_implementation_cmake/cmake)
-- Found rmw_fastrtps_cpp: 6.2.7 (/opt/ros/humble/share/rmw_fastrtps_cpp/cmake)
-- Using RMW implementation 'rmw_fastrtps_cpp' as default
-- Found cg_msgs: 0.0.0 (/root/Lunar_ROADSTER/lr_ws/install/cg_msgs/share/cg_msgs/cmake)
-- Found mapping: 0.0.0 (/root/Lunar_ROADSTER/lr_ws/install/mapping/share/mapping/cmake)
-- Found ZLIB: /usr/local/lib/libz.a (found version "1.2.11") 
-- Found re2: /usr/local/lib/cmake/re2/re2Config.cmake (found version "9.0.0") 
-- Found Eigen3: /usr/local/share/eigen3/cmake/Eigen3Config.cmake (found version "3.4.0") 
-- Found nav_msgs: 4.2.4 (/root/microros_ws/install/nav_msgs/share/nav_msgs/cmake)
-- Found tf2_ros: 0.25.12 (/opt/ros/humble/share/tf2_ros/cmake)
-- Found pcl_ros: 2.4.5 (/opt/ros/humble/share/pcl_ros/cmake)
-- Checking for module 'eigen3'
--   Found eigen3, version 3.4.0
-- Found Eigen: /usr/include/eigen3 (Required is at least version "3.1") 
-- Eigen found (include: /usr/include/eigen3, version: 3.4.0)
-- Checking for module 'flann'
--   Found flann, version 1.9.1
-- Found FLANN: /usr/lib/aarch64-linux-gnu/libflann_cpp.so  
-- FLANN found (include: /usr/include, lib: /usr/lib/aarch64-linux-gnu/libflann_cpp.so)
-- Checking for module 'libusb-1.0'
--   Found libusb-1.0, version 1.0.25
-- Found libusb: /usr/lib/aarch64-linux-gnu/libusb-1.0.so  
-- OpenNI found (version: 1.5.4.0, include: /usr/include/ni, lib: /usr/lib/libOpenNI.so;libusb::libusb)
-- OpenNI2 found (version: 2.2.0.33, include: /usr/include/openni2, lib: /usr/lib/aarch64-linux-gnu/libOpenNI2.so;libusb::libusb)
-- Eigen found (include: /usr/include/eigen3, version: 3.4.0)
-- OpenNI found (version: 1.5.4.0, include: /usr/include/ni, lib: /usr/lib/libOpenNI.so;libusb::libusb)
-- OpenNI2 found (version: 2.2.0.33, include: /usr/include/openni2, lib: /usr/lib/aarch64-linux-gnu/libOpenNI2.so;libusb::libusb)
-- Found Qhull version 8.0.2
-- OpenNI found (version: 1.5.4.0, include: /usr/include/ni, lib: /usr/lib/libOpenNI.so;libusb::libusb)
-- Found PCL_COMMON: /usr/lib/aarch64-linux-gnu/libpcl_common.so  
-- Found PCL_KDTREE: /usr/lib/aarch64-linux-gnu/libpcl_kdtree.so  
-- Found PCL_OCTREE: /usr/lib/aarch64-linux-gnu/libpcl_octree.so  
-- Found PCL_SEARCH: /usr/lib/aarch64-linux-gnu/libpcl_search.so  
-- Found PCL_SAMPLE_CONSENSUS: /usr/lib/aarch64-linux-gnu/libpcl_sample_consensus.so  
-- Found PCL_FILTERS: /usr/lib/aarch64-linux-gnu/libpcl_filters.so  
-- Found PCL_2D: /usr/include/pcl-1.12  
-- Found PCL_GEOMETRY: /usr/include/pcl-1.12  
-- Found PCL_IO: /usr/lib/aarch64-linux-gnu/libpcl_io.so  
-- Found PCL_FEATURES: /usr/lib/aarch64-linux-gnu/libpcl_features.so  
-- Found PCL_ML: /usr/lib/aarch64-linux-gnu/libpcl_ml.so  
-- Found PCL_SEGMENTATION: /usr/lib/aarch64-linux-gnu/libpcl_segmentation.so  
-- Found PCL_VISUALIZATION: /usr/lib/aarch64-linux-gnu/libpcl_visualization.so  
-- Found PCL_SURFACE: /usr/lib/aarch64-linux-gnu/libpcl_surface.so  
-- Found PCL_REGISTRATION: /usr/lib/aarch64-linux-gnu/libpcl_registration.so  
-- Found PCL_KEYPOINTS: /usr/lib/aarch64-linux-gnu/libpcl_keypoints.so  
-- Found PCL_TRACKING: /usr/lib/aarch64-linux-gnu/libpcl_tracking.so  
-- Found PCL_RECOGNITION: /usr/lib/aarch64-linux-gnu/libpcl_recognition.so  
-- Found PCL_STEREO: /usr/lib/aarch64-linux-gnu/libpcl_stereo.so  
-- Found PCL_APPS: /usr/lib/aarch64-linux-gnu/libpcl_apps.so  
-- Found PCL_IN_HAND_SCANNER: /usr/include/pcl-1.12  
-- Found PCL_MODELER: /usr/include/pcl-1.12  
-- Found PCL_POINT_CLOUD_EDITOR: /usr/include/pcl-1.12  
-- Found PCL_OUTOFCORE: /usr/lib/aarch64-linux-gnu/libpcl_outofcore.so  
-- Found PCL_PEOPLE: /usr/lib/aarch64-linux-gnu/libpcl_people.so  
-- Found eigen3_cmake_module: 0.1.1 (/opt/ros/humble/share/eigen3_cmake_module/cmake)
-- Found Eigen3: TRUE (found version "3.4.0") 
-- Ensuring Eigen3 include directory is part of orocos-kdl CMake target
-- Configuring done
[33mCMake Warning at CMakeLists.txt:37 (add_executable):
  Cannot generate a safe runtime search path for target
  behavior_executive_node because there is a cycle in the constraint graph:

    dir 0 is [/root/Lunar_ROADSTER/lr_ws/install/cg_msgs/lib]
    dir 1 is [/root/microros_ws/install/nav_msgs/lib]
    dir 2 is [/opt/ros/humble/lib]
      dir 1 must precede it due to runtime library [libnav_msgs__rosidl_typesupport_fastrtps_c.so]
      dir 3 must precede it due to runtime library [libbuiltin_interfaces__rosidl_generator_c.so]
      dir 4 must precede it due to runtime library [libgeometry_msgs__rosidl_generator_c.so]
      dir 5 must precede it due to runtime library [libsensor_msgs__rosidl_typesupport_fastrtps_c.so]
      dir 6 must precede it due to runtime library [libstd_msgs__rosidl_generator_c.so]
      dir 8 must precede it due to runtime library [libaction_msgs__rosidl_typesupport_fastrtps_c.so]
      dir 9 must precede it due to runtime library [libunique_identifier_msgs__rosidl_typesupport_fastrtps_c.so]
      dir 10 must precede it due to runtime library [librosgraph_msgs__rosidl_typesupport_fastrtps_c.so]
      dir 11 must precede it due to runtime library [libstatistics_msgs__rosidl_typesupport_fastrtps_c.so]
      dir 12 must precede it due to runtime library [libcomposition_interfaces__rosidl_typesupport_fastrtps_c.so]
      dir 13 must precede it due to runtime library [librcl_interfaces__rosidl_typesupport_fastrtps_c.so]
    dir 3 is [/root/microros_ws/install/builtin_interfaces/lib]
      dir 2 must precede it due to runtime library [libbuiltin_interfaces__rosidl_generator_c.so]
    dir 4 is [/root/microros_ws/install/geometry_msgs/lib]
      dir 2 must precede it due to runtime library [libgeometry_msgs__rosidl_generator_c.so]
    dir 5 is [/root/microros_ws/install/sensor_msgs/lib]
      dir 2 must precede it due to runtime library [libsensor_msgs__rosidl_generator_c.so]
    dir 6 is [/root/microros_ws/install/std_msgs/lib]
      dir 2 must precede it due to runtime library [libstd_msgs__rosidl_generator_c.so]
    dir 7 is [/usr/local/lib]
    dir 8 is [/root/microros_ws/install/action_msgs/lib]
    dir 9 is [/root/microros_ws/install/unique_identifier_msgs/lib]
    dir 10 is [/root/microros_ws/install/rosgraph_msgs/lib]
      dir 2 must precede it due to runtime library [librosgraph_msgs__rosidl_generator_c.so]
    dir 11 is [/root/microros_ws/install/statistics_msgs/lib]
      dir 2 must precede it due to runtime library [libstatistics_msgs__rosidl_generator_c.so]
    dir 12 is [/root/microros_ws/install/composition_interfaces/lib]
    dir 13 is [/root/microros_ws/install/rcl_interfaces/lib]

  Some of these libraries may not be found correctly.

[0m
-- Generating done
-- Build files have been written to: /root/Lunar_ROADSTER/lr_ws/build/planning
[  5%] [32mBuilding CXX object CMakeFiles/behavior_executive_node.dir/src/fsm/fsm.cpp.o[0m
[ 11%] [32mBuilding CXX object CMakeFiles/behavior_executive_node.dir/src/behavior_executive_main.cpp.o[0m
[ 16%] [32mBuilding CXX object CMakeFiles/behavior_executive_node.dir/src/behavior_executive_node.cpp.o[0m
[ 22%] [32mBuilding CXX object CMakeFiles/behavior_executive_node.dir/src/planning_util.cpp.o[0m
In file included from [01m[K/root/Lunar_ROADSTER/lr_ws/src/planning/src/behavior_executive_main.cpp:2[m[K:
[01m[K/root/Lunar_ROADSTER/lr_ws/src/planning/include/planning/behavior_executive_node.hpp:12:10:[m[K [01;31m[Kfatal error: [m[Kmapping/map.hpp: No such file or directory
   12 | #include [01;31m[K<mapping/map.hpp>[m[K
      |          [01;31m[K^~~~~~~~~~~~~~~~~[m[K
compilation terminated.
In file included from [01m[K/root/Lunar_ROADSTER/lr_ws/src/planning/src/behavior_executive_node.cpp:1[m[K:
[01m[K/root/Lunar_ROADSTER/lr_ws/src/planning/include/planning/behavior_executive_node.hpp:12:10:[m[K [01;31m[Kfatal error: [m[Kmapping/map.hpp: No such file or directory
   12 | #include [01;31m[K<mapping/map.hpp>[m[K
      |          [01;31m[K^~~~~~~~~~~~~~~~~[m[K
compilation terminated.
gmake[2]: *** [CMakeFiles/behavior_executive_node.dir/build.make:76: CMakeFiles/behavior_executive_node.dir/src/behavior_executive_main.cpp.o] Error 1
gmake[2]: *** Waiting for unfinished jobs....
gmake[2]: *** [CMakeFiles/behavior_executive_node.dir/build.make:90: CMakeFiles/behavior_executive_node.dir/src/behavior_executive_node.cpp.o] Error 1
gmake[1]: *** [CMakeFiles/Makefile2:137: CMakeFiles/behavior_executive_node.dir/all] Error 2
gmake: *** [Makefile:146: all] Error 2
