[0.187s] Invoking command in '/root/Lunar_ROADSTER/lr_ws/build/localization': CMAKE_PREFIX_PATH=/root/Lunar_ROADSTER/lr_ws/install/cg_msgs:/root/Lunar_ROADSTER/lr_ws/install/vectornav:/root/Lunar_ROADSTER/lr_ws/install/vectornav_msgs:/root/Lunar_ROADSTER/lr_ws/install/localization:/opt/ros/humble LD_LIBRARY_PATH=/root/Lunar_ROADSTER/lr_ws/install/cg_msgs/lib:/root/Lunar_ROADSTER/lr_ws/install/vectornav/lib:/root/Lunar_ROADSTER/lr_ws/install/vectornav_msgs/lib:/opt/ros/humble/opt/rviz_ogre_vendor/lib:/opt/ros/humble/lib/aarch64-linux-gnu:/opt/ros/humble/lib:/usr/local/cuda/lib64 /usr/local/bin/cmake --build /root/Lunar_ROADSTER/lr_ws/build/localization -- -j4 -l4
[0.458s] [35m[1mConsolidate compiler generated dependencies of target imu_tf_publisher[0m
[0.476s] [ 20%] Built target kalman_filter_linear
[0.541s] [ 50%] Built target ts_prism_transformer
[0.580s] [ 60%] [32mBuilding CXX object CMakeFiles/imu_tf_publisher.dir/src/imu_tf_publisher.cpp.o[0m
[0.612s] [ 70%] [32mBuilding CXX object CMakeFiles/slip_estimate_node.dir/src/slip_estimate_main.cpp.o[0m
[0.618s] [ 80%] [32mBuilding CXX object CMakeFiles/slip_estimate_node.dir/src/slip_estimate_node.cpp.o[0m
[2.528s] In file included from [01m[K/root/Lunar_ROADSTER/lr_ws/src/localization/include/localization/imu_tf_publisher.hpp:8[m[K,
[2.535s]                  from [01m[K/root/Lunar_ROADSTER/lr_ws/src/localization/src/imu_tf_publisher.cpp:1[m[K:
[2.536s] [01m[K/opt/ros/humble/include/tf2_geometry_msgs/tf2_geometry_msgs/tf2_geometry_msgs.h:35:2:[m[K [01;35m[Kwarning: [m[K#warning This header is obsolete, please include tf2_geometry_msgs/tf2_geometry_msgs.hpp instead [[01;35m[K-Wcpp[m[K]
[2.538s]    35 | #[01;35m[Kwarning[m[K This header is obsolete, please include tf2_geometry_msgs/tf2_geometry_msgs.hpp instead
[2.539s]       |  [01;35m[K^~~~~~~[m[K
[2.719s] In file included from [01m[K/root/Lunar_ROADSTER/lr_ws/src/localization/src/slip_estimate_main.cpp:3[m[K:
[2.721s] [01m[K/root/Lunar_ROADSTER/lr_ws/src/localization/include/localization/slip_estimate_node.hpp:13:10:[m[K [01;31m[Kfatal error: [m[Ktf2_ros/transform_broadcaster.h: No such file or directory
[2.723s]    13 | #include [01;31m[K<tf2_ros/transform_broadcaster.h>[m[K
[2.725s]       |          [01;31m[K^~~~~~~~~~~~~~~~~~~~~~~~~~~~~~~~~[m[K
[2.727s] compilation terminated.
[2.737s] gmake[2]: *** [CMakeFiles/slip_estimate_node.dir/build.make:76: CMakeFiles/slip_estimate_node.dir/src/slip_estimate_main.cpp.o] Error 1
[2.739s] gmake[2]: *** Waiting for unfinished jobs....
[2.777s] In file included from [01m[K/root/Lunar_ROADSTER/lr_ws/src/localization/src/slip_estimate_node.cpp:1[m[K:
[2.779s] [01m[K/root/Lunar_ROADSTER/lr_ws/src/localization/include/localization/slip_estimate_node.hpp:13:10:[m[K [01;31m[Kfatal error: [m[Ktf2_ros/transform_broadcaster.h: No such file or directory
[2.780s]    13 | #include [01;31m[K<tf2_ros/transform_broadcaster.h>[m[K
[2.782s]       |          [01;31m[K^~~~~~~~~~~~~~~~~~~~~~~~~~~~~~~~~[m[K
[2.783s] compilation terminated.
[2.790s] gmake[2]: *** [CMakeFiles/slip_estimate_node.dir/build.make:90: CMakeFiles/slip_estimate_node.dir/src/slip_estimate_node.cpp.o] Error 1
[2.791s] gmake[1]: *** [CMakeFiles/Makefile2:143: CMakeFiles/slip_estimate_node.dir/all] Error 2
[2.791s] gmake[1]: *** Waiting for unfinished jobs....
[13.828s] [01m[K/root/Lunar_ROADSTER/lr_ws/src/localization/src/imu_tf_publisher.cpp:[m[K In member function â€˜[01m[Kvoid cg::imu_rlts::ImuTfPublisher::imuCallback(sensor_msgs::msg::Imu_<std::allocator<void> >::SharedPtr)[m[Kâ€™:
[13.830s] [01m[K/root/Lunar_ROADSTER/lr_ws/src/localization/src/imu_tf_publisher.cpp:29:37:[m[K [01;31m[Kerror: [m[Kâ€˜[01m[Kusing _header_type = struct std_msgs::msg::Header_<std::allocator<void> >[m[Kâ€™ {aka â€˜[01m[Kstruct std_msgs::msg::Header_<std::allocator<void> >[m[Kâ€™} has no member named â€˜[01m[Kchild_frame_id[m[Kâ€™
[13.831s]    29 |             transformStamped.header.[01;31m[Kchild_frame_id[m[K = imu_frame;
[13.831s]       |                                     [01;31m[K^~~~~~~~~~~~~~[m[K
[13.836s] [01m[K/root/Lunar_ROADSTER/lr_ws/src/localization/src/imu_tf_publisher.cpp:[m[K In function â€˜[01m[Kint main(int, char**)[m[Kâ€™:
[13.836s] [01m[K/root/Lunar_ROADSTER/lr_ws/src/localization/src/imu_tf_publisher.cpp:78:35:[m[K [01;31m[Kerror: [m[Kâ€˜[01m[KImuTfPublisher[m[Kâ€™ was not declared in this scope; did you mean â€˜[01m[Kcg::imu_rlts::ImuTfPublisher[m[Kâ€™?
[13.837s]    78 |     rclcpp::spin(std::make_shared<[01;31m[KImuTfPublisher[m[K>());
[13.837s]       |                                   [01;31m[K^~~~~~~~~~~~~~[m[K
[13.837s]       |                                   [32m[Kcg::imu_rlts::ImuTfPublisher[m[K
[13.838s] In file included from [01m[K/root/Lunar_ROADSTER/lr_ws/src/localization/src/imu_tf_publisher.cpp:1[m[K:
[13.839s] [01m[K/root/Lunar_ROADSTER/lr_ws/src/localization/include/localization/imu_tf_publisher.hpp:19:7:[m[K [01;36m[Knote: [m[Kâ€˜[01m[Kcg::imu_rlts::ImuTfPublisher[m[Kâ€™ declared here
[13.839s]    19 | class [01;36m[KImuTfPublisher[m[K : public rclcpp::Node {
[13.839s]       |       [01;36m[K^~~~~~~~~~~~~~[m[K
[13.840s] [01m[K/root/Lunar_ROADSTER/lr_ws/src/localization/src/imu_tf_publisher.cpp:78:50:[m[K [01;31m[Kerror: [m[Kno matching function for call to â€˜[01m[Kmake_shared<<expression error> >()[m[Kâ€™
[13.840s]    78 |     rclcpp::spin([01;31m[Kstd::make_shared<ImuTfPublisher>()[m[K);
[13.841s]       |                  [01;31m[K~~~~~~~~~~~~~~~~~~~~~~~~~~~~~~~~^~[m[K
[13.841s] In file included from [01m[K/usr/include/c++/11/memory:77[m[K,
[13.842s]                  from [01m[K/opt/ros/humble/include/rclcpp/rclcpp/rclcpp.hpp:153[m[K,
[13.842s]                  from [01m[K/root/Lunar_ROADSTER/lr_ws/src/localization/include/localization/imu_tf_publisher.hpp:4[m[K,
[13.842s]                  from [01m[K/root/Lunar_ROADSTER/lr_ws/src/localization/src/imu_tf_publisher.cpp:1[m[K:
[13.843s] [01m[K/usr/include/c++/11/bits/shared_ptr.h:875:5:[m[K [01;36m[Knote: [m[Kcandidate: â€˜[01m[Ktemplate<class _Tp, class ... _Args> std::shared_ptr<_Tp> std::make_shared(_Args&& ...)[m[Kâ€™
[13.843s]   875 |     [01;36m[Kmake_shared[m[K(_Args&&... __args)
[13.843s]       |     [01;36m[K^~~~~~~~~~~[m[K
[13.844s] [01m[K/usr/include/c++/11/bits/shared_ptr.h:875:5:[m[K [01;36m[Knote: [m[K  template argument deduction/substitution failed:
[13.844s] [01m[K/root/Lunar_ROADSTER/lr_ws/src/localization/src/imu_tf_publisher.cpp:78:50:[m[K [01;31m[Kerror: [m[Ktemplate argument 1 is invalid
[13.844s]    78 |     rclcpp::spin([01;31m[Kstd::make_shared<ImuTfPublisher>()[m[K);
[13.845s]       |                  [01;31m[K~~~~~~~~~~~~~~~~~~~~~~~~~~~~~~~~^~[m[K
[24.171s] gmake[2]: *** [CMakeFiles/imu_tf_publisher.dir/build.make:76: CMakeFiles/imu_tf_publisher.dir/src/imu_tf_publisher.cpp.o] Error 1
[24.172s] gmake[1]: *** [CMakeFiles/Makefile2:221: CMakeFiles/imu_tf_publisher.dir/all] Error 2
[24.173s] gmake: *** [Makefile:146: all] Error 2
[24.183s] Invoked command in '/root/Lunar_ROADSTER/lr_ws/build/localization' returned '2': CMAKE_PREFIX_PATH=/root/Lunar_ROADSTER/lr_ws/install/cg_msgs:/root/Lunar_ROADSTER/lr_ws/install/vectornav:/root/Lunar_ROADSTER/lr_ws/install/vectornav_msgs:/root/Lunar_ROADSTER/lr_ws/install/localization:/opt/ros/humble LD_LIBRARY_PATH=/root/Lunar_ROADSTER/lr_ws/install/cg_msgs/lib:/root/Lunar_ROADSTER/lr_ws/install/vectornav/lib:/root/Lunar_ROADSTER/lr_ws/install/vectornav_msgs/lib:/opt/ros/humble/opt/rviz_ogre_vendor/lib:/opt/ros/humble/lib/aarch64-linux-gnu:/opt/ros/humble/lib:/usr/local/cuda/lib64 /usr/local/bin/cmake --build /root/Lunar_ROADSTER/lr_ws/build/localization -- -j4 -l4
