[0.246s] Invoking command in '/root/Lunar_ROADSTER/lr_ws/build/kindr_msgs': CMAKE_PREFIX_PATH=${CMAKE_PREFIX_PATH}:/root/Lunar_ROADSTER/lr_ws/install/nav2_simple_commander:/opt/ros/humble: /usr/local/bin/cmake --build /root/Lunar_ROADSTER/lr_ws/build/kindr_msgs -- -j4 -l4
[0.553s] [  3%] Built target kindr_msgs__cpp
[0.702s] [  3%] Built target ament_cmake_python_copy_kindr_msgs
[0.819s] [  6%] [32mBuilding CXX object CMakeFiles/kindr_msgs__rosidl_typesupport_introspection_cpp.dir/rosidl_typesupport_introspection_cpp/kindr_msgs/msg/detail/vector_at_position__type_support.cpp.o[0m
[1.171s] In file included from [01m[K/root/Lunar_ROADSTER/lr_ws/build/kindr_msgs/rosidl_typesupport_introspection_cpp/kindr_msgs/msg/detail/vector_at_position__type_support.cpp:12[m[K:
[1.172s] [01m[K/root/Lunar_ROADSTER/lr_ws/build/kindr_msgs/rosidl_generator_cpp/kindr_msgs/msg/detail/vector_at_position__struct.hpp:20:10:[m[K [01;31m[Kfatal error: [m[Kstd_msgs/msg/detail/header__struct.hpp: No such file or directory
[1.172s]    20 | #include [01;31m[K"std_msgs/msg/detail/header__struct.hpp"[m[K
[1.172s]       |          [01;31m[K^~~~~~~~~~~~~~~~~~~~~~~~~~~~~~~~~~~~~~~~[m[K
[1.173s] compilation terminated.
[1.184s] gmake[2]: *** [CMakeFiles/kindr_msgs__rosidl_typesupport_introspection_cpp.dir/build.make:91: CMakeFiles/kindr_msgs__rosidl_typesupport_introspection_cpp.dir/rosidl_typesupport_introspection_cpp/kindr_msgs/msg/detail/vector_at_position__type_support.cpp.o] Error 1
[1.191s] gmake[1]: *** [CMakeFiles/Makefile2:369: CMakeFiles/kindr_msgs__rosidl_typesupport_introspection_cpp.dir/all] Error 2
[1.193s] gmake: *** [Makefile:146: all] Error 2
[1.199s] Invoked command in '/root/Lunar_ROADSTER/lr_ws/build/kindr_msgs' returned '2': CMAKE_PREFIX_PATH=${CMAKE_PREFIX_PATH}:/root/Lunar_ROADSTER/lr_ws/install/nav2_simple_commander:/opt/ros/humble: /usr/local/bin/cmake --build /root/Lunar_ROADSTER/lr_ws/build/kindr_msgs -- -j4 -l4
