[01m[K/home/williamfbx/Lunar-ROADSTER/lr_ws/src/planning/src/behavior_executive_node.cpp:[m[K In member function â€˜[01m[Kvoid cg::planning::BehaviorExecutive::fsmTimerCallback()[m[Kâ€™:
[01m[K/home/williamfbx/Lunar-ROADSTER/lr_ws/src/planning/src/behavior_executive_node.cpp:147:5:[m[K [01;31m[Kerror: [m[Kâ€˜[01m[KenableWorksystemService[m[Kâ€™ was not declared in this scope
  147 |     [01;31m[KenableWorksystemService[m[K(enable_worksystem_, true);
      |     [01;31m[K^~~~~~~~~~~~~~~~~~~~~~~[m[K
[01m[K/home/williamfbx/Lunar-ROADSTER/lr_ws/src/planning/src/behavior_executive_node.cpp:[m[K At global scope:
[01m[K/home/williamfbx/Lunar-ROADSTER/lr_ws/src/planning/src/behavior_executive_node.cpp:202:6:[m[K [01;31m[Kerror: [m[Kno declaration matches â€˜[01m[Kbool cg::planning::BehaviorExecutive::enableWorksystemService(bool, bool)[m[Kâ€™
  202 | bool [01;31m[KBehaviorExecutive[m[K::enableWorksystemService(const bool enable_worksystem, bool verbose = false) {
      |      [01;31m[K^~~~~~~~~~~~~~~~~[m[K
[01m[K/home/williamfbx/Lunar-ROADSTER/lr_ws/src/planning/src/behavior_executive_node.cpp:202:6:[m[K [01;36m[Knote: [m[Kno functions named â€˜[01m[Kbool cg::planning::BehaviorExecutive::enableWorksystemService(bool, bool)[m[Kâ€™
In file included from [01m[K/home/williamfbx/Lunar-ROADSTER/lr_ws/src/planning/src/behavior_executive_node.cpp:1[m[K:
[01m[K/home/williamfbx/Lunar-ROADSTER/lr_ws/src/planning/include/planning/behavior_executive_node.hpp:39:7:[m[K [01;36m[Knote: [m[Kâ€˜[01m[Kclass cg::planning::BehaviorExecutive[m[Kâ€™ defined here
   39 | class [01;36m[KBehaviorExecutive[m[K : public rclcpp::Node {
      |       [01;36m[K^~~~~~~~~~~~~~~~~[m[K
gmake[2]: *** [CMakeFiles/behavior_executive_node.dir/build.make:90: CMakeFiles/behavior_executive_node.dir/src/behavior_executive_node.cpp.o] Error 1
gmake[1]: *** [CMakeFiles/Makefile2:137: CMakeFiles/behavior_executive_node.dir/all] Error 2
gmake: *** [Makefile:146: all] Error 2
