[0.076s] Invoking command in '/root/Lunar_ROADSTER/lr_ws/build/localization': CMAKE_PREFIX_PATH=/root/Lunar_ROADSTER/lr_ws/install/cg_msgs:/root/Lunar_ROADSTER/lr_ws/install/vectornav:/root/Lunar_ROADSTER/lr_ws/install/vectornav_msgs:/root/Lunar_ROADSTER/lr_ws/install/localization:/opt/ros/humble LD_LIBRARY_PATH=/root/Lunar_ROADSTER/lr_ws/install/cg_msgs/lib:/root/Lunar_ROADSTER/lr_ws/install/vectornav/lib:/root/Lunar_ROADSTER/lr_ws/install/vectornav_msgs/lib:/opt/ros/humble/opt/rviz_ogre_vendor/lib:/opt/ros/humble/lib/aarch64-linux-gnu:/opt/ros/humble/lib:/usr/local/cuda/lib64 /usr/local/bin/cmake --build /root/Lunar_ROADSTER/lr_ws/build/localization -- -j4 -l4
[0.305s] [35m[1mConsolidate compiler generated dependencies of target imu_tf_publisher[0m
[0.371s] [ 20%] Built target kalman_filter_linear
[0.418s] [ 50%] Built target ts_prism_transformer
[0.473s] [ 60%] [32mBuilding CXX object CMakeFiles/slip_estimate_node.dir/src/slip_estimate_main.cpp.o[0m
[0.493s] [ 70%] [32mBuilding CXX object CMakeFiles/slip_estimate_node.dir/src/slip_estimate_node.cpp.o[0m
[0.507s] [ 80%] [32mBuilding CXX object CMakeFiles/imu_tf_publisher.dir/src/imu_tf_publisher.cpp.o[0m
[2.394s] In file included from [01m[K/root/Lunar_ROADSTER/lr_ws/src/localization/include/localization/imu_tf_publisher.hpp:8[m[K,
[2.396s]                  from [01m[K/root/Lunar_ROADSTER/lr_ws/src/localization/src/imu_tf_publisher.cpp:1[m[K:
[2.396s] [01m[K/opt/ros/humble/include/tf2_geometry_msgs/tf2_geometry_msgs/tf2_geometry_msgs.h:35:2:[m[K [01;35m[Kwarning: [m[K#warning This header is obsolete, please include tf2_geometry_msgs/tf2_geometry_msgs.hpp instead [[01;35m[K-Wcpp[m[K]
[2.398s]    35 | #[01;35m[Kwarning[m[K This header is obsolete, please include tf2_geometry_msgs/tf2_geometry_msgs.hpp instead
[2.400s]       |  [01;35m[K^~~~~~~[m[K
[2.546s] In file included from [01m[K/root/Lunar_ROADSTER/lr_ws/src/localization/src/slip_estimate_main.cpp:3[m[K:
[2.551s] [01m[K/root/Lunar_ROADSTER/lr_ws/src/localization/include/localization/slip_estimate_node.hpp:13:10:[m[K [01;31m[Kfatal error: [m[Ktf2_ros/transform_broadcaster.h: No such file or directory
[2.553s]    13 | #include [01;31m[K<tf2_ros/transform_broadcaster.h>[m[K
[2.555s]       |          [01;31m[K^~~~~~~~~~~~~~~~~~~~~~~~~~~~~~~~~[m[K
[2.557s] compilation terminated.
[2.568s] gmake[2]: *** [CMakeFiles/slip_estimate_node.dir/build.make:76: CMakeFiles/slip_estimate_node.dir/src/slip_estimate_main.cpp.o] Error 1
[2.568s] gmake[2]: *** Waiting for unfinished jobs....
[2.821s] In file included from [01m[K/root/Lunar_ROADSTER/lr_ws/src/localization/src/slip_estimate_node.cpp:1[m[K:
[2.821s] [01m[K/root/Lunar_ROADSTER/lr_ws/src/localization/include/localization/slip_estimate_node.hpp:13:10:[m[K [01;31m[Kfatal error: [m[Ktf2_ros/transform_broadcaster.h: No such file or directory
[2.821s]    13 | #include [01;31m[K<tf2_ros/transform_broadcaster.h>[m[K
[2.822s]       |          [01;31m[K^~~~~~~~~~~~~~~~~~~~~~~~~~~~~~~~~[m[K
[2.822s] compilation terminated.
[2.836s] gmake[2]: *** [CMakeFiles/slip_estimate_node.dir/build.make:90: CMakeFiles/slip_estimate_node.dir/src/slip_estimate_node.cpp.o] Error 1
[2.837s] gmake[1]: *** [CMakeFiles/Makefile2:143: CMakeFiles/slip_estimate_node.dir/all] Error 2
[2.837s] gmake[1]: *** Waiting for unfinished jobs....
[13.561s] [01m[K/root/Lunar_ROADSTER/lr_ws/src/localization/src/imu_tf_publisher.cpp:[m[K In member function â€˜[01m[Kvoid cg::imu_rlts::ImuTfPublisher::imuCallback(sensor_msgs::msg::Imu_<std::allocator<void> >::SharedPtr)[m[Kâ€™:
[13.562s] [01m[K/root/Lunar_ROADSTER/lr_ws/src/localization/src/imu_tf_publisher.cpp:29:37:[m[K [01;31m[Kerror: [m[Kâ€˜[01m[Kusing _header_type = struct std_msgs::msg::Header_<std::allocator<void> >[m[Kâ€™ {aka â€˜[01m[Kstruct std_msgs::msg::Header_<std::allocator<void> >[m[Kâ€™} has no member named â€˜[01m[Kchild_frame_id[m[Kâ€™
[13.562s]    29 |             transformStamped.header.[01;31m[Kchild_frame_id[m[K = imu_frame;
[13.563s]       |                                     [01;31m[K^~~~~~~~~~~~~~[m[K
[23.686s] gmake[2]: *** [CMakeFiles/imu_tf_publisher.dir/build.make:76: CMakeFiles/imu_tf_publisher.dir/src/imu_tf_publisher.cpp.o] Error 1
[23.686s] gmake[1]: *** [CMakeFiles/Makefile2:221: CMakeFiles/imu_tf_publisher.dir/all] Error 2
[23.687s] gmake: *** [Makefile:146: all] Error 2
[23.696s] Invoked command in '/root/Lunar_ROADSTER/lr_ws/build/localization' returned '2': CMAKE_PREFIX_PATH=/root/Lunar_ROADSTER/lr_ws/install/cg_msgs:/root/Lunar_ROADSTER/lr_ws/install/vectornav:/root/Lunar_ROADSTER/lr_ws/install/vectornav_msgs:/root/Lunar_ROADSTER/lr_ws/install/localization:/opt/ros/humble LD_LIBRARY_PATH=/root/Lunar_ROADSTER/lr_ws/install/cg_msgs/lib:/root/Lunar_ROADSTER/lr_ws/install/vectornav/lib:/root/Lunar_ROADSTER/lr_ws/install/vectornav_msgs/lib:/opt/ros/humble/opt/rviz_ogre_vendor/lib:/opt/ros/humble/lib/aarch64-linux-gnu:/opt/ros/humble/lib:/usr/local/cuda/lib64 /usr/local/bin/cmake --build /root/Lunar_ROADSTER/lr_ws/build/localization -- -j4 -l4
