-- Found ament_cmake_auto: 1.3.11 (/opt/ros/humble/share/ament_cmake_auto/cmake)
-- Using all available rosidl_typesupport_c: rosidl_typesupport_fastrtps_c;rosidl_typesupport_introspection_c
-- Found rosidl_adapter: 3.1.6 (/opt/ros/humble/share/rosidl_adapter/cmake)
-- Using all available rosidl_typesupport_cpp: rosidl_typesupport_fastrtps_cpp;rosidl_typesupport_introspection_cpp
-- Found ament_cmake_cppcheck: 0.12.11 (/opt/ros/humble/share/ament_cmake_cppcheck/cmake)
-- Found ament_cmake_cpplint: 0.12.11 (/opt/ros/humble/share/ament_cmake_cpplint/cmake)
-- Found ament_cmake_uncrustify: 0.12.11 (/opt/ros/humble/share/ament_cmake_uncrustify/cmake)
-- Found ament_cmake_ros: 0.10.0 (/opt/ros/humble/share/ament_cmake_ros/cmake)
-- Using all available rosidl_typesupport_c: rosidl_typesupport_fastrtps_c;rosidl_typesupport_introspection_c
-- Using all available rosidl_typesupport_cpp: rosidl_typesupport_fastrtps_cpp;rosidl_typesupport_introspection_cpp
-- Found python_cmake_module: 0.10.0 (/opt/ros/humble/share/python_cmake_module/cmake)
-- Using PYTHON_EXECUTABLE: /usr/bin/python3
-- Using PYTHON_INCLUDE_DIRS: /usr/include/python3.10
-- Using PYTHON_LIBRARIES: /usr/lib/x86_64-linux-gnu/libpython3.10.so
-- Found ament_cmake_flake8: 0.12.11 (/opt/ros/humble/share/ament_cmake_flake8/cmake)
-- Found ament_cmake_pep257: 0.12.11 (/opt/ros/humble/share/ament_cmake_pep257/cmake)
-- Found ament_lint_auto: 0.12.11 (/opt/ros/humble/share/ament_lint_auto/cmake)
-- Configuring done
-- Generating done
-- Build files have been written to: /home/williamfbx/Lunar-ROADSTER/lr_ws/build/kindr_msgs
[  3%] [32mBuilding C object CMakeFiles/kindr_msgs__rosidl_generator_c.dir/rosidl_generator_c/kindr_msgs/msg/detail/vector_at_position__functions.c.o[0m
[  6%] Built target kindr_msgs__cpp
[  6%] Built target ament_cmake_python_copy_kindr_msgs
In file included from [01m[K/home/williamfbx/Lunar-ROADSTER/lr_ws/build/kindr_msgs/rosidl_generator_c/kindr_msgs/msg/detail/vector_at_position__functions.h:19[m[K,
                 from [01m[K/home/williamfbx/Lunar-ROADSTER/lr_ws/build/kindr_msgs/rosidl_generator_c/kindr_msgs/msg/detail/vector_at_position__functions.c:4[m[K:
[01m[K/home/williamfbx/Lunar-ROADSTER/lr_ws/build/kindr_msgs/rosidl_generator_c/kindr_msgs/msg/detail/vector_at_position__struct.h:99:10:[m[K [01;31m[Kfatal error: [m[Kgeometry_msgs/msg/detail/vector3__struct.h: No such file or directory
   99 | #include [01;31m[K"geometry_msgs/msg/detail/vector3__struct.h"[m[K
      |          [01;31m[K^~~~~~~~~~~~~~~~~~~~~~~~~~~~~~~~~~~~~~~~~~~~[m[K
compilation terminated.
gmake[2]: *** [CMakeFiles/kindr_msgs__rosidl_generator_c.dir/build.make:137: CMakeFiles/kindr_msgs__rosidl_generator_c.dir/rosidl_generator_c/kindr_msgs/msg/detail/vector_at_position__functions.c.o] Error 1
gmake[1]: *** [CMakeFiles/Makefile2:213: CMakeFiles/kindr_msgs__rosidl_generator_c.dir/all] Error 2
gmake[1]: *** Waiting for unfinished jobs....
[  9%] [34m[1mGenerating C++ type support for eProsima Fast-RTPS[0m
[ 12%] [34m[1mGenerating C++ introspection for ROS interfaces[0m
[ 16%] [34m[1mGenerating C++ type support dispatch for ROS interfaces[0m
running egg_info
writing kindr_msgs.egg-info/PKG-INFO
writing dependency_links to kindr_msgs.egg-info/dependency_links.txt
writing top-level names to kindr_msgs.egg-info/top_level.txt
reading manifest file 'kindr_msgs.egg-info/SOURCES.txt'
writing manifest file 'kindr_msgs.egg-info/SOURCES.txt'
[ 16%] Built target ament_cmake_python_build_kindr_msgs_egg
[ 19%] [32mBuilding CXX object CMakeFiles/kindr_msgs__rosidl_typesupport_introspection_cpp.dir/rosidl_typesupport_introspection_cpp/kindr_msgs/msg/detail/vector_at_position__type_support.cpp.o[0m
[ 25%] [32mBuilding CXX object CMakeFiles/kindr_msgs__rosidl_typesupport_fastrtps_cpp.dir/rosidl_typesupport_fastrtps_cpp/kindr_msgs/msg/detail/dds_fastrtps/vector_at_position__type_support.cpp.o[0m
[ 25%] [32mBuilding CXX object CMakeFiles/kindr_msgs__rosidl_typesupport_cpp.dir/rosidl_typesupport_cpp/kindr_msgs/msg/vector_at_position__type_support.cpp.o[0m
In file included from [01m[K/home/williamfbx/Lunar-ROADSTER/lr_ws/build/kindr_msgs/rosidl_typesupport_cpp/kindr_msgs/msg/vector_at_position__type_support.cpp:7[m[K:
[01m[K/home/williamfbx/Lunar-ROADSTER/lr_ws/build/kindr_msgs/rosidl_generator_cpp/kindr_msgs/msg/detail/vector_at_position__struct.hpp:22:10:[m[K [01;31m[Kfatal error: [m[Kgeometry_msgs/msg/detail/vector3__struct.hpp: No such file or directory
   22 | #include [01;31m[K"geometry_msgs/msg/detail/vector3__struct.hpp"[m[K
      |          [01;31m[K^~~~~~~~~~~~~~~~~~~~~~~~~~~~~~~~~~~~~~~~~~~~~~[m[K
compilation terminated.
gmake[2]: *** [CMakeFiles/kindr_msgs__rosidl_typesupport_cpp.dir/build.make:118: CMakeFiles/kindr_msgs__rosidl_typesupport_cpp.dir/rosidl_typesupport_cpp/kindr_msgs/msg/vector_at_position__type_support.cpp.o] Error 1
gmake[1]: *** [CMakeFiles/Makefile2:395: CMakeFiles/kindr_msgs__rosidl_typesupport_cpp.dir/all] Error 2
In file included from [01m[K/home/williamfbx/Lunar-ROADSTER/lr_ws/build/kindr_msgs/rosidl_typesupport_introspection_cpp/kindr_msgs/msg/detail/vector_at_position__type_support.cpp:12[m[K:
[01m[K/home/williamfbx/Lunar-ROADSTER/lr_ws/build/kindr_msgs/rosidl_generator_cpp/kindr_msgs/msg/detail/vector_at_position__struct.hpp:22:10:[m[K [01;31m[Kfatal error: [m[Kgeometry_msgs/msg/detail/vector3__struct.hpp: No such file or directory
   22 | #include [01;31m[K"geometry_msgs/msg/detail/vector3__struct.hpp"[m[K
      |          [01;31m[K^~~~~~~~~~~~~~~~~~~~~~~~~~~~~~~~~~~~~~~~~~~~~~[m[K
compilation terminated.
In file included from [01m[K/home/williamfbx/Lunar-ROADSTER/lr_ws/build/kindr_msgs/rosidl_typesupport_fastrtps_cpp/kindr_msgs/msg/detail/vector_at_position__rosidl_typesupport_fastrtps_cpp.hpp:11[m[K,
                 from [01m[K/home/williamfbx/Lunar-ROADSTER/lr_ws/build/kindr_msgs/rosidl_typesupport_fastrtps_cpp/kindr_msgs/msg/detail/dds_fastrtps/vector_at_position__type_support.cpp:4[m[K:
[01m[K/home/williamfbx/Lunar-ROADSTER/lr_ws/build/kindr_msgs/rosidl_generator_cpp/kindr_msgs/msg/detail/vector_at_position__struct.hpp:22:10:[m[K [01;31m[Kfatal error: [m[Kgeometry_msgs/msg/detail/vector3__struct.hpp: No such file or directory
   22 | #include [01;31m[K"geometry_msgs/msg/detail/vector3__struct.hpp"[m[K
      |          [01;31m[K^~~~~~~~~~~~~~~~~~~~~~~~~~~~~~~~~~~~~~~~~~~~~~[m[K
compilation terminated.
gmake[2]: *** [CMakeFiles/kindr_msgs__rosidl_typesupport_introspection_cpp.dir/build.make:123: CMakeFiles/kindr_msgs__rosidl_typesupport_introspection_cpp.dir/rosidl_typesupport_introspection_cpp/kindr_msgs/msg/detail/vector_at_position__type_support.cpp.o] Error 1
gmake[2]: *** [CMakeFiles/kindr_msgs__rosidl_typesupport_fastrtps_cpp.dir/build.make:123: CMakeFiles/kindr_msgs__rosidl_typesupport_fastrtps_cpp.dir/rosidl_typesupport_fastrtps_cpp/kindr_msgs/msg/detail/dds_fastrtps/vector_at_position__type_support.cpp.o] Error 1
gmake[1]: *** [CMakeFiles/Makefile2:369: CMakeFiles/kindr_msgs__rosidl_typesupport_introspection_cpp.dir/all] Error 2
gmake[1]: *** [CMakeFiles/Makefile2:343: CMakeFiles/kindr_msgs__rosidl_typesupport_fastrtps_cpp.dir/all] Error 2
gmake: *** [Makefile:146: all] Error 2
