[0.017s] Invoking command in '/home/williamfbx/Lunar-ROADSTER/lr_ws/build/kindr_msgs': CMAKE_PREFIX_PATH=${CMAKE_PREFIX_PATH}:/opt/ros/humble /usr/bin/cmake --build /home/williamfbx/Lunar-ROADSTER/lr_ws/build/kindr_msgs -- -j12 -l12
[0.035s] -- Found ament_cmake_auto: 1.3.11 (/opt/ros/humble/share/ament_cmake_auto/cmake)
[0.266s] -- Using all available rosidl_typesupport_c: rosidl_typesupport_fastrtps_c;rosidl_typesupport_introspection_c
[0.268s] -- Found rosidl_adapter: 3.1.6 (/opt/ros/humble/share/rosidl_adapter/cmake)
[0.297s] -- Using all available rosidl_typesupport_cpp: rosidl_typesupport_fastrtps_cpp;rosidl_typesupport_introspection_cpp
[0.528s] -- Found ament_cmake_cppcheck: 0.12.11 (/opt/ros/humble/share/ament_cmake_cppcheck/cmake)
[0.528s] -- Found ament_cmake_cpplint: 0.12.11 (/opt/ros/humble/share/ament_cmake_cpplint/cmake)
[0.529s] -- Found ament_cmake_uncrustify: 0.12.11 (/opt/ros/humble/share/ament_cmake_uncrustify/cmake)
[0.529s] -- Found ament_cmake_ros: 0.10.0 (/opt/ros/humble/share/ament_cmake_ros/cmake)
[0.695s] -- Using all available rosidl_typesupport_c: rosidl_typesupport_fastrtps_c;rosidl_typesupport_introspection_c
[0.935s] -- Using all available rosidl_typesupport_cpp: rosidl_typesupport_fastrtps_cpp;rosidl_typesupport_introspection_cpp
[0.977s] -- Found python_cmake_module: 0.10.0 (/opt/ros/humble/share/python_cmake_module/cmake)
[1.014s] -- Using PYTHON_EXECUTABLE: /usr/bin/python3
[1.014s] -- Using PYTHON_INCLUDE_DIRS: /usr/include/python3.10
[1.014s] -- Using PYTHON_LIBRARIES: /usr/lib/x86_64-linux-gnu/libpython3.10.so
[1.038s] -- Found ament_cmake_flake8: 0.12.11 (/opt/ros/humble/share/ament_cmake_flake8/cmake)
[1.038s] -- Found ament_cmake_pep257: 0.12.11 (/opt/ros/humble/share/ament_cmake_pep257/cmake)
[1.039s] -- Found ament_lint_auto: 0.12.11 (/opt/ros/humble/share/ament_lint_auto/cmake)
[1.043s] -- Configuring done
[1.061s] -- Generating done
[1.069s] -- Build files have been written to: /home/williamfbx/Lunar-ROADSTER/lr_ws/build/kindr_msgs
[1.095s] [  3%] [32mBuilding C object CMakeFiles/kindr_msgs__rosidl_generator_c.dir/rosidl_generator_c/kindr_msgs/msg/detail/vector_at_position__functions.c.o[0m
[1.100s] [  6%] Built target kindr_msgs__cpp
[1.100s] [  6%] Built target ament_cmake_python_copy_kindr_msgs
[1.105s] In file included from [01m[K/home/williamfbx/Lunar-ROADSTER/lr_ws/build/kindr_msgs/rosidl_generator_c/kindr_msgs/msg/detail/vector_at_position__functions.h:19[m[K,
[1.105s]                  from [01m[K/home/williamfbx/Lunar-ROADSTER/lr_ws/build/kindr_msgs/rosidl_generator_c/kindr_msgs/msg/detail/vector_at_position__functions.c:4[m[K:
[1.105s] [01m[K/home/williamfbx/Lunar-ROADSTER/lr_ws/build/kindr_msgs/rosidl_generator_c/kindr_msgs/msg/detail/vector_at_position__struct.h:99:10:[m[K [01;31m[Kfatal error: [m[Kgeometry_msgs/msg/detail/vector3__struct.h: No such file or directory
[1.105s]    99 | #include [01;31m[K"geometry_msgs/msg/detail/vector3__struct.h"[m[K
[1.105s]       |          [01;31m[K^~~~~~~~~~~~~~~~~~~~~~~~~~~~~~~~~~~~~~~~~~~~[m[K
[1.105s] compilation terminated.
[1.106s] gmake[2]: *** [CMakeFiles/kindr_msgs__rosidl_generator_c.dir/build.make:137: CMakeFiles/kindr_msgs__rosidl_generator_c.dir/rosidl_generator_c/kindr_msgs/msg/detail/vector_at_position__functions.c.o] Error 1
[1.106s] gmake[1]: *** [CMakeFiles/Makefile2:213: CMakeFiles/kindr_msgs__rosidl_generator_c.dir/all] Error 2
[1.106s] gmake[1]: *** Waiting for unfinished jobs....
[1.109s] [  9%] [34m[1mGenerating C++ type support for eProsima Fast-RTPS[0m
[1.111s] [ 12%] [34m[1mGenerating C++ introspection for ROS interfaces[0m
[1.114s] [ 16%] [34m[1mGenerating C++ type support dispatch for ROS interfaces[0m
[1.252s] running egg_info
[1.252s] writing kindr_msgs.egg-info/PKG-INFO
[1.252s] writing dependency_links to kindr_msgs.egg-info/dependency_links.txt
[1.252s] writing top-level names to kindr_msgs.egg-info/top_level.txt
[1.253s] reading manifest file 'kindr_msgs.egg-info/SOURCES.txt'
[1.254s] writing manifest file 'kindr_msgs.egg-info/SOURCES.txt'
[1.276s] [ 16%] Built target ament_cmake_python_build_kindr_msgs_egg
[1.328s] [ 19%] [32mBuilding CXX object CMakeFiles/kindr_msgs__rosidl_typesupport_introspection_cpp.dir/rosidl_typesupport_introspection_cpp/kindr_msgs/msg/detail/vector_at_position__type_support.cpp.o[0m
[1.333s] [ 25%] [32mBuilding CXX object CMakeFiles/kindr_msgs__rosidl_typesupport_fastrtps_cpp.dir/rosidl_typesupport_fastrtps_cpp/kindr_msgs/msg/detail/dds_fastrtps/vector_at_position__type_support.cpp.o[0m
[1.333s] [ 25%] [32mBuilding CXX object CMakeFiles/kindr_msgs__rosidl_typesupport_cpp.dir/rosidl_typesupport_cpp/kindr_msgs/msg/vector_at_position__type_support.cpp.o[0m
[1.364s] In file included from [01m[K/home/williamfbx/Lunar-ROADSTER/lr_ws/build/kindr_msgs/rosidl_typesupport_cpp/kindr_msgs/msg/vector_at_position__type_support.cpp:7[m[K:
[1.365s] [01m[K/home/williamfbx/Lunar-ROADSTER/lr_ws/build/kindr_msgs/rosidl_generator_cpp/kindr_msgs/msg/detail/vector_at_position__struct.hpp:22:10:[m[K [01;31m[Kfatal error: [m[Kgeometry_msgs/msg/detail/vector3__struct.hpp: No such file or directory
[1.365s]    22 | #include [01;31m[K"geometry_msgs/msg/detail/vector3__struct.hpp"[m[K
[1.365s]       |          [01;31m[K^~~~~~~~~~~~~~~~~~~~~~~~~~~~~~~~~~~~~~~~~~~~~~[m[K
[1.365s] compilation terminated.
[1.367s] gmake[2]: *** [CMakeFiles/kindr_msgs__rosidl_typesupport_cpp.dir/build.make:118: CMakeFiles/kindr_msgs__rosidl_typesupport_cpp.dir/rosidl_typesupport_cpp/kindr_msgs/msg/vector_at_position__type_support.cpp.o] Error 1
[1.367s] gmake[1]: *** [CMakeFiles/Makefile2:395: CMakeFiles/kindr_msgs__rosidl_typesupport_cpp.dir/all] Error 2
[1.367s] In file included from [01m[K/home/williamfbx/Lunar-ROADSTER/lr_ws/build/kindr_msgs/rosidl_typesupport_introspection_cpp/kindr_msgs/msg/detail/vector_at_position__type_support.cpp:12[m[K:
[1.367s] [01m[K/home/williamfbx/Lunar-ROADSTER/lr_ws/build/kindr_msgs/rosidl_generator_cpp/kindr_msgs/msg/detail/vector_at_position__struct.hpp:22:10:[m[K [01;31m[Kfatal error: [m[Kgeometry_msgs/msg/detail/vector3__struct.hpp: No such file or directory
[1.367s]    22 | #include [01;31m[K"geometry_msgs/msg/detail/vector3__struct.hpp"[m[K
[1.367s]       |          [01;31m[K^~~~~~~~~~~~~~~~~~~~~~~~~~~~~~~~~~~~~~~~~~~~~~[m[K
[1.367s] compilation terminated.
[1.367s] In file included from [01m[K/home/williamfbx/Lunar-ROADSTER/lr_ws/build/kindr_msgs/rosidl_typesupport_fastrtps_cpp/kindr_msgs/msg/detail/vector_at_position__rosidl_typesupport_fastrtps_cpp.hpp:11[m[K,
[1.367s]                  from [01m[K/home/williamfbx/Lunar-ROADSTER/lr_ws/build/kindr_msgs/rosidl_typesupport_fastrtps_cpp/kindr_msgs/msg/detail/dds_fastrtps/vector_at_position__type_support.cpp:4[m[K:
[1.367s] [01m[K/home/williamfbx/Lunar-ROADSTER/lr_ws/build/kindr_msgs/rosidl_generator_cpp/kindr_msgs/msg/detail/vector_at_position__struct.hpp:22:10:[m[K [01;31m[Kfatal error: [m[Kgeometry_msgs/msg/detail/vector3__struct.hpp: No such file or directory
[1.368s]    22 | #include [01;31m[K"geometry_msgs/msg/detail/vector3__struct.hpp"[m[K
[1.368s]       |          [01;31m[K^~~~~~~~~~~~~~~~~~~~~~~~~~~~~~~~~~~~~~~~~~~~~~[m[K
[1.368s] compilation terminated.
[1.368s] gmake[2]: *** [CMakeFiles/kindr_msgs__rosidl_typesupport_introspection_cpp.dir/build.make:123: CMakeFiles/kindr_msgs__rosidl_typesupport_introspection_cpp.dir/rosidl_typesupport_introspection_cpp/kindr_msgs/msg/detail/vector_at_position__type_support.cpp.o] Error 1
[1.368s] gmake[2]: *** [CMakeFiles/kindr_msgs__rosidl_typesupport_fastrtps_cpp.dir/build.make:123: CMakeFiles/kindr_msgs__rosidl_typesupport_fastrtps_cpp.dir/rosidl_typesupport_fastrtps_cpp/kindr_msgs/msg/detail/dds_fastrtps/vector_at_position__type_support.cpp.o] Error 1
[1.368s] gmake[1]: *** [CMakeFiles/Makefile2:369: CMakeFiles/kindr_msgs__rosidl_typesupport_introspection_cpp.dir/all] Error 2
[1.368s] gmake[1]: *** [CMakeFiles/Makefile2:343: CMakeFiles/kindr_msgs__rosidl_typesupport_fastrtps_cpp.dir/all] Error 2
[1.368s] gmake: *** [Makefile:146: all] Error 2
[1.370s] Invoked command in '/home/williamfbx/Lunar-ROADSTER/lr_ws/build/kindr_msgs' returned '2': CMAKE_PREFIX_PATH=${CMAKE_PREFIX_PATH}:/opt/ros/humble /usr/bin/cmake --build /home/williamfbx/Lunar-ROADSTER/lr_ws/build/kindr_msgs -- -j12 -l12
