-- Found ament_cmake: 1.3.11 (/opt/ros/humble/share/ament_cmake/cmake)
-- Found rclcpp: 16.0.11 (/opt/ros/humble/share/rclcpp/cmake)
-- Found rosidl_generator_c: 3.1.6 (/opt/ros/humble/share/rosidl_generator_c/cmake)
-- Found rosidl_adapter: 3.1.6 (/opt/ros/humble/share/rosidl_adapter/cmake)
-- Found rosidl_generator_cpp: 3.1.6 (/opt/ros/humble/share/rosidl_generator_cpp/cmake)
-- Using all available rosidl_typesupport_c: rosidl_typesupport_fastrtps_c;rosidl_typesupport_introspection_c
-- Using all available rosidl_typesupport_cpp: rosidl_typesupport_fastrtps_cpp;rosidl_typesupport_introspection_cpp
-- Found rmw_implementation_cmake: 6.1.2 (/opt/ros/humble/share/rmw_implementation_cmake/cmake)
-- Found rmw_fastrtps_cpp: 6.2.7 (/opt/ros/humble/share/rmw_fastrtps_cpp/cmake)
-- Using RMW implementation 'rmw_fastrtps_cpp' as default
-- Found nav_msgs: 4.2.4 (/opt/ros/humble/share/nav_msgs/cmake)
-- Found cg_msgs: 0.0.0 (/root/Lunar_ROADSTER/lr_ws/install/cg_msgs/share/cg_msgs/cmake)
-- Found sensor_msgs: 4.2.4 (/opt/ros/humble/share/sensor_msgs/cmake)
-- Found visualization_msgs: 4.2.4 (/opt/ros/humble/share/visualization_msgs/cmake)
-- Found tf2: 0.25.9 (/opt/ros/humble/share/tf2/cmake)
-- Found tf2_ros: 0.25.9 (/opt/ros/humble/share/tf2_ros/cmake)
-- Found tf2_geometry_msgs: 0.25.9 (/opt/ros/humble/share/tf2_geometry_msgs/cmake)
-- Found eigen3_cmake_module: 0.1.1 (/opt/ros/humble/share/eigen3_cmake_module/cmake)
-- Ensuring Eigen3 include directory is part of orocos-kdl CMake target
-- Found ament_lint_auto: 0.12.11 (/opt/ros/humble/share/ament_lint_auto/cmake)
-- Added test 'copyright' to check source files copyright and LICENSE
-- Added test 'cppcheck' to perform static code analysis on C / C++ code
-- Configured cppcheck include dirs: /root/Lunar_ROADSTER/lr_ws/src/localization/include
-- Configured cppcheck exclude dirs and/or files: 
-- Added test 'cpplint' to check C / C++ code against the Google style
-- Configured cpplint exclude dirs and/or files: 
-- Added test 'flake8' to check Python code syntax and style conventions
-- Added test 'lint_cmake' to check CMake code style
-- Added test 'pep257' to check Python code against some of the docstring style conventions in PEP 257
-- Added test 'uncrustify' to check C / C++ code style
-- Configured uncrustify additional arguments: 
-- Added test 'xmllint' to check XML markup files
-- Configuring done
-- Generating done
-- Build files have been written to: /root/Lunar_ROADSTER/lr_ws/build/localization
[ 10%] [32mBuilding CXX object CMakeFiles/kalman_filter_linear.dir/src/kalman_filter_linear.cpp.o[0m
[ 20%] [32mBuilding CXX object CMakeFiles/imu_tf_publisher.dir/src/imu_tf_publisher.cpp.o[0m
[35m[1mConsolidate compiler generated dependencies of target ts_prism_transformer[0m
[ 50%] Built target ts_prism_transformer
In file included from [01m[K/root/Lunar_ROADSTER/lr_ws/src/localization/include/localization/imu_tf_publisher.hpp:8[m[K,
                 from [01m[K/root/Lunar_ROADSTER/lr_ws/src/localization/src/imu_tf_publisher.cpp:1[m[K:
[01m[K/opt/ros/humble/include/tf2_geometry_msgs/tf2_geometry_msgs/tf2_geometry_msgs.h:35:2:[m[K [01;35m[Kwarning: [m[K#warning This header is obsolete, please include tf2_geometry_msgs/tf2_geometry_msgs.hpp instead [[01;35m[K-Wcpp[m[K]
   35 | #[01;35m[Kwarning[m[K This header is obsolete, please include tf2_geometry_msgs/tf2_geometry_msgs.hpp instead
      |  [01;35m[K^~~~~~~[m[K
In file included from [01m[K/usr/include/eigen3/Eigen/Core:214[m[K,
                 from [01m[K/usr/include/eigen3/Eigen/Dense:1[m[K,
                 from [01m[K/root/Lunar_ROADSTER/lr_ws/src/localization/include/localization/kalman_filter_linear.hpp:2[m[K,
                 from [01m[K/root/Lunar_ROADSTER/lr_ws/src/localization/src/kalman_filter_linear.cpp:1[m[K:
[01m[K/usr/include/eigen3/Eigen/src/Core/arch/NEON/PacketMath.h:[m[K In function â€˜[01m[KPacket Eigen::internal::pload(const typename Eigen::internal::unpacket_traits<T>::type*) [with Packet = Eigen::internal::eigen_packet_wrapper<int, 2>; typename Eigen::internal::unpacket_traits<T>::type = signed char][m[Kâ€™:
[01m[K/usr/include/eigen3/Eigen/src/Core/arch/NEON/PacketMath.h:1671:9:[m[K [01;35m[Kwarning: [m[Kâ€˜[01m[Kvoid* memcpy(void*, const void*, size_t)[m[Kâ€™ copying an object of non-trivial type â€˜[01m[KEigen::internal::Packet4c[m[Kâ€™ {aka â€˜[01m[Kstruct Eigen::internal::eigen_packet_wrapper<int, 2>[m[Kâ€™} from an array of â€˜[01m[Kconst int8_t[m[Kâ€™ {aka â€˜[01m[Kconst signed char[m[Kâ€™} [[01;35m[K-Wclass-memaccess[m[K]
 1671 |   [01;35m[Kmemcpy(&res, from, sizeof(Packet4c))[m[K;
      |   [01;35m[K~~~~~~^~~~~~~~~~~~~~~~~~~~~~~~~~~~~~[m[K
In file included from [01m[K/usr/include/eigen3/Eigen/Core:172[m[K,
                 from [01m[K/usr/include/eigen3/Eigen/Dense:1[m[K,
                 from [01m[K/root/Lunar_ROADSTER/lr_ws/src/localization/include/localization/kalman_filter_linear.hpp:2[m[K,
                 from [01m[K/root/Lunar_ROADSTER/lr_ws/src/localization/src/kalman_filter_linear.cpp:1[m[K:
[01m[K/usr/include/eigen3/Eigen/src/Core/GenericPacketMath.h:159:8:[m[K [01;36m[Knote: [m[Kâ€˜[01m[KEigen::internal::Packet4c[m[Kâ€™ {aka â€˜[01m[Kstruct Eigen::internal::eigen_packet_wrapper<int, 2>[m[Kâ€™} declared here
  159 | struct [01;36m[Keigen_packet_wrapper[m[K
      |        [01;36m[K^~~~~~~~~~~~~~~~~~~~[m[K
In file included from [01m[K/usr/include/eigen3/Eigen/Core:214[m[K,
                 from [01m[K/usr/include/eigen3/Eigen/Dense:1[m[K,
                 from [01m[K/root/Lunar_ROADSTER/lr_ws/src/localization/include/localization/kalman_filter_linear.hpp:2[m[K,
                 from [01m[K/root/Lunar_ROADSTER/lr_ws/src/localization/src/kalman_filter_linear.cpp:1[m[K:
[01m[K/usr/include/eigen3/Eigen/src/Core/arch/NEON/PacketMath.h:[m[K In function â€˜[01m[KPacket Eigen::internal::ploadu(const typename Eigen::internal::unpacket_traits<T>::type*) [with Packet = Eigen::internal::eigen_packet_wrapper<int, 2>; typename Eigen::internal::unpacket_traits<T>::type = signed char][m[Kâ€™:
[01m[K/usr/include/eigen3/Eigen/src/Core/arch/NEON/PacketMath.h:1716:9:[m[K [01;35m[Kwarning: [m[Kâ€˜[01m[Kvoid* memcpy(void*, const void*, size_t)[m[Kâ€™ copying an object of non-trivial type â€˜[01m[KEigen::internal::Packet4c[m[Kâ€™ {aka â€˜[01m[Kstruct Eigen::internal::eigen_packet_wrapper<int, 2>[m[Kâ€™} from an array of â€˜[01m[Kconst int8_t[m[Kâ€™ {aka â€˜[01m[Kconst signed char[m[Kâ€™} [[01;35m[K-Wclass-memaccess[m[K]
 1716 |   [01;35m[Kmemcpy(&res, from, sizeof(Packet4c))[m[K;
      |   [01;35m[K~~~~~~^~~~~~~~~~~~~~~~~~~~~~~~~~~~~~[m[K
In file included from [01m[K/usr/include/eigen3/Eigen/Core:172[m[K,
                 from [01m[K/usr/include/eigen3/Eigen/Dense:1[m[K,
                 from [01m[K/root/Lunar_ROADSTER/lr_ws/src/localization/include/localization/kalman_filter_linear.hpp:2[m[K,
                 from [01m[K/root/Lunar_ROADSTER/lr_ws/src/localization/src/kalman_filter_linear.cpp:1[m[K:
[01m[K/usr/include/eigen3/Eigen/src/Core/GenericPacketMath.h:159:8:[m[K [01;36m[Knote: [m[Kâ€˜[01m[KEigen::internal::Packet4c[m[Kâ€™ {aka â€˜[01m[Kstruct Eigen::internal::eigen_packet_wrapper<int, 2>[m[Kâ€™} declared here
  159 | struct [01;36m[Keigen_packet_wrapper[m[K
      |        [01;36m[K^~~~~~~~~~~~~~~~~~~~[m[K
[01m[K/root/Lunar_ROADSTER/lr_ws/src/localization/src/imu_tf_publisher.cpp:[m[K In constructor â€˜[01m[Kcg::imu_rlts::ImuTfPublisher::ImuTfPublisher()[m[Kâ€™:
[01m[K/root/Lunar_ROADSTER/lr_ws/src/localization/src/imu_tf_publisher.cpp:12:49:[m[K [01;31m[Kerror: [m[Kâ€˜[01m[Kbinf[m[Kâ€™ is not a member of â€˜[01m[Kstd[m[Kâ€™; did you mean â€˜[01m[Kbind[m[Kâ€™?
   12 |                 "/imu/data/base_link", 10, std::[01;31m[Kbinf[m[K(&ImuTfPublisher::imuCallback, this, std::placeholders::_1));
      |                                                 [01;31m[K^~~~[m[K
      |                                                 [32m[Kbind[m[K
[01m[K/root/Lunar_ROADSTER/lr_ws/src/localization/src/imu_tf_publisher.cpp:[m[K In member function â€˜[01m[Kvoid cg::imu_rlts::ImuTfPublisher::imuCallback(sensor_msgs::msg::Imu_<std::allocator<void> >::SharedPtr)[m[Kâ€™:
[01m[K/root/Lunar_ROADSTER/lr_ws/src/localization/src/imu_tf_publisher.cpp:29:37:[m[K [01;31m[Kerror: [m[Kâ€˜[01m[Kusing _header_type = struct std_msgs::msg::Header_<std::allocator<void> >[m[Kâ€™ {aka â€˜[01m[Kstruct std_msgs::msg::Header_<std::allocator<void> >[m[Kâ€™} has no member named â€˜[01m[Kchild_frame_id[m[Kâ€™
   29 |             transformStamped.header.[01;31m[Kchild_frame_id[m[K = base_link_frame;
      |                                     [01;31m[K^~~~~~~~~~~~~~[m[K
[01m[K/root/Lunar_ROADSTER/lr_ws/src/localization/src/imu_tf_publisher.cpp:[m[K In member function â€˜[01m[Kvoid cg::imu_rlts::ImuTfPublisher::publishImuMarker(sensor_msgs::msg::Imu_<std::allocator<void> >::SharedPtr)[m[Kâ€™:
[01m[K/root/Lunar_ROADSTER/lr_ws/src/localization/src/imu_tf_publisher.cpp:64:13:[m[K [01;31m[Kerror: [m[Kâ€˜[01m[Kmarker_scale[m[Kâ€™ was not declared in this scope
   64 |             [01;31m[Kmarker_scale[m[K.z = 0.05;
      |             [01;31m[K^~~~~~~~~~~~[m[K
[01m[K/root/Lunar_ROADSTER/lr_ws/src/localization/src/imu_tf_publisher.cpp:[m[K In function â€˜[01m[Kint main(int, char**)[m[Kâ€™:
[01m[K/root/Lunar_ROADSTER/lr_ws/src/localization/src/imu_tf_publisher.cpp:80:35:[m[K [01;31m[Kerror: [m[Kâ€˜[01m[KImuTfPublisher[m[Kâ€™ was not declared in this scope; did you mean â€˜[01m[Kcg::imu_rlts::ImuTfPublisher[m[Kâ€™?
   80 |     rclcpp::spin(std::make_shared<[01;31m[KImuTfPublisher[m[K>());
      |                                   [01;31m[K^~~~~~~~~~~~~~[m[K
      |                                   [32m[Kcg::imu_rlts::ImuTfPublisher[m[K
In file included from [01m[K/root/Lunar_ROADSTER/lr_ws/src/localization/src/imu_tf_publisher.cpp:1[m[K:
[01m[K/root/Lunar_ROADSTER/lr_ws/src/localization/include/localization/imu_tf_publisher.hpp:19:7:[m[K [01;36m[Knote: [m[Kâ€˜[01m[Kcg::imu_rlts::ImuTfPublisher[m[Kâ€™ declared here
   19 | class [01;36m[KImuTfPublisher[m[K : public rclcpp::Node {
      |       [01;36m[K^~~~~~~~~~~~~~[m[K
[01m[K/root/Lunar_ROADSTER/lr_ws/src/localization/src/imu_tf_publisher.cpp:80:50:[m[K [01;31m[Kerror: [m[Kno matching function for call to â€˜[01m[Kmake_shared<<expression error> >()[m[Kâ€™
   80 |     rclcpp::spin([01;31m[Kstd::make_shared<ImuTfPublisher>()[m[K);
      |                  [01;31m[K~~~~~~~~~~~~~~~~~~~~~~~~~~~~~~~~^~[m[K
In file included from [01m[K/usr/include/c++/11/memory:77[m[K,
                 from [01m[K/opt/ros/humble/include/rclcpp/rclcpp/rclcpp.hpp:153[m[K,
                 from [01m[K/root/Lunar_ROADSTER/lr_ws/src/localization/include/localization/imu_tf_publisher.hpp:4[m[K,
                 from [01m[K/root/Lunar_ROADSTER/lr_ws/src/localization/src/imu_tf_publisher.cpp:1[m[K:
[01m[K/usr/include/c++/11/bits/shared_ptr.h:875:5:[m[K [01;36m[Knote: [m[Kcandidate: â€˜[01m[Ktemplate<class _Tp, class ... _Args> std::shared_ptr<_Tp> std::make_shared(_Args&& ...)[m[Kâ€™
  875 |     [01;36m[Kmake_shared[m[K(_Args&&... __args)
      |     [01;36m[K^~~~~~~~~~~[m[K
[01m[K/usr/include/c++/11/bits/shared_ptr.h:875:5:[m[K [01;36m[Knote: [m[K  template argument deduction/substitution failed:
[01m[K/root/Lunar_ROADSTER/lr_ws/src/localization/src/imu_tf_publisher.cpp:80:50:[m[K [01;31m[Kerror: [m[Ktemplate argument 1 is invalid
   80 |     rclcpp::spin([01;31m[Kstd::make_shared<ImuTfPublisher>()[m[K);
      |                  [01;31m[K~~~~~~~~~~~~~~~~~~~~~~~~~~~~~~~~^~[m[K
gmake[2]: *** [CMakeFiles/imu_tf_publisher.dir/build.make:76: CMakeFiles/imu_tf_publisher.dir/src/imu_tf_publisher.cpp.o] Error 1
gmake[1]: *** [CMakeFiles/Makefile2:221: CMakeFiles/imu_tf_publisher.dir/all] Error 2
gmake[1]: *** Waiting for unfinished jobs....
[ 60%] [32m[1mLinking CXX static library libkalman_filter_linear.a[0m
[ 60%] Built target kalman_filter_linear
gmake: *** [Makefile:146: all] Error 2
