[0.018s] Invoking command in '/root/Lunar_ROADSTER/lr_ws/build/kindr_msgs': CMAKE_PREFIX_PATH=/opt/ros/humble /usr/local/bin/cmake /root/Lunar_ROADSTER/lr_ws/src/drivers/kindr_ros/kindr_msgs -DCMAKE_INSTALL_PREFIX=/root/Lunar_ROADSTER/lr_ws/install/kindr_msgs
[0.411s] -- The C compiler identification is GNU 11.4.0
[0.589s] -- The CXX compiler identification is GNU 11.4.0
[0.600s] -- Detecting C compiler ABI info
[0.658s] -- Detecting C compiler ABI info - done
[0.664s] -- Check for working C compiler: /usr/bin/cc - skipped
[0.664s] -- Detecting C compile features
[0.664s] -- Detecting C compile features - done
[0.667s] -- Detecting CXX compiler ABI info
[0.742s] -- Detecting CXX compiler ABI info - done
[0.749s] -- Check for working CXX compiler: /usr/bin/c++ - skipped
[0.749s] -- Detecting CXX compile features
[0.749s] -- Detecting CXX compile features - done
[0.752s] -- Found ament_cmake_auto: 1.3.10 (/opt/ros/humble/share/ament_cmake_auto/cmake)
[0.861s] -- Found Python3: /usr/bin/python3 (found version "3.10.12") found components: Interpreter 
[1.012s] -- Using all available rosidl_typesupport_c: rosidl_typesupport_fastrtps_c;rosidl_typesupport_introspection_c
[1.017s] -- Found rosidl_adapter: 3.1.5 (/opt/ros/humble/share/rosidl_adapter/cmake)
[1.056s] -- Using all available rosidl_typesupport_cpp: rosidl_typesupport_fastrtps_cpp;rosidl_typesupport_introspection_cpp
[1.323s] -- Found ament_cmake_cppcheck: 0.12.11 (/opt/ros/humble/share/ament_cmake_cppcheck/cmake)
[1.329s] -- Found ament_cmake_cpplint: 0.12.11 (/opt/ros/humble/share/ament_cmake_cpplint/cmake)
[1.331s] -- Found ament_cmake_uncrustify: 0.12.11 (/opt/ros/humble/share/ament_cmake_uncrustify/cmake)
[1.339s] -- Found ament_cmake_ros: 0.10.0 (/opt/ros/humble/share/ament_cmake_ros/cmake)
[1.575s] -- Using all available rosidl_typesupport_c: rosidl_typesupport_fastrtps_c;rosidl_typesupport_introspection_c
[1.991s] -- Using all available rosidl_typesupport_cpp: rosidl_typesupport_fastrtps_cpp;rosidl_typesupport_introspection_cpp
[2.056s] -- Found PythonInterp: /usr/bin/python3 (found suitable version "3.10.12", minimum required is "3.6") 
[2.062s] -- Found python_cmake_module: 0.10.0 (/opt/ros/humble/share/python_cmake_module/cmake)
[2.134s] -- Found PythonLibs: /usr/lib/x86_64-linux-gnu/libpython3.10.so (found suitable version "3.10.12", minimum required is "3.5") 
[2.134s] -- Using PYTHON_EXECUTABLE: /usr/bin/python3
[2.134s] -- Using PYTHON_INCLUDE_DIRS: /usr/include/python3.10
[2.134s] -- Using PYTHON_LIBRARIES: /usr/lib/x86_64-linux-gnu/libpython3.10.so
[2.168s] -- Found PythonExtra: .so  
[2.330s] -- Found ament_cmake_flake8: 0.12.11 (/opt/ros/humble/share/ament_cmake_flake8/cmake)
[2.333s] -- Found ament_cmake_pep257: 0.12.11 (/opt/ros/humble/share/ament_cmake_pep257/cmake)
[2.337s] -- Found ament_lint_auto: 0.12.11 (/opt/ros/humble/share/ament_lint_auto/cmake)
[2.367s] -- Configuring done
[2.490s] -- Generating done
[2.495s] -- Build files have been written to: /root/Lunar_ROADSTER/lr_ws/build/kindr_msgs
[2.534s] Invoked command in '/root/Lunar_ROADSTER/lr_ws/build/kindr_msgs' returned '0': CMAKE_PREFIX_PATH=/opt/ros/humble /usr/local/bin/cmake /root/Lunar_ROADSTER/lr_ws/src/drivers/kindr_ros/kindr_msgs -DCMAKE_INSTALL_PREFIX=/root/Lunar_ROADSTER/lr_ws/install/kindr_msgs
[2.536s] Invoking command in '/root/Lunar_ROADSTER/lr_ws/build/kindr_msgs': CMAKE_PREFIX_PATH=/opt/ros/humble /usr/local/bin/cmake --build /root/Lunar_ROADSTER/lr_ws/build/kindr_msgs -- -j16 -l16
[2.605s] [  3%] [34m[1mGenerating C code for ROS interfaces[0m
[2.618s] [  6%] [34m[1mGenerating C++ code for ROS interfaces[0m
[2.632s] [  6%] Built target ament_cmake_python_copy_kindr_msgs
[3.184s] running egg_info
[3.192s] creating kindr_msgs.egg-info
[3.193s] writing kindr_msgs.egg-info/PKG-INFO
[3.193s] writing dependency_links to kindr_msgs.egg-info/dependency_links.txt
[3.193s] writing top-level names to kindr_msgs.egg-info/top_level.txt
[3.193s] writing manifest file 'kindr_msgs.egg-info/SOURCES.txt'
[3.196s] reading manifest file 'kindr_msgs.egg-info/SOURCES.txt'
[3.197s] writing manifest file 'kindr_msgs.egg-info/SOURCES.txt'
[3.326s] [  9%] [32mBuilding C object CMakeFiles/kindr_msgs__rosidl_generator_c.dir/rosidl_generator_c/kindr_msgs/msg/detail/vector_at_position__functions.c.o[0m
[3.332s] [  9%] Built target ament_cmake_python_build_kindr_msgs_egg
[3.361s] [  9%] Built target kindr_msgs__cpp
[3.380s] [ 12%] [34m[1mGenerating C++ type support dispatch for ROS interfaces[0m
[3.380s] [ 16%] [34m[1mGenerating C++ introspection for ROS interfaces[0m
[3.387s] [ 19%] [34m[1mGenerating C++ type support for eProsima Fast-RTPS[0m
[3.454s] Traceback (most recent call last):
[3.455s]   File "/opt/ros/humble/lib/rosidl_typesupport_cpp/rosidl_typesupport_cpp", line 6, in <module>
[3.455s]     from rosidl_typesupport_cpp import generate_cpp
[3.455s]   File "/opt/ros/humble/local/lib/python3.10/dist-packages/rosidl_typesupport_cpp/__init__.py", line 15, in <module>
[3.455s] Traceback (most recent call last):
[3.455s]   File "/opt/ros/humble/lib/rosidl_typesupport_fastrtps_cpp/rosidl_typesupport_fastrtps_cpp", line 6, in <module>
[3.455s] gmake[2]: *** wait: No child processes.  Stop.
[3.455s] gmake[2]: *** Waiting for unfinished jobs....
[3.455s] gmake[2]: *** wait: No child processes.  Stop.
[3.455s]     from rosidl_typesupport_fastrtps_cpp import generate_cpp
[3.455s]   File "/opt/ros/humble/local/lib/python3.10/dist-packages/rosidl_typesupport_fastrtps_cpp/__init__.py", line 15, in <module>
[3.455s]     from rosidl_cmake import generate_files
[3.455s]   File "/opt/ros/humble/local/lib/python3.10/dist-packages/rosidl_cmake/__init__.py", line 18, in <module>
[3.456s] Traceback (most recent call last):
[3.460s]   File "/opt/ros/humble/lib/rosidl_typesupport_introspection_cpp/rosidl_typesupport_introspection_cpp", line 6, in <module>
[3.460s]     from rosidl_typesupport_introspection_cpp import generate_cpp
[3.461s]   File "/opt/ros/humble/local/lib/python3.10/dist-packages/rosidl_typesupport_introspection_cpp/__init__.py", line 15, in <module>
[3.461s]     import pathlib
[3.461s]   File "/usr/lib/python3.10/pathlib.py", line 1, in <module>
[3.461s]     from rosidl_cmake import generate_files
[3.461s]   File "/opt/ros/humble/local/lib/python3.10/dist-packages/rosidl_cmake/__init__.py", line 22, in <module>
[3.464s]     import em
[3.464s]   File "/usr/lib/python3/dist-packages/em.py", line 20, in <module>
[3.466s]     import fnmatch
[3.466s]   File "<frozen importlib._bootstrap>", line 1027, in _find_and_load
[3.467s]   File "<frozen importlib._bootstrap>", line 1006, in _find_and_load_unlocked
[3.467s]     import inspect
[3.467s]   File "<frozen importlib._bootstrap>", line 1027, in _find_and_load
[3.467s]   File "<frozen importlib._bootstrap>", line 688, in _load_unlocked
[3.467s]   File "<frozen importlib._bootstrap_external>", line 879, in exec_module
[3.467s]   File "<frozen importlib._bootstrap>", line 1006, in _find_and_load_unlocked
[3.467s]   File "<frozen importlib._bootstrap>", line 688, in _load_unlocked
[3.467s]   File "<frozen importlib._bootstrap_external>", line 879, in exec_module
[3.467s]   File "<frozen importlib._bootstrap_external>", line 1010, in get_code
[3.467s]   File "<frozen importlib._bootstrap>", line 246, in _verbose_message
[3.467s] KeyboardInterrupt
[3.468s]   File "<frozen importlib._bootstrap_external>", line 1012, in get_code
[3.468s]   File "<frozen importlib._bootstrap_external>", line 672, in _compile_bytecode
[3.468s] KeyboardInterrupt
[3.468s] gmake[2]: *** [CMakeFiles/kindr_msgs__rosidl_typesupport_cpp.dir/build.make:142: rosidl_typesupport_cpp/kindr_msgs/msg/vector_at_position__type_support.cpp] Interrupt
[3.475s] gmake[1]: *** [CMakeFiles/Makefile2:394: CMakeFiles/kindr_msgs__rosidl_typesupport_cpp.dir/all] Interrupt
[3.476s]     from rosidl_cmake import generate_files
[3.476s]   File "/opt/ros/humble/local/lib/python3.10/dist-packages/rosidl_cmake/__init__.py", line 22, in <module>
[3.477s]     import em
[3.477s]   File "<frozen importlib._bootstrap>", line 1027, in _find_and_load
[3.477s] gmake[2]: *** [CMakeFiles/kindr_msgs__rosidl_typesupport_introspection_cpp.dir/build.make:144: rosidl_typesupport_introspection_cpp/kindr_msgs/msg/detail/vector_at_position__rosidl_typesupport_introspection_cpp.hpp] Interrupt
[3.477s]   File "<frozen importlib._bootstrap>", line 1006, in _find_and_load_unlocked
[3.477s]   File "<frozen importlib._bootstrap>", line 688, in _load_unlocked
[3.477s]   File "<frozen importlib._bootstrap_external>", line 879, in exec_module
[3.477s]   File "<frozen importlib._bootstrap_external>", line 1012, in get_code
[3.477s]   File "<frozen importlib._bootstrap_external>", line 672, in _compile_bytecode
[3.477s] gmake[1]: *** [CMakeFiles/Makefile2:368: CMakeFiles/kindr_msgs__rosidl_typesupport_introspection_cpp.dir/all] Interrupt
[3.477s] KeyboardInterrupt
[3.479s] gmake[2]: *** [CMakeFiles/kindr_msgs__rosidl_typesupport_fastrtps_cpp.dir/build.make:144: rosidl_typesupport_fastrtps_cpp/kindr_msgs/msg/detail/dds_fastrtps/vector_at_position__type_support.cpp] Interrupt
[3.479s] gmake[1]: *** [CMakeFiles/Makefile2:342: CMakeFiles/kindr_msgs__rosidl_typesupport_fastrtps_cpp.dir/all] Interrupt
[3.479s] gmake[1]: *** wait: No child processes.  Stop.
[3.479s] gmake[1]: *** Waiting for unfinished jobs....
[3.479s] gmake[1]: *** wait: No child processes.  Stop.
[3.479s] gmake: *** [Makefile:146: all] Error 2
[3.486s] Invoked command in '/root/Lunar_ROADSTER/lr_ws/build/kindr_msgs' returned '-2': CMAKE_PREFIX_PATH=/opt/ros/humble /usr/local/bin/cmake --build /root/Lunar_ROADSTER/lr_ws/build/kindr_msgs -- -j16 -l16
