[01m[K/home/williamfbx/Lunar-ROADSTER/lr_ws/src/planning/src/behavior_executive_node.cpp:[m[K In member function â€˜[01m[Kvoid cg::planning::BehaviorExecutive::globalRobotStateCallback(nav_msgs::msg::Odometry_<std::allocator<void> >::SharedPtr)[m[Kâ€™:
[01m[K/home/williamfbx/Lunar-ROADSTER/lr_ws/src/planning/src/behavior_executive_node.cpp:202:54:[m[K [01;31m[Kerror: [m[Kâ€˜[01m[Kusing Pose2D = struct cg_msgs::msg::Pose2D_<std::allocator<void> >[m[Kâ€™ {aka â€˜[01m[Kstruct cg_msgs::msg::Pose2D_<std::allocator<void> >[m[Kâ€™} has no member named â€˜[01m[Kx[m[Kâ€™
  202 |   std::cout << "Pose2D: x = " << current_agent_pose_.[01;31m[Kx[m[K
      |                                                      [01;31m[K^[m[K
[01m[K/home/williamfbx/Lunar-ROADSTER/lr_ws/src/planning/src/behavior_executive_node.cpp:203:46:[m[K [01;31m[Kerror: [m[Kâ€˜[01m[Kusing Pose2D = struct cg_msgs::msg::Pose2D_<std::allocator<void> >[m[Kâ€™ {aka â€˜[01m[Kstruct cg_msgs::msg::Pose2D_<std::allocator<void> >[m[Kâ€™} has no member named â€˜[01m[Ky[m[Kâ€™
  203 |           << ", y = " << current_agent_pose_.[01;31m[Ky[m[K
      |                                              [01;31m[K^[m[K
gmake[2]: *** [CMakeFiles/behavior_executive_node.dir/build.make:90: CMakeFiles/behavior_executive_node.dir/src/behavior_executive_node.cpp.o] Error 1
gmake[1]: *** [CMakeFiles/Makefile2:137: CMakeFiles/behavior_executive_node.dir/all] Error 2
gmake: *** [Makefile:146: all] Error 2
