[0.082s] Invoking command in '/root/Lunar_ROADSTER/lr_ws/build/localization': CMAKE_PREFIX_PATH=/root/Lunar_ROADSTER/lr_ws/install/cg_msgs:/root/Lunar_ROADSTER/lr_ws/install/vectornav:/root/Lunar_ROADSTER/lr_ws/install/vectornav_msgs:/root/Lunar_ROADSTER/lr_ws/install/localization:/opt/ros/humble LD_LIBRARY_PATH=/root/Lunar_ROADSTER/lr_ws/install/cg_msgs/lib:/root/Lunar_ROADSTER/lr_ws/install/vectornav/lib:/root/Lunar_ROADSTER/lr_ws/install/vectornav_msgs/lib:/opt/ros/humble/opt/rviz_ogre_vendor/lib:/opt/ros/humble/lib/aarch64-linux-gnu:/opt/ros/humble/lib:/usr/local/cuda/lib64 /usr/local/bin/cmake --build /root/Lunar_ROADSTER/lr_ws/build/localization -- -j4 -l4
[0.176s] -- Found ament_cmake: 1.3.11 (/opt/ros/humble/share/ament_cmake/cmake)
[0.589s] -- Found rclcpp: 16.0.11 (/opt/ros/humble/share/rclcpp/cmake)
[0.717s] -- Found rosidl_generator_c: 3.1.6 (/opt/ros/humble/share/rosidl_generator_c/cmake)
[0.728s] -- Found rosidl_adapter: 3.1.6 (/opt/ros/humble/share/rosidl_adapter/cmake)
[0.755s] -- Found rosidl_generator_cpp: 3.1.6 (/opt/ros/humble/share/rosidl_generator_cpp/cmake)
[0.799s] -- Using all available rosidl_typesupport_c: rosidl_typesupport_fastrtps_c;rosidl_typesupport_introspection_c
[0.851s] -- Using all available rosidl_typesupport_cpp: rosidl_typesupport_fastrtps_cpp;rosidl_typesupport_introspection_cpp
[0.977s] -- Found rmw_implementation_cmake: 6.1.2 (/opt/ros/humble/share/rmw_implementation_cmake/cmake)
[0.983s] -- Found rmw_fastrtps_cpp: 6.2.7 (/opt/ros/humble/share/rmw_fastrtps_cpp/cmake)
[1.428s] -- Using RMW implementation 'rmw_fastrtps_cpp' as default
[1.630s] -- Found nav_msgs: 4.2.4 (/opt/ros/humble/share/nav_msgs/cmake)
[1.738s] -- Found cg_msgs: 0.0.0 (/root/Lunar_ROADSTER/lr_ws/install/cg_msgs/share/cg_msgs/cmake)
[1.795s] -- Found sensor_msgs: 4.2.4 (/opt/ros/humble/share/sensor_msgs/cmake)
[1.855s] -- Found visualization_msgs: 4.2.4 (/opt/ros/humble/share/visualization_msgs/cmake)
[1.928s] -- Found tf2: 0.25.9 (/opt/ros/humble/share/tf2/cmake)
[1.943s] -- Found tf2_ros: 0.25.9 (/opt/ros/humble/share/tf2_ros/cmake)
[2.239s] -- Found tf2_geometry_msgs: 0.25.9 (/opt/ros/humble/share/tf2_geometry_msgs/cmake)
[2.253s] -- Found eigen3_cmake_module: 0.1.1 (/opt/ros/humble/share/eigen3_cmake_module/cmake)
[2.258s] -- Ensuring Eigen3 include directory is part of orocos-kdl CMake target
[2.297s] -- Found ament_lint_auto: 0.12.11 (/opt/ros/humble/share/ament_lint_auto/cmake)
[2.587s] -- Added test 'copyright' to check source files copyright and LICENSE
[2.601s] -- Added test 'cppcheck' to perform static code analysis on C / C++ code
[2.602s] -- Configured cppcheck include dirs: /root/Lunar_ROADSTER/lr_ws/src/localization/include
[2.603s] -- Configured cppcheck exclude dirs and/or files: 
[2.615s] -- Added test 'cpplint' to check C / C++ code against the Google style
[2.615s] -- Configured cpplint exclude dirs and/or files: 
[2.618s] -- Added test 'flake8' to check Python code syntax and style conventions
[2.621s] -- Added test 'lint_cmake' to check CMake code style
[2.624s] -- Added test 'pep257' to check Python code against some of the docstring style conventions in PEP 257
[2.635s] -- Added test 'uncrustify' to check C / C++ code style
[2.636s] -- Configured uncrustify additional arguments: 
[2.639s] -- Added test 'xmllint' to check XML markup files
[2.642s] -- Configuring done
[2.770s] -- Generating done
[2.823s] -- Build files have been written to: /root/Lunar_ROADSTER/lr_ws/build/localization
[2.909s] [35m[1mConsolidate compiler generated dependencies of target kalman_filter_linear[0m
[2.930s] [35m[1mConsolidate compiler generated dependencies of target imu_tf_publisher[0m
[2.931s] [35m[1mConsolidate compiler generated dependencies of target ts_prism_transformer[0m
[3.006s] [ 20%] Built target kalman_filter_linear
[3.043s] [ 40%] Built target imu_tf_publisher
[3.058s] [35m[1mConsolidate compiler generated dependencies of target slip_estimate_node[0m
[3.060s] [ 70%] Built target ts_prism_transformer
[3.185s] [ 80%] [32mBuilding CXX object CMakeFiles/slip_estimate_node.dir/src/slip_estimate_main.cpp.o[0m
[3.186s] [ 90%] [32mBuilding CXX object CMakeFiles/slip_estimate_node.dir/src/slip_estimate_node.cpp.o[0m
[52.761s] [100%] [32m[1mLinking CXX executable slip_estimate_node[0m
[54.978s] /usr/bin/ld: CMakeFiles/slip_estimate_node.dir/src/slip_estimate_node.cpp.o: in function `tf2::impl::toQuaternion(geometry_msgs::msg::Quaternion_<std::allocator<void> > const&)':
[54.979s] slip_estimate_node.cpp:(.text._ZN3tf24impl12toQuaternionERKN13geometry_msgs3msg11Quaternion_ISaIvEEE[_ZN3tf24impl12toQuaternionERKN13geometry_msgs3msg11Quaternion_ISaIvEEE]+0x34): undefined reference to `tf2::fromMsg(geometry_msgs::msg::Quaternion_<std::allocator<void> > const&, tf2::Quaternion&)'
[55.370s] collect2: error: ld returned 1 exit status
[55.375s] gmake[2]: *** [CMakeFiles/slip_estimate_node.dir/build.make:247: slip_estimate_node] Error 1
[55.376s] gmake[1]: *** [CMakeFiles/Makefile2:143: CMakeFiles/slip_estimate_node.dir/all] Error 2
[55.377s] gmake: *** [Makefile:146: all] Error 2
[55.384s] Invoked command in '/root/Lunar_ROADSTER/lr_ws/build/localization' returned '2': CMAKE_PREFIX_PATH=/root/Lunar_ROADSTER/lr_ws/install/cg_msgs:/root/Lunar_ROADSTER/lr_ws/install/vectornav:/root/Lunar_ROADSTER/lr_ws/install/vectornav_msgs:/root/Lunar_ROADSTER/lr_ws/install/localization:/opt/ros/humble LD_LIBRARY_PATH=/root/Lunar_ROADSTER/lr_ws/install/cg_msgs/lib:/root/Lunar_ROADSTER/lr_ws/install/vectornav/lib:/root/Lunar_ROADSTER/lr_ws/install/vectornav_msgs/lib:/opt/ros/humble/opt/rviz_ogre_vendor/lib:/opt/ros/humble/lib/aarch64-linux-gnu:/opt/ros/humble/lib:/usr/local/cuda/lib64 /usr/local/bin/cmake --build /root/Lunar_ROADSTER/lr_ws/build/localization -- -j4 -l4
