[0.020s] Invoking command in '/root/Lunar_ROADSTER/lr_ws/build/kindr': CMAKE_PREFIX_PATH=/opt/ros/humble /usr/local/bin/cmake /root/Lunar_ROADSTER/lr_ws/src/drivers/kindr -DCMAKE_INSTALL_PREFIX=/root/Lunar_ROADSTER/lr_ws/install/kindr
[0.415s] -- The C compiler identification is GNU 11.4.0
[0.594s] -- The CXX compiler identification is GNU 11.4.0
[0.604s] -- Detecting C compiler ABI info
[0.662s] -- Detecting C compiler ABI info - done
[0.669s] -- Check for working C compiler: /usr/bin/cc - skipped
[0.669s] -- Detecting C compile features
[0.669s] -- Detecting C compile features - done
[0.672s] -- Detecting CXX compiler ABI info
[0.738s] -- Detecting CXX compiler ABI info - done
[0.745s] -- Check for working CXX compiler: /usr/bin/c++ - skipped
[0.745s] -- Detecting CXX compile features
[0.746s] -- Detecting CXX compile features - done
[0.756s] -- Found ament_cmake: 1.3.10 (/opt/ros/humble/share/ament_cmake/cmake)
[0.879s] -- Found Python3: /usr/bin/python3 (found version "3.10.12") found components: Interpreter 
[0.981s] -- Could NOT find Doxygen (missing: DOXYGEN_EXECUTABLE) 
[0.981s] -- Doxygen not found
[0.984s] -- Found ament_cmake_gtest: 1.3.10 (/opt/ros/humble/share/ament_cmake_gtest/cmake)
[0.990s] -- Found gtest sources under '/opt/ros/humble/src/gtest_vendor': C++ tests using 'Google Test' will be built
[1.003s] -- Looking for pthread.h
[1.072s] -- Looking for pthread.h - found
[1.072s] -- Performing Test CMAKE_HAVE_LIBC_PTHREAD
[1.122s] -- Performing Test CMAKE_HAVE_LIBC_PTHREAD - Success
[1.122s] -- Found Threads: TRUE  
[1.178s] -- Configuring done
[1.191s] -- Generating done
[1.193s] -- Build files have been written to: /root/Lunar_ROADSTER/lr_ws/build/kindr
[1.200s] Invoked command in '/root/Lunar_ROADSTER/lr_ws/build/kindr' returned '0': CMAKE_PREFIX_PATH=/opt/ros/humble /usr/local/bin/cmake /root/Lunar_ROADSTER/lr_ws/src/drivers/kindr -DCMAKE_INSTALL_PREFIX=/root/Lunar_ROADSTER/lr_ws/install/kindr
[1.202s] Invoking command in '/root/Lunar_ROADSTER/lr_ws/build/kindr': CMAKE_PREFIX_PATH=/opt/ros/humble /usr/local/bin/cmake --build /root/Lunar_ROADSTER/lr_ws/build/kindr -- -j16 -l16
[1.242s] [  2%] [32mBuilding CXX object gtest/CMakeFiles/gtest_main.dir/src/gtest_main.cc.o[0m
[1.243s] [  5%] [32mBuilding CXX object gtest/CMakeFiles/gtest.dir/src/gtest-all.cc.o[0m
[2.359s] [  8%] [32m[1mLinking CXX static library libgtest_main.a[0m
[3.028s] [  8%] Built target gtest_main
[3.471s] gmake[2]: *** [gtest/CMakeFiles/gtest.dir/build.make:76: gtest/CMakeFiles/gtest.dir/src/gtest-all.cc.o] Interrupt
[3.476s] gmake[1]: *** [CMakeFiles/Makefile2:215: gtest/CMakeFiles/gtest.dir/all] Interrupt
[3.476s] gmake: *** [Makefile:146: all] Interrupt
[3.505s] Invoked command in '/root/Lunar_ROADSTER/lr_ws/build/kindr' returned '-2': CMAKE_PREFIX_PATH=/opt/ros/humble /usr/local/bin/cmake --build /root/Lunar_ROADSTER/lr_ws/build/kindr -- -j16 -l16
