[35m[1mConsolidate compiler generated dependencies of target imu_tf_publisher[0m
[ 20%] Built target kalman_filter_linear
[ 50%] Built target ts_prism_transformer
[ 60%] [32mBuilding CXX object CMakeFiles/imu_tf_publisher.dir/src/imu_tf_publisher.cpp.o[0m
[ 70%] [32mBuilding CXX object CMakeFiles/slip_estimate_node.dir/src/slip_estimate_main.cpp.o[0m
[ 80%] [32mBuilding CXX object CMakeFiles/slip_estimate_node.dir/src/slip_estimate_node.cpp.o[0m
In file included from [01m[K/root/Lunar_ROADSTER/lr_ws/src/localization/include/localization/imu_tf_publisher.hpp:8[m[K,
                 from [01m[K/root/Lunar_ROADSTER/lr_ws/src/localization/src/imu_tf_publisher.cpp:1[m[K:
[01m[K/opt/ros/humble/include/tf2_geometry_msgs/tf2_geometry_msgs/tf2_geometry_msgs.h:35:2:[m[K [01;35m[Kwarning: [m[K#warning This header is obsolete, please include tf2_geometry_msgs/tf2_geometry_msgs.hpp instead [[01;35m[K-Wcpp[m[K]
   35 | #[01;35m[Kwarning[m[K This header is obsolete, please include tf2_geometry_msgs/tf2_geometry_msgs.hpp instead
      |  [01;35m[K^~~~~~~[m[K
In file included from [01m[K/root/Lunar_ROADSTER/lr_ws/src/localization/src/slip_estimate_node.cpp:1[m[K:
[01m[K/root/Lunar_ROADSTER/lr_ws/src/localization/include/localization/slip_estimate_node.hpp:13:10:[m[K [01;31m[Kfatal error: [m[Ktf2_ros/transform_broadcaster.h: No such file or directory
   13 | #include [01;31m[K<tf2_ros/transform_broadcaster.h>[m[K
      |          [01;31m[K^~~~~~~~~~~~~~~~~~~~~~~~~~~~~~~~~[m[K
compilation terminated.
gmake[2]: *** [CMakeFiles/slip_estimate_node.dir/build.make:90: CMakeFiles/slip_estimate_node.dir/src/slip_estimate_node.cpp.o] Error 1
gmake[2]: *** Waiting for unfinished jobs....
In file included from [01m[K/root/Lunar_ROADSTER/lr_ws/src/localization/src/slip_estimate_main.cpp:3[m[K:
[01m[K/root/Lunar_ROADSTER/lr_ws/src/localization/include/localization/slip_estimate_node.hpp:13:10:[m[K [01;31m[Kfatal error: [m[Ktf2_ros/transform_broadcaster.h: No such file or directory
   13 | #include [01;31m[K<tf2_ros/transform_broadcaster.h>[m[K
      |          [01;31m[K^~~~~~~~~~~~~~~~~~~~~~~~~~~~~~~~~[m[K
compilation terminated.
gmake[2]: *** [CMakeFiles/slip_estimate_node.dir/build.make:76: CMakeFiles/slip_estimate_node.dir/src/slip_estimate_main.cpp.o] Error 1
gmake[1]: *** [CMakeFiles/Makefile2:143: CMakeFiles/slip_estimate_node.dir/all] Error 2
gmake[1]: *** Waiting for unfinished jobs....
[ 90%] [32m[1mLinking CXX executable imu_tf_publisher[0m
[ 90%] Built target imu_tf_publisher
gmake: *** [Makefile:146: all] Error 2
