[ 50%] Built target visualization_node
[ 66%] [32mBuilding CXX object CMakeFiles/local_visualization_node.dir/src/local_visualization.cpp.o[0m
[ 83%] [32mBuilding CXX object CMakeFiles/local_visualization_node.dir/src/local_visualization_node.cpp.o[0m
[01m[K/root/Lunar_ROADSTER/lr_ws/src/visualization/src/local_visualization.cpp:[m[K In member function â€˜[01m[Kvoid ElevationGridMapNode::occupancyCallback(nav_msgs::msg::OccupancyGrid_<std::allocator<void> >::SharedPtr)[m[Kâ€™:
[01m[K/root/Lunar_ROADSTER/lr_ws/src/visualization/src/local_visualization.cpp:137:36:[m[K [01;31m[Kerror: [m[Kdeclaration of â€˜[01m[Kstd_msgs::msg::Float64MultiArray msg[m[Kâ€™ shadows a parameter
  137 |   std_msgs::msg::Float64MultiArray [01;31m[Kmsg[m[K;
      |                                    [01;31m[K^~~[m[K
[01m[K/root/Lunar_ROADSTER/lr_ws/src/visualization/src/local_visualization.cpp:22:92:[m[K [01;36m[Knote: [m[Kâ€˜[01m[Kconst SharedPtr msg[m[Kâ€™ previously declared here
   22 | void ElevationGridMapNode::occupancyCallback([01;36m[Kconst nav_msgs::msg::OccupancyGrid::SharedPtr msg[m[K)
      |                                              [01;36m[K~~~~~~~~~~~~~~~~~~~~~~~~~~~~~~~~~~~~~~~~~~~~~~^~~[m[K
[01m[K/root/Lunar_ROADSTER/lr_ws/src/visualization/src/local_visualization.cpp:139:3:[m[K [01;31m[Kerror: [m[Kâ€˜[01m[Kpub[m[Kâ€™ was not declared in this scope
  139 |   [01;31m[Kpub[m[K->publish(msg);
      |   [01;31m[K^~~[m[K
gmake[2]: *** [CMakeFiles/local_visualization_node.dir/build.make:76: CMakeFiles/local_visualization_node.dir/src/local_visualization.cpp.o] Error 1
gmake[1]: *** [CMakeFiles/Makefile2:165: CMakeFiles/local_visualization_node.dir/all] Error 2
gmake: *** [Makefile:146: all] Error 2
