[35m[1mConsolidate compiler generated dependencies of target behavior_executive_node[0m
[  6%] [32mBuilding CXX object CMakeFiles/behavior_executive_node.dir/src/behavior_executive_node.cpp.o[0m
[01m[K/home/williamfbx/Lunar-ROADSTER/lr_ws/src/planning/src/behavior_executive_node.cpp:[m[K In member function â€˜[01m[Kvoid cg::planning::BehaviorExecutive::fsmTimerCallback()[m[Kâ€™:
[01m[K/home/williamfbx/Lunar-ROADSTER/lr_ws/src/planning/src/behavior_executive_node.cpp:161:36:[m[K [01;31m[Kerror: [m[Kjump to case label
  161 |   case cg::planning::FSM::StateL0::[01;31m[KEND_MISSION[m[K:
      |                                    [01;31m[K^~~~~~~~~~~[m[K
[01m[K/home/williamfbx/Lunar-ROADSTER/lr_ws/src/planning/src/behavior_executive_node.cpp:152:10:[m[K [01;36m[Knote: [m[K  crosses initialization of â€˜[01m[Kbool keep_following[m[Kâ€™
  152 |     bool [01;36m[Kkeep_following[m[K = following_trajectory_.runState();
      |          [01;36m[K^~~~~~~~~~~~~~[m[K
[01m[K/home/williamfbx/Lunar-ROADSTER/lr_ws/src/planning/src/behavior_executive_node.cpp:165:36:[m[K [01;31m[Kerror: [m[Kjump to case label
  165 |   case cg::planning::FSM::StateL0::[01;31m[KSTOPPED[m[K:
      |                                    [01;31m[K^~~~~~~[m[K
[01m[K/home/williamfbx/Lunar-ROADSTER/lr_ws/src/planning/src/behavior_executive_node.cpp:152:10:[m[K [01;36m[Knote: [m[K  crosses initialization of â€˜[01m[Kbool keep_following[m[Kâ€™
  152 |     bool [01;36m[Kkeep_following[m[K = following_trajectory_.runState();
      |          [01;36m[K^~~~~~~~~~~~~~[m[K
[01m[K/home/williamfbx/Lunar-ROADSTER/lr_ws/src/planning/src/behavior_executive_node.cpp:173:3:[m[K [01;31m[Kerror: [m[Kjump to case label
  173 |   [01;31m[Kdefault[m[K:
      |   [01;31m[K^~~~~~~[m[K
[01m[K/home/williamfbx/Lunar-ROADSTER/lr_ws/src/planning/src/behavior_executive_node.cpp:152:10:[m[K [01;36m[Knote: [m[K  crosses initialization of â€˜[01m[Kbool keep_following[m[Kâ€™
  152 |     bool [01;36m[Kkeep_following[m[K = following_trajectory_.runState();
      |          [01;36m[K^~~~~~~~~~~~~~[m[K
[01m[K/home/williamfbx/Lunar-ROADSTER/lr_ws/src/planning/src/behavior_executive_node.cpp:152:10:[m[K [01;35m[Kwarning: [m[Kunused variable â€˜[01m[Kkeep_following[m[Kâ€™ [[01;35m[K]8;;https://gcc.gnu.org/onlinedocs/gcc/Warning-Options.html#index-Wunused-variable-Wunused-variable]8;;[m[K]
[01m[K/home/williamfbx/Lunar-ROADSTER/lr_ws/src/planning/src/behavior_executive_node.cpp:98:10:[m[K [01;35m[Kwarning: [m[Kenumeration value â€˜[01m[KREPLAN_TRANSPORT[m[Kâ€™ not handled in switch [[01;35m[K]8;;https://gcc.gnu.org/onlinedocs/gcc/Warning-Options.html#index-Wswitch-Wswitch]8;;[m[K]
   98 |   switch [01;35m[K([m[Kfsm_.getCurrStateL0())
      |          [01;35m[K^[m[K
[01m[K/home/williamfbx/Lunar-ROADSTER/lr_ws/src/planning/src/behavior_executive_node.cpp:98:10:[m[K [01;35m[Kwarning: [m[Kenumeration value â€˜[01m[KPLAN_EXPLORATION[m[Kâ€™ not handled in switch [[01;35m[K]8;;https://gcc.gnu.org/onlinedocs/gcc/Warning-Options.html#index-Wswitch-Wswitch]8;;[m[K]
[01m[K/home/williamfbx/Lunar-ROADSTER/lr_ws/src/planning/src/behavior_executive_node.cpp:98:10:[m[K [01;35m[Kwarning: [m[Kenumeration value â€˜[01m[KGET_EXPLORATION_GOALS[m[Kâ€™ not handled in switch [[01;35m[K]8;;https://gcc.gnu.org/onlinedocs/gcc/Warning-Options.html#index-Wswitch-Wswitch]8;;[m[K]
[01m[K/home/williamfbx/Lunar-ROADSTER/lr_ws/src/planning/src/behavior_executive_node.cpp:98:10:[m[K [01;35m[Kwarning: [m[Kenumeration value â€˜[01m[KEND_MISSION[m[Kâ€™ not handled in switch [[01;35m[K]8;;https://gcc.gnu.org/onlinedocs/gcc/Warning-Options.html#index-Wswitch-Wswitch]8;;[m[K]
[01m[K/home/williamfbx/Lunar-ROADSTER/lr_ws/src/planning/src/behavior_executive_node.cpp:98:10:[m[K [01;35m[Kwarning: [m[Kenumeration value â€˜[01m[KSTOPPED[m[Kâ€™ not handled in switch [[01;35m[K]8;;https://gcc.gnu.org/onlinedocs/gcc/Warning-Options.html#index-Wswitch-Wswitch]8;;[m[K]
gmake[2]: *** [CMakeFiles/behavior_executive_node.dir/build.make:90: CMakeFiles/behavior_executive_node.dir/src/behavior_executive_node.cpp.o] Error 1
gmake[1]: *** [CMakeFiles/Makefile2:137: CMakeFiles/behavior_executive_node.dir/all] Error 2
gmake: *** [Makefile:146: all] Error 2
