[0.276s] Invoking command in '/root/Lunar_ROADSTER/lr_ws/build/kindr_msgs': CMAKE_PREFIX_PATH=${CMAKE_PREFIX_PATH}:/root/Lunar_ROADSTER/lr_ws/install/nav2_simple_commander:/opt/ros/humble: /usr/local/bin/cmake /root/Lunar_ROADSTER/lr_ws/src/drivers/kindr_ros/kindr_msgs -DCMAKE_INSTALL_PREFIX=/root/Lunar_ROADSTER/lr_ws/install/kindr_msgs
[1.451s] -- The C compiler identification is GNU 11.4.0
[2.100s] -- The CXX compiler identification is GNU 11.4.0
[2.320s] -- Detecting C compiler ABI info
[3.144s] -- Detecting C compiler ABI info - done
[3.183s] -- Check for working C compiler: /usr/bin/cc - skipped
[3.188s] -- Detecting C compile features
[3.197s] -- Detecting C compile features - done
[3.250s] -- Detecting CXX compiler ABI info
[3.929s] -- Detecting CXX compiler ABI info - done
[3.981s] -- Check for working CXX compiler: /usr/bin/c++ - skipped
[3.983s] -- Detecting CXX compile features
[3.988s] -- Detecting CXX compile features - done
[4.737s] -- Found ament_cmake_auto: 1.3.11 (/opt/ros/humble/share/ament_cmake_auto/cmake)
[6.245s] -- Found Python3: /usr/bin/python3 (found version "3.10.12") found components: Interpreter 
[12.041s] -- Using all available rosidl_typesupport_c: rosidl_typesupport_fastrtps_c;rosidl_typesupport_introspection_c
[12.633s] -- Found rosidl_adapter: 3.1.6 (/opt/ros/humble/share/rosidl_adapter/cmake)
[16.272s] -- Using all available rosidl_typesupport_cpp: rosidl_typesupport_fastrtps_cpp;rosidl_typesupport_introspection_cpp
[20.965s] -- Found ament_cmake_cppcheck: 0.12.11 (/opt/ros/humble/share/ament_cmake_cppcheck/cmake)
[21.320s] -- Found ament_cmake_cpplint: 0.12.11 (/opt/ros/humble/share/ament_cmake_cpplint/cmake)
[21.692s] -- Found ament_cmake_uncrustify: 0.12.11 (/opt/ros/humble/share/ament_cmake_uncrustify/cmake)
[22.077s] -- Found ament_cmake_ros: 0.10.0 (/opt/ros/humble/share/ament_cmake_ros/cmake)
[23.145s] -- Using all available rosidl_typesupport_c: rosidl_typesupport_fastrtps_c;rosidl_typesupport_introspection_c
[23.978s] -- Using all available rosidl_typesupport_cpp: rosidl_typesupport_fastrtps_cpp;rosidl_typesupport_introspection_cpp
[24.158s] -- Found PythonInterp: /usr/bin/python3 (found suitable version "3.10.12", minimum required is "3.6") 
[24.580s] -- Found python_cmake_module: 0.10.0 (/opt/ros/humble/share/python_cmake_module/cmake)
[25.013s] -- Found PythonLibs: /usr/lib/aarch64-linux-gnu/libpython3.10.so (found suitable version "3.10.12", minimum required is "3.5") 
[25.014s] -- Using PYTHON_EXECUTABLE: /usr/bin/python3
[25.014s] -- Using PYTHON_INCLUDE_DIRS: /usr/include/python3.10
[25.019s] -- Using PYTHON_LIBRARIES: /usr/lib/aarch64-linux-gnu/libpython3.10.so
[25.159s] -- Found PythonExtra: .so  
[26.121s] -- Found ament_cmake_flake8: 0.12.11 (/opt/ros/humble/share/ament_cmake_flake8/cmake)
[26.613s] -- Found ament_cmake_pep257: 0.12.11 (/opt/ros/humble/share/ament_cmake_pep257/cmake)
[27.016s] -- Found ament_lint_auto: 0.12.11 (/opt/ros/humble/share/ament_lint_auto/cmake)
[27.215s] -- Configuring done
[27.747s] -- Generating done
[27.803s] -- Build files have been written to: /root/Lunar_ROADSTER/lr_ws/build/kindr_msgs
[27.982s] Invoked command in '/root/Lunar_ROADSTER/lr_ws/build/kindr_msgs' returned '0': CMAKE_PREFIX_PATH=${CMAKE_PREFIX_PATH}:/root/Lunar_ROADSTER/lr_ws/install/nav2_simple_commander:/opt/ros/humble: /usr/local/bin/cmake /root/Lunar_ROADSTER/lr_ws/src/drivers/kindr_ros/kindr_msgs -DCMAKE_INSTALL_PREFIX=/root/Lunar_ROADSTER/lr_ws/install/kindr_msgs
[27.984s] Invoking command in '/root/Lunar_ROADSTER/lr_ws/build/kindr_msgs': CMAKE_PREFIX_PATH=${CMAKE_PREFIX_PATH}:/root/Lunar_ROADSTER/lr_ws/install/nav2_simple_commander:/opt/ros/humble: /usr/local/bin/cmake --build /root/Lunar_ROADSTER/lr_ws/build/kindr_msgs -- -j4 -l4
[28.243s] [  3%] [34m[1mGenerating C++ code for ROS interfaces[0m
[30.321s] [  3%] Built target kindr_msgs__cpp
[30.567s] [  3%] Built target ament_cmake_python_copy_kindr_msgs
[30.636s] [  6%] [34m[1mGenerating C++ introspection for ROS interfaces[0m
[32.196s] [  9%] [32mBuilding CXX object CMakeFiles/kindr_msgs__rosidl_typesupport_introspection_cpp.dir/rosidl_typesupport_introspection_cpp/kindr_msgs/msg/detail/vector_at_position__type_support.cpp.o[0m
[33.280s] In file included from [01m[K/root/Lunar_ROADSTER/lr_ws/build/kindr_msgs/rosidl_typesupport_introspection_cpp/kindr_msgs/msg/detail/vector_at_position__type_support.cpp:12[m[K:
[33.282s] [01m[K/root/Lunar_ROADSTER/lr_ws/build/kindr_msgs/rosidl_generator_cpp/kindr_msgs/msg/detail/vector_at_position__struct.hpp:20:10:[m[K [01;31m[Kfatal error: [m[Kstd_msgs/msg/detail/header__struct.hpp: No such file or directory
[33.282s]    20 | #include [01;31m[K"std_msgs/msg/detail/header__struct.hpp"[m[K
[33.282s]       |          [01;31m[K^~~~~~~~~~~~~~~~~~~~~~~~~~~~~~~~~~~~~~~~[m[K
[33.283s] compilation terminated.
[33.293s] gmake[2]: *** [CMakeFiles/kindr_msgs__rosidl_typesupport_introspection_cpp.dir/build.make:91: CMakeFiles/kindr_msgs__rosidl_typesupport_introspection_cpp.dir/rosidl_typesupport_introspection_cpp/kindr_msgs/msg/detail/vector_at_position__type_support.cpp.o] Error 1
[33.294s] gmake[1]: *** [CMakeFiles/Makefile2:369: CMakeFiles/kindr_msgs__rosidl_typesupport_introspection_cpp.dir/all] Error 2
[33.295s] gmake: *** [Makefile:146: all] Error 2
[33.303s] Invoked command in '/root/Lunar_ROADSTER/lr_ws/build/kindr_msgs' returned '2': CMAKE_PREFIX_PATH=${CMAKE_PREFIX_PATH}:/root/Lunar_ROADSTER/lr_ws/install/nav2_simple_commander:/opt/ros/humble: /usr/local/bin/cmake --build /root/Lunar_ROADSTER/lr_ws/build/kindr_msgs -- -j4 -l4
