[01m[Kcc1plus:[m[K [01;31m[Kfatal error: [m[K/home/williamfbx/Lunar-ROADSTER/lr_ws/src/planning/src/fsm/ready.cpp: No such file or directory
compilation terminated.
gmake[2]: *** [CMakeFiles/behavior_executive_node.dir/build.make:118: CMakeFiles/behavior_executive_node.dir/src/fsm/ready.cpp.o] Error 1
gmake[2]: *** Waiting for unfinished jobs....
[01m[Kcc1plus:[m[K [01;31m[Kfatal error: [m[K/home/williamfbx/Lunar-ROADSTER/lr_ws/src/planning/src/fsm/update_map.cpp: No such file or directory
compilation terminated.
gmake[2]: *** [CMakeFiles/behavior_executive_node.dir/build.make:132: CMakeFiles/behavior_executive_node.dir/src/fsm/update_map.cpp.o] Error 1
In file included from [01m[K/home/williamfbx/Lunar-ROADSTER/lr_ws/src/planning/src/behavior_executive_main.cpp:2[m[K:
[01m[K/home/williamfbx/Lunar-ROADSTER/lr_ws/src/planning/include/planning/behavior_executive_node.hpp:96:17:[m[K [01;31m[Kerror: [m[Kâ€˜[01m[KFSM[m[Kâ€™ in namespace â€˜[01m[Kcg::planning[m[Kâ€™ does not name a type
   96 |   cg::planning::[01;31m[KFSM[m[K fsm_;
      |                 [01;31m[K^~~[m[K
[01m[K/home/williamfbx/Lunar-ROADSTER/lr_ws/src/planning/include/planning/behavior_executive_node.hpp:99:17:[m[K [01;31m[Kerror: [m[Kâ€˜[01m[KReady[m[Kâ€™ in namespace â€˜[01m[Kcg::planning[m[Kâ€™ does not name a type
   99 |   cg::planning::[01;31m[KReady[m[K ready_;
      |                 [01;31m[K^~~~~[m[K
[01m[K/home/williamfbx/Lunar-ROADSTER/lr_ws/src/planning/include/planning/behavior_executive_node.hpp:100:17:[m[K [01;31m[Kerror: [m[Kâ€˜[01m[KUpdateMap[m[Kâ€™ in namespace â€˜[01m[Kcg::planning[m[Kâ€™ does not name a type
  100 |   cg::planning::[01;31m[KUpdateMap[m[K update_map_;
      |                 [01;31m[K^~~~~~~~~[m[K
[01m[K/home/williamfbx/Lunar-ROADSTER/lr_ws/src/planning/include/planning/behavior_executive_node.hpp:101:17:[m[K [01;31m[Kerror: [m[Kâ€˜[01m[KSiteWorkDone[m[Kâ€™ in namespace â€˜[01m[Kcg::planning[m[Kâ€™ does not name a type
  101 |   cg::planning::[01;31m[KSiteWorkDone[m[K site_work_done_;
      |                 [01;31m[K^~~~~~~~~~~~[m[K
In file included from [01m[K/home/williamfbx/Lunar-ROADSTER/lr_ws/src/planning/src/behavior_executive_node.cpp:1[m[K:
[01m[K/home/williamfbx/Lunar-ROADSTER/lr_ws/src/planning/include/planning/behavior_executive_node.hpp:96:17:[m[K [01;31m[Kerror: [m[Kâ€˜[01m[KFSM[m[Kâ€™ in namespace â€˜[01m[Kcg::planning[m[Kâ€™ does not name a type
   96 |   cg::planning::[01;31m[KFSM[m[K fsm_;
      |                 [01;31m[K^~~[m[K
[01m[K/home/williamfbx/Lunar-ROADSTER/lr_ws/src/planning/include/planning/behavior_executive_node.hpp:99:17:[m[K [01;31m[Kerror: [m[Kâ€˜[01m[KReady[m[Kâ€™ in namespace â€˜[01m[Kcg::planning[m[Kâ€™ does not name a type
   99 |   cg::planning::[01;31m[KReady[m[K ready_;
      |                 [01;31m[K^~~~~[m[K
[01m[K/home/williamfbx/Lunar-ROADSTER/lr_ws/src/planning/include/planning/behavior_executive_node.hpp:100:17:[m[K [01;31m[Kerror: [m[Kâ€˜[01m[KUpdateMap[m[Kâ€™ in namespace â€˜[01m[Kcg::planning[m[Kâ€™ does not name a type
  100 |   cg::planning::[01;31m[KUpdateMap[m[K update_map_;
      |                 [01;31m[K^~~~~~~~~[m[K
[01m[K/home/williamfbx/Lunar-ROADSTER/lr_ws/src/planning/include/planning/behavior_executive_node.hpp:101:17:[m[K [01;31m[Kerror: [m[Kâ€˜[01m[KSiteWorkDone[m[Kâ€™ in namespace â€˜[01m[Kcg::planning[m[Kâ€™ does not name a type
  101 |   cg::planning::[01;31m[KSiteWorkDone[m[K site_work_done_;
      |                 [01;31m[K^~~~~~~~~~~~[m[K
[01m[K/home/williamfbx/Lunar-ROADSTER/lr_ws/src/planning/src/behavior_executive_node.cpp:[m[K In member function â€˜[01m[Kvoid cg::planning::BehaviorExecutive::fsmTimerCallback()[m[Kâ€™:
[01m[K/home/williamfbx/Lunar-ROADSTER/lr_ws/src/planning/src/behavior_executive_node.cpp:95:38:[m[K [01;31m[Kerror: [m[Kâ€˜[01m[Kfsm_[m[Kâ€™ was not declared in this scope
   95 |   std::cout << "    Pre-Signal: " << [01;31m[Kfsm_[m[K.preSignalToString() << std::endl;
      |                                      [01;31m[K^~~~[m[K
[01m[K/home/williamfbx/Lunar-ROADSTER/lr_ws/src/planning/src/behavior_executive_node.cpp:101:22:[m[K [01;31m[Kerror: [m[Kâ€˜[01m[Kcg::planning::FSM[m[Kâ€™ has not been declared
  101 |   case cg::planning::[01;31m[KFSM[m[K::StateL0::READY:
      |                      [01;31m[K^~~[m[K
[01m[K/home/williamfbx/Lunar-ROADSTER/lr_ws/src/planning/src/behavior_executive_node.cpp:102:5:[m[K [01;31m[Kerror: [m[Kâ€˜[01m[Kready_[m[Kâ€™ was not declared in this scope; did you mean â€˜[01m[Kread[m[Kâ€™?
  102 |     [01;31m[Kready_[m[K.runState();
      |     [01;31m[K^~~~~~[m[K
      |     [32m[Kread[m[K
[01m[K/home/williamfbx/Lunar-ROADSTER/lr_ws/src/planning/src/behavior_executive_node.cpp:[m[K At global scope:
[01m[K/home/williamfbx/Lunar-ROADSTER/lr_ws/src/planning/src/behavior_executive_node.cpp:147:2:[m[K [01;31m[Kerror: [m[Kexpected â€˜[01m[K}[m[Kâ€™ at end of input
  147 | }[01;31m[K [m[K// namespace cg
      |  [01;31m[K^[m[K
[01m[K/home/williamfbx/Lunar-ROADSTER/lr_ws/src/planning/src/behavior_executive_node.cpp:3:14:[m[K [01;36m[Knote: [m[Kto match this â€˜[01m[K{[m[Kâ€™
    3 | namespace cg [01;36m[K{[m[K
      |              [01;36m[K^[m[K
gmake[2]: *** [CMakeFiles/behavior_executive_node.dir/build.make:76: CMakeFiles/behavior_executive_node.dir/src/behavior_executive_main.cpp.o] Error 1
gmake[2]: *** [CMakeFiles/behavior_executive_node.dir/build.make:90: CMakeFiles/behavior_executive_node.dir/src/behavior_executive_node.cpp.o] Error 1
gmake[1]: *** [CMakeFiles/Makefile2:137: CMakeFiles/behavior_executive_node.dir/all] Error 2
gmake: *** [Makefile:146: all] Error 2
