[0.033s] Invoking command in '/home/williamfbx/Lunar-ROADSTER/lr_ws/build/planning': CMAKE_PREFIX_PATH=/home/williamfbx/Lunar-ROADSTER/lr_ws/install/mapping:/home/williamfbx/Lunar-ROADSTER/lr_ws/install/cg_msgs:/home/williamfbx/Lunar-ROADSTER/lr_ws/install/vectornav:/home/williamfbx/Lunar-ROADSTER/lr_ws/install/vectornav_msgs:/home/williamfbx/Lunar-ROADSTER/lr_ws/install/teleop:/home/williamfbx/Lunar-ROADSTER/lr_ws/install/sensing:/home/williamfbx/Lunar-ROADSTER/lr_ws/install/realsense2_description:/home/williamfbx/Lunar-ROADSTER/lr_ws/install/realsense2_camera:/home/williamfbx/Lunar-ROADSTER/lr_ws/install/realsense2_camera_msgs:/home/williamfbx/Lunar-ROADSTER/lr_ws/install/realsense:/home/williamfbx/Lunar-ROADSTER/lr_ws/install/planning:/home/williamfbx/Lunar-ROADSTER/lr_ws/install/motion_control:/home/williamfbx/Lunar-ROADSTER/lr_ws/install/localization:/home/williamfbx/Lunar-ROADSTER/lr_ws/install/imu:/home/williamfbx/Lunar-ROADSTER/lr_ws/install/arduino:/opt/ros/humble LD_LIBRARY_PATH=/home/williamfbx/Lunar-ROADSTER/lr_ws/install/cg_msgs/lib:/home/williamfbx/Lunar-ROADSTER/lr_ws/install/vectornav/lib:/home/williamfbx/Lunar-ROADSTER/lr_ws/install/vectornav_msgs/lib:/home/williamfbx/Lunar-ROADSTER/lr_ws/install/realsense2_camera/lib:/home/williamfbx/Lunar-ROADSTER/lr_ws/install/realsense2_camera_msgs/lib:/usr/lib/x86_64-linux-gnu/gazebo-11/plugins:/opt/ros/humble/opt/rviz_ogre_vendor/lib:/opt/ros/humble/lib/x86_64-linux-gnu:/opt/ros/humble/lib /usr/bin/cmake --build /home/williamfbx/Lunar-ROADSTER/lr_ws/build/planning -- -j12 -l12
[0.077s] [35m[1mConsolidate compiler generated dependencies of target behavior_executive_node[0m
[0.127s] [ 16%] [32mBuilding CXX object CMakeFiles/behavior_executive_node.dir/src/behavior_executive_node.cpp.o[0m
[0.127s] [ 33%] [32mBuilding CXX object CMakeFiles/behavior_executive_node.dir/src/fsm/ready.cpp.o[0m
[0.127s] [ 50%] [32mBuilding CXX object CMakeFiles/behavior_executive_node.dir/src/behavior_executive_main.cpp.o[0m
[0.127s] [ 66%] [32mBuilding CXX object CMakeFiles/behavior_executive_node.dir/src/fsm/update_map.cpp.o[0m
[0.128s] [01m[Kcc1plus:[m[K [01;31m[Kfatal error: [m[K/home/williamfbx/Lunar-ROADSTER/lr_ws/src/planning/src/fsm/ready.cpp: No such file or directory
[0.128s] compilation terminated.
[0.128s] gmake[2]: *** [CMakeFiles/behavior_executive_node.dir/build.make:118: CMakeFiles/behavior_executive_node.dir/src/fsm/ready.cpp.o] Error 1
[0.128s] gmake[2]: *** Waiting for unfinished jobs....
[0.129s] [01m[Kcc1plus:[m[K [01;31m[Kfatal error: [m[K/home/williamfbx/Lunar-ROADSTER/lr_ws/src/planning/src/fsm/update_map.cpp: No such file or directory
[0.129s] compilation terminated.
[0.129s] gmake[2]: *** [CMakeFiles/behavior_executive_node.dir/build.make:132: CMakeFiles/behavior_executive_node.dir/src/fsm/update_map.cpp.o] Error 1
[2.030s] In file included from [01m[K/home/williamfbx/Lunar-ROADSTER/lr_ws/src/planning/src/behavior_executive_main.cpp:2[m[K:
[2.030s] [01m[K/home/williamfbx/Lunar-ROADSTER/lr_ws/src/planning/include/planning/behavior_executive_node.hpp:96:17:[m[K [01;31m[Kerror: [m[Kâ€˜[01m[KFSM[m[Kâ€™ in namespace â€˜[01m[Kcg::planning[m[Kâ€™ does not name a type
[2.030s]    96 |   cg::planning::[01;31m[KFSM[m[K fsm_;
[2.030s]       |                 [01;31m[K^~~[m[K
[2.030s] [01m[K/home/williamfbx/Lunar-ROADSTER/lr_ws/src/planning/include/planning/behavior_executive_node.hpp:99:17:[m[K [01;31m[Kerror: [m[Kâ€˜[01m[KReady[m[Kâ€™ in namespace â€˜[01m[Kcg::planning[m[Kâ€™ does not name a type
[2.030s]    99 |   cg::planning::[01;31m[KReady[m[K ready_;
[2.030s]       |                 [01;31m[K^~~~~[m[K
[2.030s] [01m[K/home/williamfbx/Lunar-ROADSTER/lr_ws/src/planning/include/planning/behavior_executive_node.hpp:100:17:[m[K [01;31m[Kerror: [m[Kâ€˜[01m[KUpdateMap[m[Kâ€™ in namespace â€˜[01m[Kcg::planning[m[Kâ€™ does not name a type
[2.030s]   100 |   cg::planning::[01;31m[KUpdateMap[m[K update_map_;
[2.030s]       |                 [01;31m[K^~~~~~~~~[m[K
[2.030s] [01m[K/home/williamfbx/Lunar-ROADSTER/lr_ws/src/planning/include/planning/behavior_executive_node.hpp:101:17:[m[K [01;31m[Kerror: [m[Kâ€˜[01m[KSiteWorkDone[m[Kâ€™ in namespace â€˜[01m[Kcg::planning[m[Kâ€™ does not name a type
[2.030s]   101 |   cg::planning::[01;31m[KSiteWorkDone[m[K site_work_done_;
[2.030s]       |                 [01;31m[K^~~~~~~~~~~~[m[K
[2.057s] In file included from [01m[K/home/williamfbx/Lunar-ROADSTER/lr_ws/src/planning/src/behavior_executive_node.cpp:1[m[K:
[2.057s] [01m[K/home/williamfbx/Lunar-ROADSTER/lr_ws/src/planning/include/planning/behavior_executive_node.hpp:96:17:[m[K [01;31m[Kerror: [m[Kâ€˜[01m[KFSM[m[Kâ€™ in namespace â€˜[01m[Kcg::planning[m[Kâ€™ does not name a type
[2.057s]    96 |   cg::planning::[01;31m[KFSM[m[K fsm_;
[2.057s]       |                 [01;31m[K^~~[m[K
[2.057s] [01m[K/home/williamfbx/Lunar-ROADSTER/lr_ws/src/planning/include/planning/behavior_executive_node.hpp:99:17:[m[K [01;31m[Kerror: [m[Kâ€˜[01m[KReady[m[Kâ€™ in namespace â€˜[01m[Kcg::planning[m[Kâ€™ does not name a type
[2.057s]    99 |   cg::planning::[01;31m[KReady[m[K ready_;
[2.057s]       |                 [01;31m[K^~~~~[m[K
[2.057s] [01m[K/home/williamfbx/Lunar-ROADSTER/lr_ws/src/planning/include/planning/behavior_executive_node.hpp:100:17:[m[K [01;31m[Kerror: [m[Kâ€˜[01m[KUpdateMap[m[Kâ€™ in namespace â€˜[01m[Kcg::planning[m[Kâ€™ does not name a type
[2.057s]   100 |   cg::planning::[01;31m[KUpdateMap[m[K update_map_;
[2.057s]       |                 [01;31m[K^~~~~~~~~[m[K
[2.057s] [01m[K/home/williamfbx/Lunar-ROADSTER/lr_ws/src/planning/include/planning/behavior_executive_node.hpp:101:17:[m[K [01;31m[Kerror: [m[Kâ€˜[01m[KSiteWorkDone[m[Kâ€™ in namespace â€˜[01m[Kcg::planning[m[Kâ€™ does not name a type
[2.057s]   101 |   cg::planning::[01;31m[KSiteWorkDone[m[K site_work_done_;
[2.057s]       |                 [01;31m[K^~~~~~~~~~~~[m[K
[2.083s] [01m[K/home/williamfbx/Lunar-ROADSTER/lr_ws/src/planning/src/behavior_executive_node.cpp:[m[K In member function â€˜[01m[Kvoid cg::planning::BehaviorExecutive::fsmTimerCallback()[m[Kâ€™:
[2.083s] [01m[K/home/williamfbx/Lunar-ROADSTER/lr_ws/src/planning/src/behavior_executive_node.cpp:95:38:[m[K [01;31m[Kerror: [m[Kâ€˜[01m[Kfsm_[m[Kâ€™ was not declared in this scope
[2.083s]    95 |   std::cout << "    Pre-Signal: " << [01;31m[Kfsm_[m[K.preSignalToString() << std::endl;
[2.083s]       |                                      [01;31m[K^~~~[m[K
[2.083s] [01m[K/home/williamfbx/Lunar-ROADSTER/lr_ws/src/planning/src/behavior_executive_node.cpp:101:22:[m[K [01;31m[Kerror: [m[Kâ€˜[01m[Kcg::planning::FSM[m[Kâ€™ has not been declared
[2.083s]   101 |   case cg::planning::[01;31m[KFSM[m[K::StateL0::READY:
[2.083s]       |                      [01;31m[K^~~[m[K
[2.087s] [01m[K/home/williamfbx/Lunar-ROADSTER/lr_ws/src/planning/src/behavior_executive_node.cpp:102:5:[m[K [01;31m[Kerror: [m[Kâ€˜[01m[Kready_[m[Kâ€™ was not declared in this scope; did you mean â€˜[01m[Kread[m[Kâ€™?
[2.087s]   102 |     [01;31m[Kready_[m[K.runState();
[2.087s]       |     [01;31m[K^~~~~~[m[K
[2.087s]       |     [32m[Kread[m[K
[2.091s] [01m[K/home/williamfbx/Lunar-ROADSTER/lr_ws/src/planning/src/behavior_executive_node.cpp:[m[K At global scope:
[2.091s] [01m[K/home/williamfbx/Lunar-ROADSTER/lr_ws/src/planning/src/behavior_executive_node.cpp:147:2:[m[K [01;31m[Kerror: [m[Kexpected â€˜[01m[K}[m[Kâ€™ at end of input
[2.091s]   147 | }[01;31m[K [m[K// namespace cg
[2.091s]       |  [01;31m[K^[m[K
[2.091s] [01m[K/home/williamfbx/Lunar-ROADSTER/lr_ws/src/planning/src/behavior_executive_node.cpp:3:14:[m[K [01;36m[Knote: [m[Kto match this â€˜[01m[K{[m[Kâ€™
[2.091s]     3 | namespace cg [01;36m[K{[m[K
[2.091s]       |              [01;36m[K^[m[K
[2.429s] gmake[2]: *** [CMakeFiles/behavior_executive_node.dir/build.make:76: CMakeFiles/behavior_executive_node.dir/src/behavior_executive_main.cpp.o] Error 1
[4.617s] gmake[2]: *** [CMakeFiles/behavior_executive_node.dir/build.make:90: CMakeFiles/behavior_executive_node.dir/src/behavior_executive_node.cpp.o] Error 1
[4.617s] gmake[1]: *** [CMakeFiles/Makefile2:137: CMakeFiles/behavior_executive_node.dir/all] Error 2
[4.618s] gmake: *** [Makefile:146: all] Error 2
[4.620s] Invoked command in '/home/williamfbx/Lunar-ROADSTER/lr_ws/build/planning' returned '2': CMAKE_PREFIX_PATH=/home/williamfbx/Lunar-ROADSTER/lr_ws/install/mapping:/home/williamfbx/Lunar-ROADSTER/lr_ws/install/cg_msgs:/home/williamfbx/Lunar-ROADSTER/lr_ws/install/vectornav:/home/williamfbx/Lunar-ROADSTER/lr_ws/install/vectornav_msgs:/home/williamfbx/Lunar-ROADSTER/lr_ws/install/teleop:/home/williamfbx/Lunar-ROADSTER/lr_ws/install/sensing:/home/williamfbx/Lunar-ROADSTER/lr_ws/install/realsense2_description:/home/williamfbx/Lunar-ROADSTER/lr_ws/install/realsense2_camera:/home/williamfbx/Lunar-ROADSTER/lr_ws/install/realsense2_camera_msgs:/home/williamfbx/Lunar-ROADSTER/lr_ws/install/realsense:/home/williamfbx/Lunar-ROADSTER/lr_ws/install/planning:/home/williamfbx/Lunar-ROADSTER/lr_ws/install/motion_control:/home/williamfbx/Lunar-ROADSTER/lr_ws/install/localization:/home/williamfbx/Lunar-ROADSTER/lr_ws/install/imu:/home/williamfbx/Lunar-ROADSTER/lr_ws/install/arduino:/opt/ros/humble LD_LIBRARY_PATH=/home/williamfbx/Lunar-ROADSTER/lr_ws/install/cg_msgs/lib:/home/williamfbx/Lunar-ROADSTER/lr_ws/install/vectornav/lib:/home/williamfbx/Lunar-ROADSTER/lr_ws/install/vectornav_msgs/lib:/home/williamfbx/Lunar-ROADSTER/lr_ws/install/realsense2_camera/lib:/home/williamfbx/Lunar-ROADSTER/lr_ws/install/realsense2_camera_msgs/lib:/usr/lib/x86_64-linux-gnu/gazebo-11/plugins:/opt/ros/humble/opt/rviz_ogre_vendor/lib:/opt/ros/humble/lib/x86_64-linux-gnu:/opt/ros/humble/lib /usr/bin/cmake --build /home/williamfbx/Lunar-ROADSTER/lr_ws/build/planning -- -j12 -l12
