-- Found ament_cmake: 1.3.11 (/opt/ros/humble/share/ament_cmake/cmake)
-- Found rclcpp: 16.0.11 (/opt/ros/humble/share/rclcpp/cmake)
-- Found rosidl_generator_c: 3.1.6 (/opt/ros/humble/share/rosidl_generator_c/cmake)
-- Found rosidl_adapter: 3.1.6 (/opt/ros/humble/share/rosidl_adapter/cmake)
-- Found rosidl_generator_cpp: 3.1.6 (/opt/ros/humble/share/rosidl_generator_cpp/cmake)
-- Using all available rosidl_typesupport_c: rosidl_typesupport_fastrtps_c;rosidl_typesupport_introspection_c
-- Using all available rosidl_typesupport_cpp: rosidl_typesupport_fastrtps_cpp;rosidl_typesupport_introspection_cpp
-- Found rmw_implementation_cmake: 6.1.2 (/opt/ros/humble/share/rmw_implementation_cmake/cmake)
-- Found rmw_fastrtps_cpp: 6.2.7 (/opt/ros/humble/share/rmw_fastrtps_cpp/cmake)
-- Using RMW implementation 'rmw_fastrtps_cpp' as default
-- Found cg_msgs: 0.0.0 (/home/williamfbx/Lunar-ROADSTER/lr_ws/install/cg_msgs/share/cg_msgs/cmake)
-- Found mapping: 0.0.0 (/home/williamfbx/Lunar-ROADSTER/lr_ws/install/mapping/share/mapping/cmake)
-- Found nav_msgs: 4.2.4 (/opt/ros/humble/share/nav_msgs/cmake)
-- Found tf2_ros: 0.25.12 (/opt/ros/humble/share/tf2_ros/cmake)
-- Configuring done
-- Generating done
-- Build files have been written to: /home/williamfbx/Lunar-ROADSTER/lr_ws/build/planning
[35m[1mConsolidate compiler generated dependencies of target behavior_executive_node[0m
[ 18%] [32mBuilding CXX object CMakeFiles/behavior_executive_node.dir/src/planning_util.cpp.o[0m
[ 18%] [32mBuilding CXX object CMakeFiles/behavior_executive_node.dir/src/fsm/fsm.cpp.o[0m
[ 18%] [32mBuilding CXX object CMakeFiles/behavior_executive_node.dir/src/fsm/ready.cpp.o[0m
[ 31%] [32mBuilding CXX object CMakeFiles/behavior_executive_node.dir/src/behavior_executive_main.cpp.o[0m
[ 31%] [32mBuilding CXX object CMakeFiles/behavior_executive_node.dir/src/fsm/site_work_done.cpp.o[0m
[ 43%] [32mBuilding CXX object CMakeFiles/behavior_executive_node.dir/src/fsm/get_transport_goals.cpp.o[0m
[ 43%] [32mBuilding CXX object CMakeFiles/behavior_executive_node.dir/src/behavior_executive_node.cpp.o[0m
[ 50%] [32mBuilding CXX object CMakeFiles/behavior_executive_node.dir/src/fsm/plan_transport.cpp.o[0m
[ 56%] [32mBuilding CXX object CMakeFiles/behavior_executive_node.dir/src/fsm/goals_remaining.cpp.o[0m
[ 62%] [32mBuilding CXX object CMakeFiles/behavior_executive_node.dir/src/fsm/get_worksystem_trajectory.cpp.o[0m
[ 68%] [32mBuilding CXX object CMakeFiles/behavior_executive_node.dir/src/fsm/update_map.cpp.o[0m
[ 75%] [32mBuilding CXX object CMakeFiles/behavior_executive_node.dir/src/fsm/map_explored.cpp.o[0m
[ 81%] [32mBuilding CXX object CMakeFiles/behavior_executive_node.dir/src/fsm/following_trajectory.cpp.o[0m
[ 87%] [32mBuilding CXX object CMakeFiles/behavior_executive_node.dir/src/fsm/end_mission.cpp.o[0m
[ 93%] [32mBuilding CXX object CMakeFiles/behavior_executive_node.dir/src/fsm/stopped.cpp.o[0m
[01m[K/home/williamfbx/Lunar-ROADSTER/lr_ws/src/planning/src/behavior_executive_node.cpp:[m[K In member function â€˜[01m[Kvoid cg::planning::BehaviorExecutive::generateZeroMapCsv()[m[Kâ€™:
[01m[K/home/williamfbx/Lunar-ROADSTER/lr_ws/src/planning/src/behavior_executive_node.cpp:243:43:[m[K [01;31m[Kerror: [m[Kâ€˜[01m[KMAPPING_SOURCE_DIR[m[Kâ€™ was not declared in this scope; did you mean â€˜[01m[KPLANNING_SOURCE_DIR[m[Kâ€™?
  243 |   std::string full_filepath = std::string([01;31m[KMAPPING_SOURCE_DIR[m[K) + base_dir + "/zeros_height_map.csv";
      |                                           [01;31m[K^~~~~~~~~~~~~~~~~~[m[K
      |                                           [32m[KPLANNING_SOURCE_DIR[m[K
gmake[2]: *** [CMakeFiles/behavior_executive_node.dir/build.make:90: CMakeFiles/behavior_executive_node.dir/src/behavior_executive_node.cpp.o] Error 1
gmake[1]: *** [CMakeFiles/Makefile2:137: CMakeFiles/behavior_executive_node.dir/all] Error 2
gmake: *** [Makefile:146: all] Error 2
