[0.016s] Invoking command in '/home/williamfbx/Lunar-ROADSTER/lr_ws/build/kindr_msgs': CMAKE_PREFIX_PATH=${CMAKE_PREFIX_PATH}:/opt/ros/humble /usr/bin/cmake /home/williamfbx/Lunar-ROADSTER/lr_ws/src/drivers/kindr_ros/kindr_msgs -DCMAKE_INSTALL_PREFIX=/home/williamfbx/Lunar-ROADSTER/lr_ws/install/kindr_msgs
[0.070s] -- The C compiler identification is GNU 11.4.0
[0.115s] -- The CXX compiler identification is GNU 11.4.0
[0.118s] -- Detecting C compiler ABI info
[0.183s] -- Detecting C compiler ABI info - done
[0.191s] -- Check for working C compiler: /usr/bin/cc - skipped
[0.192s] -- Detecting C compile features
[0.193s] -- Detecting C compile features - done
[0.197s] -- Detecting CXX compiler ABI info
[0.258s] -- Detecting CXX compiler ABI info - done
[0.263s] -- Check for working CXX compiler: /usr/bin/c++ - skipped
[0.263s] -- Detecting CXX compile features
[0.264s] -- Detecting CXX compile features - done
[0.270s] -- Found ament_cmake_auto: 1.3.11 (/opt/ros/humble/share/ament_cmake_auto/cmake)
[0.421s] -- Found Python3: /usr/bin/python3 (found version "3.10.12") found components: Interpreter 
[0.556s] -- Using all available rosidl_typesupport_c: rosidl_typesupport_fastrtps_c;rosidl_typesupport_introspection_c
[0.560s] -- Found rosidl_adapter: 3.1.6 (/opt/ros/humble/share/rosidl_adapter/cmake)
[0.594s] -- Using all available rosidl_typesupport_cpp: rosidl_typesupport_fastrtps_cpp;rosidl_typesupport_introspection_cpp
[0.798s] -- Found ament_cmake_cppcheck: 0.12.11 (/opt/ros/humble/share/ament_cmake_cppcheck/cmake)
[0.801s] -- Found ament_cmake_cpplint: 0.12.11 (/opt/ros/humble/share/ament_cmake_cpplint/cmake)
[0.806s] -- Found ament_cmake_uncrustify: 0.12.11 (/opt/ros/humble/share/ament_cmake_uncrustify/cmake)
[0.812s] -- Found ament_cmake_ros: 0.10.0 (/opt/ros/humble/share/ament_cmake_ros/cmake)
[0.984s] -- Using all available rosidl_typesupport_c: rosidl_typesupport_fastrtps_c;rosidl_typesupport_introspection_c
[1.197s] -- Using all available rosidl_typesupport_cpp: rosidl_typesupport_fastrtps_cpp;rosidl_typesupport_introspection_cpp
[1.223s] -- Found PythonInterp: /usr/bin/python3 (found suitable version "3.10.12", minimum required is "3.6") 
[1.225s] -- Found python_cmake_module: 0.10.0 (/opt/ros/humble/share/python_cmake_module/cmake)
[1.246s] -- Found PythonLibs: /usr/lib/x86_64-linux-gnu/libpython3.10.so (found suitable version "3.10.12", minimum required is "3.5") 
[1.246s] -- Using PYTHON_EXECUTABLE: /usr/bin/python3
[1.246s] -- Using PYTHON_INCLUDE_DIRS: /usr/include/python3.10
[1.246s] -- Using PYTHON_LIBRARIES: /usr/lib/x86_64-linux-gnu/libpython3.10.so
[1.270s] -- Found PythonExtra: .so  
[1.299s] -- Found ament_cmake_flake8: 0.12.11 (/opt/ros/humble/share/ament_cmake_flake8/cmake)
[1.301s] -- Found ament_cmake_pep257: 0.12.11 (/opt/ros/humble/share/ament_cmake_pep257/cmake)
[1.304s] -- Found ament_lint_auto: 0.12.11 (/opt/ros/humble/share/ament_lint_auto/cmake)
[1.309s] -- Configuring done
[1.324s] -- Generating done
[1.331s] -- Build files have been written to: /home/williamfbx/Lunar-ROADSTER/lr_ws/build/kindr_msgs
[1.338s] Invoked command in '/home/williamfbx/Lunar-ROADSTER/lr_ws/build/kindr_msgs' returned '0': CMAKE_PREFIX_PATH=${CMAKE_PREFIX_PATH}:/opt/ros/humble /usr/bin/cmake /home/williamfbx/Lunar-ROADSTER/lr_ws/src/drivers/kindr_ros/kindr_msgs -DCMAKE_INSTALL_PREFIX=/home/williamfbx/Lunar-ROADSTER/lr_ws/install/kindr_msgs
[1.338s] Invoking command in '/home/williamfbx/Lunar-ROADSTER/lr_ws/build/kindr_msgs': CMAKE_PREFIX_PATH=${CMAKE_PREFIX_PATH}:/opt/ros/humble /usr/bin/cmake --build /home/williamfbx/Lunar-ROADSTER/lr_ws/build/kindr_msgs -- -j12 -l12
[1.382s] [  3%] [34m[1mGenerating C code for ROS interfaces[0m
[1.391s] [  3%] Built target ament_cmake_python_copy_kindr_msgs
[1.395s] [  6%] [34m[1mGenerating C++ code for ROS interfaces[0m
[1.540s] running egg_info
[1.540s] creating kindr_msgs.egg-info
[1.540s] writing kindr_msgs.egg-info/PKG-INFO
[1.540s] writing dependency_links to kindr_msgs.egg-info/dependency_links.txt
[1.540s] writing top-level names to kindr_msgs.egg-info/top_level.txt
[1.541s] writing manifest file 'kindr_msgs.egg-info/SOURCES.txt'
[1.542s] reading manifest file 'kindr_msgs.egg-info/SOURCES.txt'
[1.542s] writing manifest file 'kindr_msgs.egg-info/SOURCES.txt'
[1.566s] [  6%] Built target ament_cmake_python_build_kindr_msgs_egg
[1.615s] [  9%] [32mBuilding C object CMakeFiles/kindr_msgs__rosidl_generator_c.dir/rosidl_generator_c/kindr_msgs/msg/detail/vector_at_position__functions.c.o[0m
[1.623s] In file included from [01m[K/home/williamfbx/Lunar-ROADSTER/lr_ws/build/kindr_msgs/rosidl_generator_c/kindr_msgs/msg/detail/vector_at_position__functions.h:19[m[K,
[1.624s]                  from [01m[K/home/williamfbx/Lunar-ROADSTER/lr_ws/build/kindr_msgs/rosidl_generator_c/kindr_msgs/msg/detail/vector_at_position__functions.c:4[m[K:
[1.624s] [01m[K/home/williamfbx/Lunar-ROADSTER/lr_ws/build/kindr_msgs/rosidl_generator_c/kindr_msgs/msg/detail/vector_at_position__struct.h:94:10:[m[K [01;31m[Kfatal error: [m[Kstd_msgs/msg/detail/header__struct.h: No such file or directory
[1.624s]    94 | #include [01;31m[K"std_msgs/msg/detail/header__struct.h"[m[K
[1.624s]       |          [01;31m[K^~~~~~~~~~~~~~~~~~~~~~~~~~~~~~~~~~~~~~[m[K
[1.624s] compilation terminated.
[1.624s] gmake[2]: *** [CMakeFiles/kindr_msgs__rosidl_generator_c.dir/build.make:105: CMakeFiles/kindr_msgs__rosidl_generator_c.dir/rosidl_generator_c/kindr_msgs/msg/detail/vector_at_position__functions.c.o] Error 1
[1.625s] gmake[1]: *** [CMakeFiles/Makefile2:213: CMakeFiles/kindr_msgs__rosidl_generator_c.dir/all] Error 2
[1.625s] gmake[1]: *** Waiting for unfinished jobs....
[1.629s] [  9%] Built target kindr_msgs__cpp
[1.630s] gmake: *** [Makefile:146: all] Error 2
[1.632s] Invoked command in '/home/williamfbx/Lunar-ROADSTER/lr_ws/build/kindr_msgs' returned '2': CMAKE_PREFIX_PATH=${CMAKE_PREFIX_PATH}:/opt/ros/humble /usr/bin/cmake --build /home/williamfbx/Lunar-ROADSTER/lr_ws/build/kindr_msgs -- -j12 -l12
