[35m[1mConsolidate compiler generated dependencies of target kalman_filter_linear[0m
[35m[1mConsolidate compiler generated dependencies of target imu_tf_publisher[0m
[ 18%] [32mBuilding CXX object CMakeFiles/ts_prism_transformer.dir/src/ts_prism_transformer.cpp.o[0m
[ 18%] [32mBuilding CXX object CMakeFiles/ts_prism_transformer.dir/src/ts_prism_transformer_main.cpp.o[0m
[ 36%] Built target kalman_filter_linear
[ 63%] Built target imu_tf_publisher
[ 72%] [32mBuilding CXX object CMakeFiles/slip_estimate_node.dir/src/slip_estimate_node.cpp.o[0m
[ 81%] [32mBuilding CXX object CMakeFiles/slip_estimate_node.dir/src/slip_estimate_main.cpp.o[0m
In file included from [01m[K/root/Lunar_ROADSTER/lr_ws/src/localization/src/ts_prism_transformer.cpp:42[m[K:
[01m[K/root/Lunar_ROADSTER/lr_ws/src/localization/include/localization/ts_prism_transformer.hpp:15:10:[m[K [01;31m[Kfatal error: [m[Klr_msgs/msg/rover_command.hpp: No such file or directory
   15 | #include [01;31m[K"lr_msgs/msg/rover_command.hpp"[m[K
      |          [01;31m[K^~~~~~~~~~~~~~~~~~~~~~~~~~~~~~~[m[K
In file included from [01m[K/root/Lunar_ROADSTER/lr_ws/src/localization/src/ts_prism_transformer_main.cpp:3[m[K:
[01m[K/root/Lunar_ROADSTER/lr_ws/src/localization/include/localization/ts_prism_transformer.hpp:15:10:[m[K [01;31m[Kfatal error: [m[Klr_msgs/msg/rover_command.hpp: No such file or directory
   15 | #include [01;31m[K"lr_msgs/msg/rover_command.hpp"[m[K
      |          [01;31m[K^~~~~~~~~~~~~~~~~~~~~~~~~~~~~~~[m[K
compilation terminated.
compilation terminated.
gmake[2]: *** [CMakeFiles/ts_prism_transformer.dir/build.make:90: CMakeFiles/ts_prism_transformer.dir/src/ts_prism_transformer.cpp.o] Error 1
gmake[2]: *** Waiting for unfinished jobs....
gmake[2]: *** [CMakeFiles/ts_prism_transformer.dir/build.make:76: CMakeFiles/ts_prism_transformer.dir/src/ts_prism_transformer_main.cpp.o] Error 1
gmake[1]: *** [CMakeFiles/Makefile2:195: CMakeFiles/ts_prism_transformer.dir/all] Error 2
gmake[1]: *** Waiting for unfinished jobs....
[ 90%] [32m[1mLinking CXX executable slip_estimate_node[0m
[ 90%] Built target slip_estimate_node
gmake: *** [Makefile:146: all] Error 2
